Copyright 1986-2022 Xilinx, Inc. All Rights Reserved. Copyright 2022-2023 Advanced Micro Devices, Inc. All Rights Reserved.
---------------------------------------------------------------------------------------------------------------------------------------------------------------
| Tool Version : Vivado v.2023.2 (lin64) Build 4029153 Fri Oct 13 20:13:54 MDT 2023
| Date         : Mon Mar  3 10:23:39 2025
| Host         : vitis2 running 64-bit Ubuntu 20.04.6 LTS
| Command      : report_accelerator_utilization -kernels { func:level0_i/ulp/func_1/inst:func_1} -file kernel_util_synthed.rpt -name kernel_util_synthed -json
| Design       : level0_wrapper
| Device       : xcu55c
| Design State : Synthesized
---------------------------------------------------------------------------------------------------------------------------------------------------------------

Accelerator Utilization Design Information

Table of Contents
-----------------
1. System Utilization

1. System Utilization
---------------------

+---------------------+-------------------+------------------+-------------------+----------------+---------------+----------------+
| Name                | LUT               | LUTAsMem         | REG               | BRAM           | URAM          | DSP            |
+---------------------+-------------------+------------------+-------------------+----------------+---------------+----------------+
| Platform            |  135588 [ 10.40%] |   9872 [  1.64%] |  166454 [  6.38%] |  198 [  9.82%] |   0 [  0.00%] |    4 [  0.04%] |
| User Budget         | 1168092 [100.00%] | 591088 [100.00%] | 2440906 [100.00%] | 1818 [100.00%] | 960 [100.00%] | 9020 [100.00%] |
|    Used Resources   |    2509 [  0.21%] |    581 [  0.10%] |    3223 [  0.13%] |    1 [  0.06%] |   0 [  0.00%] |    1 [  0.01%] |
|    Unused Resources | 1165583 [ 99.79%] | 590507 [ 99.90%] | 2437683 [ 99.87%] | 1817 [ 99.94%] | 960 [100.00%] | 9019 [ 99.99%] |
| func                |    2509 [  0.21%] |    581 [  0.10%] |    3223 [  0.13%] |    1 [  0.06%] |   0 [  0.00%] |    1 [  0.01%] |
|    func_1           |    2509 [  0.21%] |    581 [  0.10%] |    3223 [  0.13%] |    1 [  0.06%] |   0 [  0.00%] |    1 [  0.01%] |
+---------------------+-------------------+------------------+-------------------+----------------+---------------+----------------+


