/home/giuspru/HLS/tutorial-2023/prova/proj/solution/.autopilot/db/func.pp.0.cc:1315:7: warning: Added loop label VITIS_LOOP_1207_1:   [xilinx-label-all-loops]
      for (i = 0; i < __N - 1; ++i) {
      ^~~
      VITIS_LOOP_1207_1: 
/home/giuspru/HLS/tutorial-2023/prova/proj/solution/.autopilot/db/func.pp.0.cc:1315:7: note: FIX-IT applied suggested code changes
/home/giuspru/HLS/tutorial-2023/prova/proj/solution/.autopilot/db/func.pp.0.cc:2289:5: warning: Added loop label VITIS_LOOP_676_1:   [xilinx-label-all-loops]
    for (unsigned i = low; i != high; ++i) {
    ^~~
    VITIS_LOOP_676_1: 
/home/giuspru/HLS/tutorial-2023/prova/proj/solution/.autopilot/db/func.pp.0.cc:2289:5: note: FIX-IT applied suggested code changes
/home/giuspru/HLS/tutorial-2023/prova/proj/solution/.autopilot/db/func.pp.0.cc:2303:5: warning: Added loop label VITIS_LOOP_690_1:   [xilinx-label-all-loops]
    for (unsigned i = low; i != high; ++i) {
    ^~~
    VITIS_LOOP_690_1: 
/home/giuspru/HLS/tutorial-2023/prova/proj/solution/.autopilot/db/func.pp.0.cc:2303:5: note: FIX-IT applied suggested code changes
/home/giuspru/HLS/tutorial-2023/prova/proj/solution/.autopilot/db/func.pp.0.cc:2317:5: warning: Added loop label VITIS_LOOP_704_1:   [xilinx-label-all-loops]
    for (unsigned i = low; i != high; ++i) {
    ^~~
    VITIS_LOOP_704_1: 
/home/giuspru/HLS/tutorial-2023/prova/proj/solution/.autopilot/db/func.pp.0.cc:2317:5: note: FIX-IT applied suggested code changes
/home/giuspru/HLS/tutorial-2023/prova/proj/solution/.autopilot/db/func.pp.0.cc:3946:7: warning: Added loop label VITIS_LOOP_1247_1:   [xilinx-label-all-loops]
      for (i = 0; i < __N - 1; ++i) {
      ^~~
      VITIS_LOOP_1247_1: 
/home/giuspru/HLS/tutorial-2023/prova/proj/solution/.autopilot/db/func.pp.0.cc:3946:7: note: FIX-IT applied suggested code changes
/home/giuspru/HLS/tutorial-2023/prova/proj/solution/.autopilot/db/func.pp.0.cc:5733:2: warning: Added loop label VITIS_LOOP_7_1:   [xilinx-label-all-loops]
 for(int i = 0; i < N; i++){
 ^~~
 VITIS_LOOP_7_1: 
/home/giuspru/HLS/tutorial-2023/prova/proj/solution/.autopilot/db/func.pp.0.cc:5733:2: note: FIX-IT applied suggested code changes
