

================================================================
== Vitis HLS Report for 'func'
================================================================
* Date:           Fri Nov 22 12:15:03 2024

* Version:        2023.2 (Build 4023990 on Oct 11 2023)
* Project:        proj
* Solution:       solution (Vitis Kernel Flow Target)
* Product family: virtexuplusHBM
* Target device:  xcu55c-fsvh2892-2L-e


================================================================
== Performance Estimates
================================================================
+ Timing: 
    * Summary: 
    +--------+---------+----------+------------+
    |  Clock |  Target | Estimated| Uncertainty|
    +--------+---------+----------+------------+
    |ap_clk  |  2.78 ns|  2.027 ns|     0.75 ns|
    +--------+---------+----------+------------+

+ Latency: 
    * Summary: 
    +---------+---------+----------+----------+-----+-----+---------+
    |  Latency (cycles) |  Latency (absolute) |  Interval | Pipeline|
    |   min   |   max   |    min   |    max   | min | max |   Type  |
    +---------+---------+----------+----------+-----+-----+---------+
    |        ?|        ?|         ?|         ?|    ?|    ?|       no|
    +---------+---------+----------+----------+-----+-----+---------+

    + Detail: 
        * Instance: 
        N/A

        * Loop: 
        +------------------+---------+---------+----------+-----------+-----------+------+----------+
        |                  |  Latency (cycles) | Iteration|  Initiation Interval  | Trip |          |
        |     Loop Name    |   min   |   max   |  Latency |  achieved |   target  | Count| Pipelined|
        +------------------+---------+---------+----------+-----------+-----------+------+----------+
        |- VITIS_LOOP_7_1  |        ?|        ?|       145|          2|          1|     ?|       yes|
        +------------------+---------+---------+----------+-----------+-----------+------+----------+



================================================================
== Utilization Estimates
================================================================
* Summary: 
+---------------------+---------+------+---------+---------+-----+
|         Name        | BRAM_18K|  DSP |    FF   |   LUT   | URAM|
+---------------------+---------+------+---------+---------+-----+
|DSP                  |        -|     -|        -|        -|    -|
|Expression           |        -|     -|        0|      459|    -|
|FIFO                 |        -|     -|        -|        -|    -|
|Instance             |        2|     1|      980|     1213|    0|
|Memory               |        -|     -|        -|        -|    -|
|Multiplexer          |        -|     -|        -|      112|    -|
|Register             |        -|     -|      760|       96|    -|
+---------------------+---------+------+---------+---------+-----+
|Total                |        2|     1|     1740|     1880|    0|
+---------------------+---------+------+---------+---------+-----+
|Available SLR        |     1344|  3008|   869120|   434560|  320|
+---------------------+---------+------+---------+---------+-----+
|Utilization SLR (%)  |       ~0|    ~0|       ~0|       ~0|    0|
+---------------------+---------+------+---------+---------+-----+
|Available            |     4032|  9024|  2607360|  1303680|  960|
+---------------------+---------+------+---------+---------+-----+
|Utilization (%)      |       ~0|    ~0|       ~0|       ~0|    0|
+---------------------+---------+------+---------+---------+-----+

+ Detail: 
    * Instance: 
    +-----------------------+--------------------+---------+----+-----+-----+-----+
    |        Instance       |       Module       | BRAM_18K| DSP|  FF | LUT | URAM|
    +-----------------------+--------------------+---------+----+-----+-----+-----+
    |control_s_axi_U        |control_s_axi       |        0|   0|  284|  488|    0|
    |gmem_m_axi_U           |gmem_m_axi          |        2|   0|  696|  720|    0|
    |mul_16s_16s_32_1_1_U1  |mul_16s_16s_32_1_1  |        0|   1|    0|    5|    0|
    +-----------------------+--------------------+---------+----+-----+-----+-----+
    |Total                  |                    |        2|   1|  980| 1213|    0|
    +-----------------------+--------------------+---------+----+-----+-----+-----+

    * DSP: 
    N/A

    * Memory: 
    N/A

    * FIFO: 
    N/A

    * Expression: 
    +-------------------------------------+----------+----+---+----+------------+------------+
    |            Variable Name            | Operation| DSP| FF| LUT| Bitwidth P0| Bitwidth P1|
    +-------------------------------------+----------+----+---+----+------------+------------+
    |add_ln7_fu_207_p2                    |         +|   0|  0|  39|          32|           1|
    |add_ln9_1_fu_254_p2                  |         +|   0|  0|  71|          64|          64|
    |add_ln9_fu_225_p2                    |         +|   0|  0|  71|          64|          64|
    |ap_block_state146_pp0_stage0_iter72  |       and|   0|  0|   2|           1|           1|
    |ap_predicate_op194_writereq_state3   |       and|   0|  0|   2|           1|           1|
    |icmp_ln7_1_fu_283_p2                 |      icmp|   0|  0|  39|          32|          32|
    |icmp_ln7_fu_202_p2                   |      icmp|   0|  0|  39|          32|          32|
    |lshr_ln9_1_fu_324_p2                 |      lshr|   0|  0|  92|          32|          32|
    |lshr_ln9_fu_304_p2                   |      lshr|   0|  0|  92|          32|          32|
    |ap_block_pp0_stage0_01001            |        or|   0|  0|   2|           1|           1|
    |ap_block_pp0_stage0_11001            |        or|   0|  0|   2|           1|           1|
    |ap_block_pp0_stage1_11001            |        or|   0|  0|   2|           1|           1|
    |ap_block_state1                      |        or|   0|  0|   2|           1|           1|
    |ap_block_state3_io                   |        or|   0|  0|   2|           1|           1|
    |ap_enable_pp0                        |       xor|   0|  0|   2|           1|           2|
    +-------------------------------------+----------+----+---+----+------------+------------+
    |Total                                |          |   0|  0| 459|         296|         266|
    +-------------------------------------+----------+----+---+----+------------+------------+

    * Multiplexer: 
    +--------------------------+----+-----------+-----+-----------+
    |           Name           | LUT| Input Size| Bits| Total Bits|
    +--------------------------+----+-----------+-----+-----------+
    |ap_NS_fsm                 |  26|          5|    1|          5|
    |ap_done                   |   9|          2|    1|          2|
    |ap_enable_reg_pp0_iter72  |   9|          2|    1|          2|
    |gmem_ARADDR               |  14|          3|   64|        192|
    |gmem_blk_n_AR             |   9|          2|    1|          2|
    |gmem_blk_n_AW             |   9|          2|    1|          2|
    |gmem_blk_n_B              |   9|          2|    1|          2|
    |gmem_blk_n_R              |   9|          2|    1|          2|
    |gmem_blk_n_W              |   9|          2|    1|          2|
    |i_fu_94                   |   9|          2|   32|         64|
    +--------------------------+----+-----------+-----+-----------+
    |Total                     | 112|         24|  104|        275|
    +--------------------------+----+-----------+-----+-----------+

    * Register: 
    +--------------------------+----+----+-----+-----------+
    |           Name           | FF | LUT| Bits| Const Bits|
    +--------------------------+----+----+-----+-----------+
    |ap_CS_fsm                 |   4|   0|    4|          0|
    |ap_done_reg               |   1|   0|    1|          0|
    |ap_enable_reg_pp0_iter0   |   1|   0|    1|          0|
    |ap_enable_reg_pp0_iter1   |   1|   0|    1|          0|
    |ap_enable_reg_pp0_iter10  |   1|   0|    1|          0|
    |ap_enable_reg_pp0_iter11  |   1|   0|    1|          0|
    |ap_enable_reg_pp0_iter12  |   1|   0|    1|          0|
    |ap_enable_reg_pp0_iter13  |   1|   0|    1|          0|
    |ap_enable_reg_pp0_iter14  |   1|   0|    1|          0|
    |ap_enable_reg_pp0_iter15  |   1|   0|    1|          0|
    |ap_enable_reg_pp0_iter16  |   1|   0|    1|          0|
    |ap_enable_reg_pp0_iter17  |   1|   0|    1|          0|
    |ap_enable_reg_pp0_iter18  |   1|   0|    1|          0|
    |ap_enable_reg_pp0_iter19  |   1|   0|    1|          0|
    |ap_enable_reg_pp0_iter2   |   1|   0|    1|          0|
    |ap_enable_reg_pp0_iter20  |   1|   0|    1|          0|
    |ap_enable_reg_pp0_iter21  |   1|   0|    1|          0|
    |ap_enable_reg_pp0_iter22  |   1|   0|    1|          0|
    |ap_enable_reg_pp0_iter23  |   1|   0|    1|          0|
    |ap_enable_reg_pp0_iter24  |   1|   0|    1|          0|
    |ap_enable_reg_pp0_iter25  |   1|   0|    1|          0|
    |ap_enable_reg_pp0_iter26  |   1|   0|    1|          0|
    |ap_enable_reg_pp0_iter27  |   1|   0|    1|          0|
    |ap_enable_reg_pp0_iter28  |   1|   0|    1|          0|
    |ap_enable_reg_pp0_iter29  |   1|   0|    1|          0|
    |ap_enable_reg_pp0_iter3   |   1|   0|    1|          0|
    |ap_enable_reg_pp0_iter30  |   1|   0|    1|          0|
    |ap_enable_reg_pp0_iter31  |   1|   0|    1|          0|
    |ap_enable_reg_pp0_iter32  |   1|   0|    1|          0|
    |ap_enable_reg_pp0_iter33  |   1|   0|    1|          0|
    |ap_enable_reg_pp0_iter34  |   1|   0|    1|          0|
    |ap_enable_reg_pp0_iter35  |   1|   0|    1|          0|
    |ap_enable_reg_pp0_iter36  |   1|   0|    1|          0|
    |ap_enable_reg_pp0_iter37  |   1|   0|    1|          0|
    |ap_enable_reg_pp0_iter38  |   1|   0|    1|          0|
    |ap_enable_reg_pp0_iter39  |   1|   0|    1|          0|
    |ap_enable_reg_pp0_iter4   |   1|   0|    1|          0|
    |ap_enable_reg_pp0_iter40  |   1|   0|    1|          0|
    |ap_enable_reg_pp0_iter41  |   1|   0|    1|          0|
    |ap_enable_reg_pp0_iter42  |   1|   0|    1|          0|
    |ap_enable_reg_pp0_iter43  |   1|   0|    1|          0|
    |ap_enable_reg_pp0_iter44  |   1|   0|    1|          0|
    |ap_enable_reg_pp0_iter45  |   1|   0|    1|          0|
    |ap_enable_reg_pp0_iter46  |   1|   0|    1|          0|
    |ap_enable_reg_pp0_iter47  |   1|   0|    1|          0|
    |ap_enable_reg_pp0_iter48  |   1|   0|    1|          0|
    |ap_enable_reg_pp0_iter49  |   1|   0|    1|          0|
    |ap_enable_reg_pp0_iter5   |   1|   0|    1|          0|
    |ap_enable_reg_pp0_iter50  |   1|   0|    1|          0|
    |ap_enable_reg_pp0_iter51  |   1|   0|    1|          0|
    |ap_enable_reg_pp0_iter52  |   1|   0|    1|          0|
    |ap_enable_reg_pp0_iter53  |   1|   0|    1|          0|
    |ap_enable_reg_pp0_iter54  |   1|   0|    1|          0|
    |ap_enable_reg_pp0_iter55  |   1|   0|    1|          0|
    |ap_enable_reg_pp0_iter56  |   1|   0|    1|          0|
    |ap_enable_reg_pp0_iter57  |   1|   0|    1|          0|
    |ap_enable_reg_pp0_iter58  |   1|   0|    1|          0|
    |ap_enable_reg_pp0_iter59  |   1|   0|    1|          0|
    |ap_enable_reg_pp0_iter6   |   1|   0|    1|          0|
    |ap_enable_reg_pp0_iter60  |   1|   0|    1|          0|
    |ap_enable_reg_pp0_iter61  |   1|   0|    1|          0|
    |ap_enable_reg_pp0_iter62  |   1|   0|    1|          0|
    |ap_enable_reg_pp0_iter63  |   1|   0|    1|          0|
    |ap_enable_reg_pp0_iter64  |   1|   0|    1|          0|
    |ap_enable_reg_pp0_iter65  |   1|   0|    1|          0|
    |ap_enable_reg_pp0_iter66  |   1|   0|    1|          0|
    |ap_enable_reg_pp0_iter67  |   1|   0|    1|          0|
    |ap_enable_reg_pp0_iter68  |   1|   0|    1|          0|
    |ap_enable_reg_pp0_iter69  |   1|   0|    1|          0|
    |ap_enable_reg_pp0_iter7   |   1|   0|    1|          0|
    |ap_enable_reg_pp0_iter70  |   1|   0|    1|          0|
    |ap_enable_reg_pp0_iter71  |   1|   0|    1|          0|
    |ap_enable_reg_pp0_iter72  |   1|   0|    1|          0|
    |ap_enable_reg_pp0_iter8   |   1|   0|    1|          0|
    |ap_enable_reg_pp0_iter9   |   1|   0|    1|          0|
    |ap_rst_n_inv              |   1|   0|    1|          0|
    |ap_rst_reg_1              |   1|   0|    1|          0|
    |ap_rst_reg_2              |   1|   0|    1|          0|
    |first_iter_0_reg_161      |   1|   0|    1|          0|
    |gmem_addr_1_read_reg_405  |  32|   0|   32|          0|
    |gmem_addr_1_reg_379       |  64|   0|   64|          0|
    |gmem_addr_2_read_reg_415  |  32|   0|   32|          0|
    |gmem_addr_2_reg_390       |  64|   0|   64|          0|
    |gmem_addr_reg_369         |  64|   0|   64|          0|
    |i_fu_94                   |  32|   0|   32|          0|
    |icmp_ln7_1_reg_401        |   1|   0|    1|          0|
    |icmp_ln7_reg_375          |   1|   0|    1|          0|
    |mul_ln9_reg_425           |  32|   0|   32|          0|
    |trunc_ln9_1_reg_410       |  16|   0|   16|          0|
    |trunc_ln9_2_reg_396       |   2|   0|    2|          0|
    |trunc_ln9_3_reg_420       |  16|   0|   16|          0|
    |trunc_ln9_reg_385         |   2|   0|    2|          0|
    |x_read_reg_357            |  64|   0|   64|          0|
    |y_read_reg_352            |  64|   0|   64|          0|
    |icmp_ln7_1_reg_401        |  64|  32|    1|          0|
    |trunc_ln9_2_reg_396       |  64|  32|    2|          0|
    |trunc_ln9_reg_385         |  64|  32|    2|          0|
    +--------------------------+----+----+-----+-----------+
    |Total                     | 760|  96|  573|          0|
    +--------------------------+----+----+-----+-----------+



================================================================
== Interface
================================================================
* Summary: 
+-----------------------+-----+-----+---------------+--------------+--------------+
|       RTL Ports       | Dir | Bits|    Protocol   | Source Object|    C Type    |
+-----------------------+-----+-----+---------------+--------------+--------------+
|s_axi_control_AWVALID  |   in|    1|          s_axi|       control|        scalar|
|s_axi_control_AWREADY  |  out|    1|          s_axi|       control|        scalar|
|s_axi_control_AWADDR   |   in|    6|          s_axi|       control|        scalar|
|s_axi_control_WVALID   |   in|    1|          s_axi|       control|        scalar|
|s_axi_control_WREADY   |  out|    1|          s_axi|       control|        scalar|
|s_axi_control_WDATA    |   in|   32|          s_axi|       control|        scalar|
|s_axi_control_WSTRB    |   in|    4|          s_axi|       control|        scalar|
|s_axi_control_ARVALID  |   in|    1|          s_axi|       control|        scalar|
|s_axi_control_ARREADY  |  out|    1|          s_axi|       control|        scalar|
|s_axi_control_ARADDR   |   in|    6|          s_axi|       control|        scalar|
|s_axi_control_RVALID   |  out|    1|          s_axi|       control|        scalar|
|s_axi_control_RREADY   |   in|    1|          s_axi|       control|        scalar|
|s_axi_control_RDATA    |  out|   32|          s_axi|       control|        scalar|
|s_axi_control_RRESP    |  out|    2|          s_axi|       control|        scalar|
|s_axi_control_BVALID   |  out|    1|          s_axi|       control|        scalar|
|s_axi_control_BREADY   |   in|    1|          s_axi|       control|        scalar|
|s_axi_control_BRESP    |  out|    2|          s_axi|       control|        scalar|
|ap_clk                 |   in|    1|  ap_ctrl_chain|          func|  return value|
|ap_rst_n               |   in|    1|  ap_ctrl_chain|          func|  return value|
|interrupt              |  out|    1|  ap_ctrl_chain|          func|  return value|
|m_axi_gmem_AWVALID     |  out|    1|          m_axi|          gmem|       pointer|
|m_axi_gmem_AWREADY     |   in|    1|          m_axi|          gmem|       pointer|
|m_axi_gmem_AWADDR      |  out|   64|          m_axi|          gmem|       pointer|
|m_axi_gmem_AWID        |  out|    1|          m_axi|          gmem|       pointer|
|m_axi_gmem_AWLEN       |  out|    8|          m_axi|          gmem|       pointer|
|m_axi_gmem_AWSIZE      |  out|    3|          m_axi|          gmem|       pointer|
|m_axi_gmem_AWBURST     |  out|    2|          m_axi|          gmem|       pointer|
|m_axi_gmem_AWLOCK      |  out|    2|          m_axi|          gmem|       pointer|
|m_axi_gmem_AWCACHE     |  out|    4|          m_axi|          gmem|       pointer|
|m_axi_gmem_AWPROT      |  out|    3|          m_axi|          gmem|       pointer|
|m_axi_gmem_AWQOS       |  out|    4|          m_axi|          gmem|       pointer|
|m_axi_gmem_AWREGION    |  out|    4|          m_axi|          gmem|       pointer|
|m_axi_gmem_AWUSER      |  out|    1|          m_axi|          gmem|       pointer|
|m_axi_gmem_WVALID      |  out|    1|          m_axi|          gmem|       pointer|
|m_axi_gmem_WREADY      |   in|    1|          m_axi|          gmem|       pointer|
|m_axi_gmem_WDATA       |  out|   32|          m_axi|          gmem|       pointer|
|m_axi_gmem_WSTRB       |  out|    4|          m_axi|          gmem|       pointer|
|m_axi_gmem_WLAST       |  out|    1|          m_axi|          gmem|       pointer|
|m_axi_gmem_WID         |  out|    1|          m_axi|          gmem|       pointer|
|m_axi_gmem_WUSER       |  out|    1|          m_axi|          gmem|       pointer|
|m_axi_gmem_ARVALID     |  out|    1|          m_axi|          gmem|       pointer|
|m_axi_gmem_ARREADY     |   in|    1|          m_axi|          gmem|       pointer|
|m_axi_gmem_ARADDR      |  out|   64|          m_axi|          gmem|       pointer|
|m_axi_gmem_ARID        |  out|    1|          m_axi|          gmem|       pointer|
|m_axi_gmem_ARLEN       |  out|    8|          m_axi|          gmem|       pointer|
|m_axi_gmem_ARSIZE      |  out|    3|          m_axi|          gmem|       pointer|
|m_axi_gmem_ARBURST     |  out|    2|          m_axi|          gmem|       pointer|
|m_axi_gmem_ARLOCK      |  out|    2|          m_axi|          gmem|       pointer|
|m_axi_gmem_ARCACHE     |  out|    4|          m_axi|          gmem|       pointer|
|m_axi_gmem_ARPROT      |  out|    3|          m_axi|          gmem|       pointer|
|m_axi_gmem_ARQOS       |  out|    4|          m_axi|          gmem|       pointer|
|m_axi_gmem_ARREGION    |  out|    4|          m_axi|          gmem|       pointer|
|m_axi_gmem_ARUSER      |  out|    1|          m_axi|          gmem|       pointer|
|m_axi_gmem_RVALID      |   in|    1|          m_axi|          gmem|       pointer|
|m_axi_gmem_RREADY      |  out|    1|          m_axi|          gmem|       pointer|
|m_axi_gmem_RDATA       |   in|   32|          m_axi|          gmem|       pointer|
|m_axi_gmem_RLAST       |   in|    1|          m_axi|          gmem|       pointer|
|m_axi_gmem_RID         |   in|    1|          m_axi|          gmem|       pointer|
|m_axi_gmem_RUSER       |   in|    1|          m_axi|          gmem|       pointer|
|m_axi_gmem_RRESP       |   in|    2|          m_axi|          gmem|       pointer|
|m_axi_gmem_BVALID      |   in|    1|          m_axi|          gmem|       pointer|
|m_axi_gmem_BREADY      |  out|    1|          m_axi|          gmem|       pointer|
|m_axi_gmem_BRESP       |   in|    2|          m_axi|          gmem|       pointer|
|m_axi_gmem_BID         |   in|    1|          m_axi|          gmem|       pointer|
|m_axi_gmem_BUSER       |   in|    1|          m_axi|          gmem|       pointer|
+-----------------------+-----+-----+---------------+--------------+--------------+

