Mon Mar  3 09:45:07 2025: Running xcd server. This server was built by gradle.
Mon Mar  3 09:45:07 2025: Server was asked to start on port: '37993'
Mon Mar  3 09:45:07 2025: Server is using token UUID: 'e0071bc5-afae-4d77-80e3-ce6334c81ff1'
Mon Mar  3 09:45:07 2025: SESSION_MGR: creating session with session uuid: '6d04a3e9-ade5-4ab9-8d63-1f78fcd2ec76' and name 'default'
Mon Mar  3 09:45:07 2025: Attempting to start server on port '37993'
Mon Mar  3 09:45:07 2025: XCD main fifo: created main fifo '/tmp/xcdmaine0071bc5-afae-4d77-80e3-ce6334c81ff1', fd read = 12
Mon Mar  3 09:45:07 2025: Running Dispatch Server
Mon Mar  3 09:45:07 2025: Version 2.2.0
Mon Mar  3 09:45:08 2025: Dispatch Server: Accepted socket connection from client
Mon Mar  3 09:45:08 2025: Starting Socket connection
Mon Mar  3 09:45:08 2025: EXCHANGE_TOKEN received, server token: e0071bc5-afae-4d77-80e3-ce6334c81ff1, passed token: e0071bc5-afae-4d77-80e3-ce6334c81ff1
Mon Mar  3 09:45:08 2025: DISPATCH_HANDLER: Adding handler from function makeHandler in library libxv_system_diagram
Mon Mar  3 09:45:08 2025: SESSION_MGR: creating session with session uuid: 'ff6dd162-1d7c-4df1-8163-af8d1bedf454' and name 'v++_link_matmult'
Mon Mar  3 09:45:08 2025: KERNEL_SVC: creating session with uuid: 'ff6dd162-1d7c-4df1-8163-af8d1bedf454' and name 'v++_link_matmult'
Mon Mar  3 09:45:08 2025: GUIDANCE_SMGR: creating guidance session with uuid: 'ff6dd162-1d7c-4df1-8163-af8d1bedf454' and name 'v++_link_matmult'
Mon Mar  3 09:45:08 2025: SYSTEM_DIAGRAM: creating session with uuid: 'ff6dd162-1d7c-4df1-8163-af8d1bedf454' and name 'v++_link_matmult'
Mon Mar  3 09:45:37 2025: Dispatch Server: Accepted socket connection from client
Mon Mar  3 09:45:37 2025: Starting Socket connection
Mon Mar  3 09:45:46 2025: Dispatch Server: Accepted socket connection from client
Mon Mar  3 09:45:46 2025: Starting Socket connection
Mon Mar  3 09:48:03 2025: Dispatch Server: Accepted socket connection from client
Mon Mar  3 09:48:03 2025: Starting Socket connection
Mon Mar  3 09:48:03 2025: Dispatch Server: Accepted socket connection from client
Mon Mar  3 09:48:03 2025: Starting Socket connection
Mon Mar  3 09:48:03 2025: Dispatch Server: Accepted socket connection from client
Mon Mar  3 09:48:03 2025: Starting Socket connection
Mon Mar  3 09:48:03 2025: Dispatch Server: Accepted socket connection from client
Mon Mar  3 09:48:03 2025: Starting Socket connection
Mon Mar  3 09:49:10 2025: Dispatch Server: Accepted socket connection from client
Mon Mar  3 09:49:10 2025: Starting Socket connection
Mon Mar  3 09:49:16 2025: Dispatch Server: Accepted socket connection from client
Mon Mar  3 09:49:16 2025: Starting Socket connection
Mon Mar  3 09:49:16 2025: Dispatch Server: Accepted socket connection from client
Mon Mar  3 09:49:16 2025: Starting Socket connection
Mon Mar  3 09:49:16 2025: Dispatch Server: Accepted socket connection from client
Mon Mar  3 09:49:16 2025: Starting Socket connection
Mon Mar  3 09:49:38 2025: Dispatch Server: Accepted socket connection from client
Mon Mar  3 09:49:38 2025: Starting Socket connection
Mon Mar  3 09:50:15 2025: Dispatch Server: Accepted socket connection from client
Mon Mar  3 09:50:15 2025: Starting Socket connection
Mon Mar  3 09:50:21 2025: Dispatch Server: Accepted socket connection from client
Mon Mar  3 09:50:21 2025: Starting Socket connection
Mon Mar  3 09:50:43 2025: Dispatch Server: Accepted socket connection from client
Mon Mar  3 09:50:43 2025: Starting Socket connection
Mon Mar  3 09:50:44 2025: Dispatch Server: Accepted socket connection from client
Mon Mar  3 09:50:44 2025: Starting Socket connection
Mon Mar  3 09:50:49 2025: Dispatch Server: Accepted socket connection from client
Mon Mar  3 09:50:49 2025: Starting Socket connection
Mon Mar  3 09:51:06 2025: Dispatch Server: Accepted socket connection from client
Mon Mar  3 09:51:06 2025: Starting Socket connection
Mon Mar  3 09:51:19 2025: Dispatch Server: Accepted socket connection from client
Mon Mar  3 09:51:19 2025: Starting Socket connection
Mon Mar  3 09:51:49 2025: Dispatch Server: Accepted socket connection from client
Mon Mar  3 09:51:49 2025: Starting Socket connection
Mon Mar  3 09:52:08 2025: Dispatch Server: Accepted socket connection from client
Mon Mar  3 09:52:08 2025: Starting Socket connection
Mon Mar  3 09:52:09 2025: Dispatch Server: Accepted socket connection from client
Mon Mar  3 09:52:09 2025: Starting Socket connection
Mon Mar  3 09:52:27 2025: Dispatch Server: Accepted socket connection from client
Mon Mar  3 09:52:27 2025: Starting Socket connection
Mon Mar  3 09:52:50 2025: Dispatch Server: Accepted socket connection from client
Mon Mar  3 09:52:50 2025: Starting Socket connection
Mon Mar  3 09:53:13 2025: Dispatch Server: Accepted socket connection from client
Mon Mar  3 09:53:13 2025: Starting Socket connection
Mon Mar  3 09:53:18 2025: Dispatch Server: Accepted socket connection from client
Mon Mar  3 09:53:18 2025: Starting Socket connection
Mon Mar  3 09:53:31 2025: Dispatch Server: Accepted socket connection from client
Mon Mar  3 09:53:31 2025: Starting Socket connection
Mon Mar  3 09:54:23 2025: Dispatch Server: Accepted socket connection from client
Mon Mar  3 09:54:23 2025: Starting Socket connection
Mon Mar  3 09:54:38 2025: Dispatch Server: Accepted socket connection from client
Mon Mar  3 09:54:38 2025: Starting Socket connection
Mon Mar  3 09:54:39 2025: Dispatch Server: Accepted socket connection from client
Mon Mar  3 09:54:39 2025: Starting Socket connection
Mon Mar  3 09:54:40 2025: Dispatch Server: Accepted socket connection from client
Mon Mar  3 09:54:40 2025: Starting Socket connection
Mon Mar  3 09:55:29 2025: Dispatch Server: Accepted socket connection from client
Mon Mar  3 09:55:29 2025: Starting Socket connection
Mon Mar  3 09:55:38 2025: Dispatch Server: Accepted socket connection from client
Mon Mar  3 09:55:38 2025: Starting Socket connection
Mon Mar  3 09:55:46 2025: Dispatch Server: Accepted socket connection from client
Mon Mar  3 09:55:46 2025: Starting Socket connection
Mon Mar  3 09:56:07 2025: Dispatch Server: Accepted socket connection from client
Mon Mar  3 09:56:07 2025: Starting Socket connection
Mon Mar  3 09:56:09 2025: Dispatch Server: Accepted socket connection from client
Mon Mar  3 09:56:09 2025: Starting Socket connection
Mon Mar  3 09:56:42 2025: Dispatch Server: Accepted socket connection from client
Mon Mar  3 09:56:42 2025: Starting Socket connection
Mon Mar  3 09:57:12 2025: Dispatch Server: Accepted socket connection from client
Mon Mar  3 09:57:12 2025: Starting Socket connection
Mon Mar  3 09:57:15 2025: Dispatch Server: Accepted socket connection from client
Mon Mar  3 09:57:15 2025: Starting Socket connection
Mon Mar  3 09:57:18 2025: Dispatch Server: Accepted socket connection from client
Mon Mar  3 09:57:18 2025: Starting Socket connection
Mon Mar  3 09:57:37 2025: Dispatch Server: Accepted socket connection from client
Mon Mar  3 09:57:37 2025: Starting Socket connection
Mon Mar  3 09:57:46 2025: Dispatch Server: Accepted socket connection from client
Mon Mar  3 09:57:46 2025: Starting Socket connection
Mon Mar  3 09:58:25 2025: Dispatch Server: Accepted socket connection from client
Mon Mar  3 09:58:25 2025: Starting Socket connection
Mon Mar  3 09:58:41 2025: Dispatch Server: Accepted socket connection from client
Mon Mar  3 09:58:41 2025: Starting Socket connection
Mon Mar  3 09:58:52 2025: Dispatch Server: Accepted socket connection from client
Mon Mar  3 09:58:52 2025: Starting Socket connection
Mon Mar  3 09:59:25 2025: Dispatch Server: Accepted socket connection from client
Mon Mar  3 09:59:25 2025: Starting Socket connection
Mon Mar  3 09:59:34 2025: Dispatch Server: Accepted socket connection from client
Mon Mar  3 09:59:34 2025: Starting Socket connection
Mon Mar  3 09:59:46 2025: Dispatch Server: Accepted socket connection from client
Mon Mar  3 09:59:46 2025: Starting Socket connection
Mon Mar  3 09:59:48 2025: Dispatch Server: Accepted socket connection from client
Mon Mar  3 09:59:48 2025: Starting Socket connection
Mon Mar  3 09:59:56 2025: Dispatch Server: Accepted socket connection from client
Mon Mar  3 09:59:56 2025: Starting Socket connection
Mon Mar  3 10:00:39 2025: Dispatch Server: Accepted socket connection from client
Mon Mar  3 10:00:39 2025: Starting Socket connection
Mon Mar  3 10:00:51 2025: Dispatch Server: Accepted socket connection from client
Mon Mar  3 10:00:51 2025: Starting Socket connection
Mon Mar  3 10:00:53 2025: Dispatch Server: Accepted socket connection from client
Mon Mar  3 10:00:53 2025: Starting Socket connection
Mon Mar  3 10:00:56 2025: Dispatch Server: Accepted socket connection from client
Mon Mar  3 10:00:56 2025: Starting Socket connection
Mon Mar  3 10:01:01 2025: Dispatch Server: Accepted socket connection from client
Mon Mar  3 10:01:01 2025: Starting Socket connection
Mon Mar  3 10:01:19 2025: Dispatch Server: Accepted socket connection from client
Mon Mar  3 10:01:19 2025: Starting Socket connection
Mon Mar  3 10:01:50 2025: Dispatch Server: Accepted socket connection from client
Mon Mar  3 10:01:50 2025: Starting Socket connection
Mon Mar  3 10:01:58 2025: Dispatch Server: Accepted socket connection from client
Mon Mar  3 10:01:58 2025: Starting Socket connection
Mon Mar  3 10:02:01 2025: Dispatch Server: Accepted socket connection from client
Mon Mar  3 10:02:01 2025: Starting Socket connection
Mon Mar  3 10:02:12 2025: Dispatch Server: Accepted socket connection from client
Mon Mar  3 10:02:12 2025: Starting Socket connection
Mon Mar  3 10:02:21 2025: Dispatch Server: Accepted socket connection from client
Mon Mar  3 10:02:21 2025: Starting Socket connection
Mon Mar  3 10:02:23 2025: Dispatch Server: Accepted socket connection from client
Mon Mar  3 10:02:23 2025: Starting Socket connection
Mon Mar  3 10:02:35 2025: Dispatch Server: Accepted socket connection from client
Mon Mar  3 10:02:35 2025: Starting Socket connection
Mon Mar  3 10:02:43 2025: Dispatch Server: Accepted socket connection from client
Mon Mar  3 10:02:43 2025: Starting Socket connection
Mon Mar  3 10:02:46 2025: Dispatch Server: Accepted socket connection from client
Mon Mar  3 10:02:46 2025: Starting Socket connection
Mon Mar  3 10:02:57 2025: Dispatch Server: Accepted socket connection from client
Mon Mar  3 10:02:57 2025: Starting Socket connection
Mon Mar  3 10:03:05 2025: Dispatch Server: Accepted socket connection from client
Mon Mar  3 10:03:05 2025: Starting Socket connection
Mon Mar  3 10:03:08 2025: Dispatch Server: Accepted socket connection from client
Mon Mar  3 10:03:08 2025: Starting Socket connection
Mon Mar  3 10:03:19 2025: Dispatch Server: Accepted socket connection from client
Mon Mar  3 10:03:19 2025: Starting Socket connection
Mon Mar  3 10:03:28 2025: Dispatch Server: Accepted socket connection from client
Mon Mar  3 10:03:28 2025: Starting Socket connection
Mon Mar  3 10:03:29 2025: Dispatch Server: Accepted socket connection from client
Mon Mar  3 10:03:29 2025: Starting Socket connection
Mon Mar  3 10:03:30 2025: Dispatch Server: Accepted socket connection from client
Mon Mar  3 10:03:30 2025: Starting Socket connection
Mon Mar  3 10:03:41 2025: Dispatch Server: Accepted socket connection from client
Mon Mar  3 10:03:41 2025: Starting Socket connection
Mon Mar  3 10:03:50 2025: Dispatch Server: Accepted socket connection from client
Mon Mar  3 10:03:50 2025: Starting Socket connection
Mon Mar  3 10:03:51 2025: Dispatch Server: Accepted socket connection from client
Mon Mar  3 10:03:51 2025: Starting Socket connection
Mon Mar  3 10:03:52 2025: Dispatch Server: Accepted socket connection from client
Mon Mar  3 10:03:52 2025: Starting Socket connection
Mon Mar  3 10:04:03 2025: Dispatch Server: Accepted socket connection from client
Mon Mar  3 10:04:03 2025: Starting Socket connection
Mon Mar  3 10:04:13 2025: Dispatch Server: Accepted socket connection from client
Mon Mar  3 10:04:13 2025: Starting Socket connection
Mon Mar  3 10:04:14 2025: Dispatch Server: Accepted socket connection from client
Mon Mar  3 10:04:14 2025: Starting Socket connection
Mon Mar  3 10:04:25 2025: Dispatch Server: Accepted socket connection from client
Mon Mar  3 10:04:25 2025: Starting Socket connection
Mon Mar  3 10:04:36 2025: Dispatch Server: Accepted socket connection from client
Mon Mar  3 10:04:36 2025: Starting Socket connection
Mon Mar  3 10:04:37 2025: Dispatch Server: Accepted socket connection from client
Mon Mar  3 10:04:37 2025: Starting Socket connection
Mon Mar  3 10:04:52 2025: Dispatch Server: Accepted socket connection from client
Mon Mar  3 10:04:52 2025: Starting Socket connection
Mon Mar  3 10:05:29 2025: Dispatch Server: Accepted socket connection from client
Mon Mar  3 10:05:29 2025: Starting Socket connection
Mon Mar  3 10:05:37 2025: Dispatch Server: Accepted socket connection from client
Mon Mar  3 10:05:37 2025: Starting Socket connection
Mon Mar  3 10:05:42 2025: Dispatch Server: Accepted socket connection from client
Mon Mar  3 10:05:42 2025: Starting Socket connection
Mon Mar  3 10:06:35 2025: Dispatch Server: Accepted socket connection from client
Mon Mar  3 10:06:35 2025: Starting Socket connection
Mon Mar  3 10:06:42 2025: Dispatch Server: Accepted socket connection from client
Mon Mar  3 10:06:42 2025: Starting Socket connection
Mon Mar  3 10:06:43 2025: Dispatch Server: Accepted socket connection from client
Mon Mar  3 10:06:43 2025: Starting Socket connection
Mon Mar  3 10:07:07 2025: Dispatch Server: Accepted socket connection from client
Mon Mar  3 10:07:07 2025: Starting Socket connection
Mon Mar  3 10:07:34 2025: Dispatch Server: Accepted socket connection from client
Mon Mar  3 10:07:34 2025: Starting Socket connection
Mon Mar  3 10:07:47 2025: Dispatch Server: Accepted socket connection from client
Mon Mar  3 10:07:47 2025: Starting Socket connection
Mon Mar  3 10:07:50 2025: Dispatch Server: Accepted socket connection from client
Mon Mar  3 10:07:50 2025: Starting Socket connection
Mon Mar  3 10:08:06 2025: Dispatch Server: Accepted socket connection from client
Mon Mar  3 10:08:06 2025: Starting Socket connection
Mon Mar  3 10:08:10 2025: Dispatch Server: Accepted socket connection from client
Mon Mar  3 10:08:10 2025: Starting Socket connection
Mon Mar  3 10:08:12 2025: Dispatch Server: Accepted socket connection from client
Mon Mar  3 10:08:12 2025: Starting Socket connection
Mon Mar  3 10:08:28 2025: Dispatch Server: Accepted socket connection from client
Mon Mar  3 10:08:28 2025: Starting Socket connection
Mon Mar  3 10:08:32 2025: Dispatch Server: Accepted socket connection from client
Mon Mar  3 10:08:32 2025: Starting Socket connection
Mon Mar  3 10:08:32 2025: Dispatch Server: Accepted socket connection from client
Mon Mar  3 10:08:32 2025: Starting Socket connection
Mon Mar  3 10:08:35 2025: Dispatch Server: Accepted socket connection from client
Mon Mar  3 10:08:35 2025: Starting Socket connection
Mon Mar  3 10:08:50 2025: Dispatch Server: Accepted socket connection from client
Mon Mar  3 10:08:50 2025: Starting Socket connection
Mon Mar  3 10:08:55 2025: Dispatch Server: Accepted socket connection from client
Mon Mar  3 10:08:55 2025: Starting Socket connection
Mon Mar  3 10:08:55 2025: Dispatch Server: Accepted socket connection from client
Mon Mar  3 10:08:55 2025: Starting Socket connection
Mon Mar  3 10:08:57 2025: Dispatch Server: Accepted socket connection from client
Mon Mar  3 10:08:57 2025: Starting Socket connection
Mon Mar  3 10:09:13 2025: Dispatch Server: Accepted socket connection from client
Mon Mar  3 10:09:13 2025: Starting Socket connection
Mon Mar  3 10:09:17 2025: Dispatch Server: Accepted socket connection from client
Mon Mar  3 10:09:17 2025: Starting Socket connection
Mon Mar  3 10:09:17 2025: Dispatch Server: Accepted socket connection from client
Mon Mar  3 10:09:17 2025: Starting Socket connection
Mon Mar  3 10:09:35 2025: Dispatch Server: Accepted socket connection from client
Mon Mar  3 10:09:35 2025: Starting Socket connection
Mon Mar  3 10:09:40 2025: Dispatch Server: Accepted socket connection from client
Mon Mar  3 10:09:40 2025: Starting Socket connection
Mon Mar  3 10:09:40 2025: Dispatch Server: Accepted socket connection from client
Mon Mar  3 10:09:40 2025: Starting Socket connection
Mon Mar  3 10:09:57 2025: Dispatch Server: Accepted socket connection from client
Mon Mar  3 10:09:57 2025: Starting Socket connection
Mon Mar  3 10:10:02 2025: Dispatch Server: Accepted socket connection from client
Mon Mar  3 10:10:02 2025: Starting Socket connection
Mon Mar  3 10:10:02 2025: Dispatch Server: Accepted socket connection from client
Mon Mar  3 10:10:02 2025: Starting Socket connection
Mon Mar  3 10:10:06 2025: Dispatch Server: Accepted socket connection from client
Mon Mar  3 10:10:06 2025: Starting Socket connection
Mon Mar  3 10:10:19 2025: Dispatch Server: Accepted socket connection from client
Mon Mar  3 10:10:19 2025: Starting Socket connection
Mon Mar  3 10:10:24 2025: Dispatch Server: Accepted socket connection from client
Mon Mar  3 10:10:24 2025: Starting Socket connection
Mon Mar  3 10:10:24 2025: Dispatch Server: Accepted socket connection from client
Mon Mar  3 10:10:24 2025: Starting Socket connection
Mon Mar  3 10:10:28 2025: Dispatch Server: Accepted socket connection from client
Mon Mar  3 10:10:28 2025: Starting Socket connection
Mon Mar  3 10:11:25 2025: Dispatch Server: Accepted socket connection from client
Mon Mar  3 10:11:25 2025: Starting Socket connection
Mon Mar  3 10:11:29 2025: Dispatch Server: Accepted socket connection from client
Mon Mar  3 10:11:29 2025: Starting Socket connection
Mon Mar  3 10:11:30 2025: Dispatch Server: Accepted socket connection from client
Mon Mar  3 10:11:30 2025: Starting Socket connection
Mon Mar  3 10:11:33 2025: Dispatch Server: Accepted socket connection from client
Mon Mar  3 10:11:33 2025: Starting Socket connection
Mon Mar  3 10:12:34 2025: Dispatch Server: Accepted socket connection from client
Mon Mar  3 10:12:34 2025: Starting Socket connection
Mon Mar  3 10:12:35 2025: Dispatch Server: Accepted socket connection from client
Mon Mar  3 10:12:35 2025: Starting Socket connection
Mon Mar  3 10:12:36 2025: Dispatch Server: Accepted socket connection from client
Mon Mar  3 10:12:36 2025: Starting Socket connection
Mon Mar  3 10:12:38 2025: Dispatch Server: Accepted socket connection from client
Mon Mar  3 10:12:38 2025: Starting Socket connection
Mon Mar  3 10:13:38 2025: Dispatch Server: Accepted socket connection from client
Mon Mar  3 10:13:38 2025: Starting Socket connection
Mon Mar  3 10:13:40 2025: Dispatch Server: Accepted socket connection from client
Mon Mar  3 10:13:40 2025: Starting Socket connection
Mon Mar  3 10:13:41 2025: Dispatch Server: Accepted socket connection from client
Mon Mar  3 10:13:41 2025: Starting Socket connection
Mon Mar  3 10:13:45 2025: Dispatch Server: Accepted socket connection from client
Mon Mar  3 10:13:45 2025: Starting Socket connection
Mon Mar  3 10:14:43 2025: Dispatch Server: Accepted socket connection from client
Mon Mar  3 10:14:43 2025: Starting Socket connection
Mon Mar  3 10:14:46 2025: Dispatch Server: Accepted socket connection from client
Mon Mar  3 10:14:46 2025: Starting Socket connection
Mon Mar  3 10:14:47 2025: Dispatch Server: Accepted socket connection from client
Mon Mar  3 10:14:47 2025: Starting Socket connection
Mon Mar  3 10:14:50 2025: Dispatch Server: Accepted socket connection from client
Mon Mar  3 10:14:50 2025: Starting Socket connection
Mon Mar  3 10:15:06 2025: Dispatch Server: Accepted socket connection from client
Mon Mar  3 10:15:06 2025: Starting Socket connection
Mon Mar  3 10:15:12 2025: Dispatch Server: Accepted socket connection from client
Mon Mar  3 10:15:12 2025: Starting Socket connection
Mon Mar  3 10:15:29 2025: Dispatch Server: Accepted socket connection from client
Mon Mar  3 10:15:29 2025: Starting Socket connection
Mon Mar  3 10:16:29 2025: Dispatch Server: Accepted socket connection from client
Mon Mar  3 10:16:29 2025: Starting Socket connection
Mon Mar  3 10:17:42 2025: Dispatch Server: Accepted socket connection from client
Mon Mar  3 10:17:42 2025: Starting Socket connection
Mon Mar  3 11:20:36 2025: SESSION_MGR: closing session for UUID 'ff6dd162-1d7c-4df1-8163-af8d1bedf454' with name 'v++_link_matmult'
Mon Mar  3 11:20:36 2025: KERNEL_SVC: closing session for UUID 'ff6dd162-1d7c-4df1-8163-af8d1bedf454' with name 'v++_link_matmult'
Mon Mar  3 11:20:36 2025: GUIDANCE_SMGR: closing session for UUID 'ff6dd162-1d7c-4df1-8163-af8d1bedf454' with name 'v++_link_matmult'
Mon Mar  3 11:20:36 2025: SYSTEM_DIAGRAM: closing session for UUID 'ff6dd162-1d7c-4df1-8163-af8d1bedf454' with name 'v++_link_matmult'
Mon Mar  3 11:20:36 2025: STOP_SERVER received, server token: e0071bc5-afae-4d77-80e3-ce6334c81ff1, passed token: e0071bc5-afae-4d77-80e3-ce6334c81ff1
Mon Mar  3 11:20:36 2025: Socket received request to stop server.
Mon Mar  3 11:20:36 2025: Dispatch Server: do_await_stop
Mon Mar  3 11:20:36 2025: Dispatch Server: stopping mainFifo_
Mon Mar  3 11:20:36 2025: XCD main fifo: Stopping
Mon Mar  3 11:20:36 2025: XCD main fifo: do_read error code: Operation canceled
Mon Mar  3 11:20:36 2025: XCD main fifo: bytes_transferred: 0
Mon Mar  3 11:20:36 2025: SERVER: destructor for server bound to port 37993
Mon Mar  3 11:20:36 2025: XCD main fifo: Good unlink of /tmp/xcdmaine0071bc5-afae-4d77-80e3-ce6334c81ff1
Mon Mar  3 11:20:36 2025: Server exiting with status 0.
Mon Mar  3 11:20:36 2025: Closing log file.
