
*** Running vivado
    with args -log bd_22c0_fanout_aresetn_kernel_01_slr2_4_0.vds -m64 -product Vivado -mode batch -messageDb vivado.pb -notrace -source bd_22c0_fanout_aresetn_kernel_01_slr2_4_0.tcl


****** Vivado v2023.2 (64-bit)
  **** SW Build 4029153 on Fri Oct 13 20:13:54 MDT 2023
  **** IP Build 4028589 on Sat Oct 14 00:45:43 MDT 2023
  **** SharedData Build 4025554 on Tue Oct 10 17:18:54 MDT 2023
    ** Copyright 1986-2022 Xilinx, Inc. All Rights Reserved.
    ** Copyright 2022-2023 Advanced Micro Devices, Inc. All Rights Reserved.

source bd_22c0_fanout_aresetn_kernel_01_slr2_4_0.tcl -notrace
INFO: Dispatch client connection id - 37993
create_project: Time (s): cpu = 00:00:06 ; elapsed = 00:00:06 . Memory (MB): peak = 1357.148 ; gain = 5.961 ; free physical = 5354 ; free virtual = 93466
INFO: [IP_Flow 19-234] Refreshing IP repositories
INFO: [IP_Flow 19-1700] Loaded user IP repository '/home/giuspru/HLS/tutorial-2023/a0.alveo_u55c_matrixmult/_x/link/int/xo/ip_repo/xilinx_com_hls_func_1_0'.
INFO: [IP_Flow 19-1700] Loaded user IP repository '/home/giuspru/HLS/tutorial-2023/a0.alveo_u55c_matrixmult/_x/link/vivado/vpl/.local/hw_platform/iprepo'.
INFO: [IP_Flow 19-1700] Loaded user IP repository '/home/giuspru/HLS/tutorial-2023/a0.alveo_u55c_matrixmult/_x/link/vivado/vpl/.local/hw_platform/ipcache'.
INFO: [IP_Flow 19-1700] Loaded user IP repository '/tools/Xilinx/Vitis/2023.2/data/ip'.
INFO: [IP_Flow 19-2313] Loaded Vivado IP repository '/tools/Xilinx/Vivado/2023.2/data/ip'.
WARNING: [IP_Flow 19-1663] Duplicate IP found for 'xilinx.com:ip:axis_clk_metadata_adapter:1.0'. The one found in IP location '/home/giuspru/HLS/tutorial-2023/a0.alveo_u55c_matrixmult/_x/link/vivado/vpl/.local/hw_platform/iprepo/ipdefs/other_ipdefs/axis_clk_metadata_adapter_v1_0' will take precedence over the same IP in location /home/giuspru/HLS/tutorial-2023/a0.alveo_u55c_matrixmult/_x/link/vivado/vpl/.local/hw_platform/iprepo/ipdefs/pxi_ii_infra/axis_clk_metadata_adapter_v1_0
WARNING: [IP_Flow 19-1663] Duplicate IP found for 'xilinx.com:ip:pipeline_reg:1.0'. The one found in IP location '/home/giuspru/HLS/tutorial-2023/a0.alveo_u55c_matrixmult/_x/link/vivado/vpl/.local/hw_platform/iprepo/ipdefs/other_ipdefs/pipeline_reg_v1_0' will take precedence over the same IP in location /home/giuspru/HLS/tutorial-2023/a0.alveo_u55c_matrixmult/_x/link/vivado/vpl/.local/hw_platform/iprepo/ipdefs/pxi_ii_infra/pipeline_reg_v1_0
WARNING: [IP_Flow 19-1663] Duplicate IP found for 'xilinx.com:ip:clk_metadata_adapter:1.0'. The one found in IP location '/home/giuspru/HLS/tutorial-2023/a0.alveo_u55c_matrixmult/_x/link/vivado/vpl/.local/hw_platform/iprepo/ipdefs/other_ipdefs/clk_metadata_adapter_v1_0' will take precedence over the same IP in location /home/giuspru/HLS/tutorial-2023/a0.alveo_u55c_matrixmult/_x/link/vivado/vpl/.local/hw_platform/iprepo/ipdefs/pxi_ii_infra/clk_metadata_adapter_v1_0
WARNING: [IP_Flow 19-1663] Duplicate IP found for 'xilinx.com:ip:shell_utils_build_info:1.0'. The one found in IP location '/home/giuspru/HLS/tutorial-2023/a0.alveo_u55c_matrixmult/_x/link/vivado/vpl/.local/hw_platform/iprepo/ipdefs/other_ipdefs/shell_utils_build_info_v1_0' will take precedence over the same IP in the Xilinx installed IP.
WARNING: [IP_Flow 19-1663] Duplicate IP found for 'xilinx.com:ip:axi_clk_metadata_adapter:1.0'. The one found in IP location '/home/giuspru/HLS/tutorial-2023/a0.alveo_u55c_matrixmult/_x/link/vivado/vpl/.local/hw_platform/iprepo/ipdefs/other_ipdefs/axi_clk_metadata_adapter_v1_0' will take precedence over the same IP in location /home/giuspru/HLS/tutorial-2023/a0.alveo_u55c_matrixmult/_x/link/vivado/vpl/.local/hw_platform/iprepo/ipdefs/pxi_ii_infra/axi_clk_metadata_adapter_v1_0
INFO: [IP_Flow 19-6924] IPCACHE: Running cache check for IP inst: bd_22c0_fanout_aresetn_kernel_01_slr2_4_0
Command: synth_design -top bd_22c0_fanout_aresetn_kernel_01_slr2_4_0 -part xcu55c-fsvh2892-2L-e -incremental_mode off -mode out_of_context
Starting synth_design
Attempting to get a license for feature 'Synthesis' and/or device 'xcu55c'
INFO: [Common 17-349] Got license for feature 'Synthesis' and/or device 'xcu55c'
INFO: [Device 21-403] Loading part xcu55c-fsvh2892-2L-e
INFO: [Synth 8-7079] Multithreading enabled for synth_design using a maximum of 1 processes.
INFO: [Synth 8-7078] Launching helper process for spawning children vivado processes
INFO: [Synth 8-7075] Helper process launched with PID 3492572
---------------------------------------------------------------------------------
Starting RTL Elaboration : Time (s): cpu = 00:00:04 ; elapsed = 00:00:05 . Memory (MB): peak = 3146.141 ; gain = 391.680 ; free physical = 1528 ; free virtual = 89643
---------------------------------------------------------------------------------
INFO: [Synth 8-6157] synthesizing module 'bd_22c0_fanout_aresetn_kernel_01_slr2_4_0' [/home/giuspru/HLS/tutorial-2023/a0.alveo_u55c_matrixmult/_x/link/vivado/vpl/prj/prj.gen/my_rm/bd/ulp/ip/ulp_ulp_ucs_0/bd_0/ip/ip_90/synth/bd_22c0_fanout_aresetn_kernel_01_slr2_4_0.v:53]
INFO: [Synth 8-6157] synthesizing module 'pipeline_reg_v1_0_0' [/home/giuspru/HLS/tutorial-2023/a0.alveo_u55c_matrixmult/_x/link/vivado/vpl/prj/prj.gen/my_rm/bd/ulp/ipshared/3290/hdl/pipeline_reg_v1_0_vl_rfs.v:48]
INFO: [Synth 8-6155] done synthesizing module 'pipeline_reg_v1_0_0' (0#1) [/home/giuspru/HLS/tutorial-2023/a0.alveo_u55c_matrixmult/_x/link/vivado/vpl/prj/prj.gen/my_rm/bd/ulp/ipshared/3290/hdl/pipeline_reg_v1_0_vl_rfs.v:48]
INFO: [Synth 8-6155] done synthesizing module 'bd_22c0_fanout_aresetn_kernel_01_slr2_4_0' (0#1) [/home/giuspru/HLS/tutorial-2023/a0.alveo_u55c_matrixmult/_x/link/vivado/vpl/prj/prj.gen/my_rm/bd/ulp/ip/ulp_ulp_ucs_0/bd_0/ip/ip_90/synth/bd_22c0_fanout_aresetn_kernel_01_slr2_4_0.v:53]
---------------------------------------------------------------------------------
Finished RTL Elaboration : Time (s): cpu = 00:00:06 ; elapsed = 00:00:06 . Memory (MB): peak = 3224.109 ; gain = 469.648 ; free physical = 1428 ; free virtual = 89544
---------------------------------------------------------------------------------
---------------------------------------------------------------------------------
Start Handling Custom Attributes
---------------------------------------------------------------------------------
---------------------------------------------------------------------------------
Finished Handling Custom Attributes : Time (s): cpu = 00:00:06 ; elapsed = 00:00:06 . Memory (MB): peak = 3238.953 ; gain = 484.492 ; free physical = 1426 ; free virtual = 89541
---------------------------------------------------------------------------------
---------------------------------------------------------------------------------
Finished RTL Optimization Phase 1 : Time (s): cpu = 00:00:06 ; elapsed = 00:00:06 . Memory (MB): peak = 3238.953 ; gain = 484.492 ; free physical = 1426 ; free virtual = 89541
---------------------------------------------------------------------------------
Netlist sorting complete. Time (s): cpu = 00:00:00 ; elapsed = 00:00:00 . Memory (MB): peak = 3238.953 ; gain = 0.000 ; free physical = 1426 ; free virtual = 89541
INFO: [Project 1-570] Preparing netlist for logic optimization

Processing XDC Constraints
Initializing timing engine
Completed Processing XDC Constraints

Netlist sorting complete. Time (s): cpu = 00:00:00 ; elapsed = 00:00:00 . Memory (MB): peak = 3267.738 ; gain = 0.000 ; free physical = 1631 ; free virtual = 89747
INFO: [Project 1-111] Unisim Transformation Summary:
No Unisim elements were transformed.

Constraint Validation Runtime : Time (s): cpu = 00:00:00 ; elapsed = 00:00:00.01 . Memory (MB): peak = 3267.773 ; gain = 0.000 ; free physical = 1623 ; free virtual = 89739
INFO: [Designutils 20-5008] Incremental synthesis strategy off
---------------------------------------------------------------------------------
Finished Constraint Validation : Time (s): cpu = 00:00:12 ; elapsed = 00:00:12 . Memory (MB): peak = 3267.773 ; gain = 513.312 ; free physical = 1554 ; free virtual = 89670
---------------------------------------------------------------------------------
---------------------------------------------------------------------------------
Start Loading Part and Timing Information
---------------------------------------------------------------------------------
Loading part: xcu55c-fsvh2892-2L-e
INFO: [Synth 8-6742] Reading net delay rules and data
---------------------------------------------------------------------------------
Finished Loading Part and Timing Information : Time (s): cpu = 00:00:12 ; elapsed = 00:00:12 . Memory (MB): peak = 3267.773 ; gain = 513.312 ; free physical = 1554 ; free virtual = 89670
---------------------------------------------------------------------------------
---------------------------------------------------------------------------------
Start Applying 'set_property' XDC Constraints
---------------------------------------------------------------------------------
---------------------------------------------------------------------------------
Finished applying 'set_property' XDC Constraints : Time (s): cpu = 00:00:12 ; elapsed = 00:00:12 . Memory (MB): peak = 3267.773 ; gain = 513.312 ; free physical = 1554 ; free virtual = 89670
---------------------------------------------------------------------------------
---------------------------------------------------------------------------------
Finished RTL Optimization Phase 2 : Time (s): cpu = 00:00:12 ; elapsed = 00:00:12 . Memory (MB): peak = 3267.773 ; gain = 513.312 ; free physical = 1549 ; free virtual = 89666
---------------------------------------------------------------------------------
---------------------------------------------------------------------------------
Start RTL Component Statistics 
---------------------------------------------------------------------------------
Detailed RTL Component Info : 
+---Registers : 
	                1 Bit    Registers := 1     
---------------------------------------------------------------------------------
Finished RTL Component Statistics 
---------------------------------------------------------------------------------
---------------------------------------------------------------------------------
Start Part Resource Summary
---------------------------------------------------------------------------------
Part Resources:
DSPs: 9024 (col length:94)
BRAMs: 4032 (col length: RAMB18 288 RAMB36 144)
---------------------------------------------------------------------------------
Finished Part Resource Summary
---------------------------------------------------------------------------------
---------------------------------------------------------------------------------
Start Cross Boundary and Area Optimization
---------------------------------------------------------------------------------
WARNING: [Synth 8-7080] Parallel synthesis criteria is not met
---------------------------------------------------------------------------------
Finished Cross Boundary and Area Optimization : Time (s): cpu = 00:00:13 ; elapsed = 00:00:14 . Memory (MB): peak = 3267.773 ; gain = 513.312 ; free physical = 1498 ; free virtual = 89615
---------------------------------------------------------------------------------
---------------------------------------------------------------------------------
Start Applying XDC Timing Constraints
---------------------------------------------------------------------------------
---------------------------------------------------------------------------------
Finished Applying XDC Timing Constraints : Time (s): cpu = 00:00:20 ; elapsed = 00:00:21 . Memory (MB): peak = 3650.160 ; gain = 895.699 ; free physical = 753 ; free virtual = 88870
---------------------------------------------------------------------------------
---------------------------------------------------------------------------------
Start Timing Optimization
---------------------------------------------------------------------------------
---------------------------------------------------------------------------------
Finished Timing Optimization : Time (s): cpu = 00:00:20 ; elapsed = 00:00:21 . Memory (MB): peak = 3650.160 ; gain = 895.699 ; free physical = 753 ; free virtual = 88870
---------------------------------------------------------------------------------
---------------------------------------------------------------------------------
Start Technology Mapping
---------------------------------------------------------------------------------
---------------------------------------------------------------------------------
Finished Technology Mapping : Time (s): cpu = 00:00:20 ; elapsed = 00:00:21 . Memory (MB): peak = 3669.191 ; gain = 914.730 ; free physical = 735 ; free virtual = 88852
---------------------------------------------------------------------------------
---------------------------------------------------------------------------------
Start IO Insertion
---------------------------------------------------------------------------------
---------------------------------------------------------------------------------
Start Flattening Before IO Insertion
---------------------------------------------------------------------------------
---------------------------------------------------------------------------------
Finished Flattening Before IO Insertion
---------------------------------------------------------------------------------
---------------------------------------------------------------------------------
Start Final Netlist Cleanup
---------------------------------------------------------------------------------
---------------------------------------------------------------------------------
Finished Final Netlist Cleanup
---------------------------------------------------------------------------------
---------------------------------------------------------------------------------
Finished IO Insertion : Time (s): cpu = 00:00:24 ; elapsed = 00:00:25 . Memory (MB): peak = 3675.129 ; gain = 920.668 ; free physical = 3614 ; free virtual = 91730
---------------------------------------------------------------------------------
---------------------------------------------------------------------------------
Start Renaming Generated Instances
---------------------------------------------------------------------------------
---------------------------------------------------------------------------------
Finished Renaming Generated Instances : Time (s): cpu = 00:00:24 ; elapsed = 00:00:25 . Memory (MB): peak = 3675.129 ; gain = 920.668 ; free physical = 3614 ; free virtual = 91730
---------------------------------------------------------------------------------
---------------------------------------------------------------------------------
Start Rebuilding User Hierarchy
---------------------------------------------------------------------------------
---------------------------------------------------------------------------------
Finished Rebuilding User Hierarchy : Time (s): cpu = 00:00:24 ; elapsed = 00:00:25 . Memory (MB): peak = 3675.129 ; gain = 920.668 ; free physical = 3614 ; free virtual = 91730
---------------------------------------------------------------------------------
---------------------------------------------------------------------------------
Start Renaming Generated Ports
---------------------------------------------------------------------------------
---------------------------------------------------------------------------------
Finished Renaming Generated Ports : Time (s): cpu = 00:00:24 ; elapsed = 00:00:25 . Memory (MB): peak = 3675.129 ; gain = 920.668 ; free physical = 3614 ; free virtual = 91730
---------------------------------------------------------------------------------
---------------------------------------------------------------------------------
Start Handling Custom Attributes
---------------------------------------------------------------------------------
---------------------------------------------------------------------------------
Finished Handling Custom Attributes : Time (s): cpu = 00:00:24 ; elapsed = 00:00:25 . Memory (MB): peak = 3675.129 ; gain = 920.668 ; free physical = 3614 ; free virtual = 91730
---------------------------------------------------------------------------------
---------------------------------------------------------------------------------
Start Renaming Generated Nets
---------------------------------------------------------------------------------
---------------------------------------------------------------------------------
Finished Renaming Generated Nets : Time (s): cpu = 00:00:24 ; elapsed = 00:00:25 . Memory (MB): peak = 3675.129 ; gain = 920.668 ; free physical = 3614 ; free virtual = 91730
---------------------------------------------------------------------------------
---------------------------------------------------------------------------------
Start Writing Synthesis Report
---------------------------------------------------------------------------------

Report BlackBoxes: 
+-+--------------+----------+
| |BlackBox name |Instances |
+-+--------------+----------+
+-+--------------+----------+

Report Cell Usage: 
+------+-----+------+
|      |Cell |Count |
+------+-----+------+
|1     |LUT2 |     1|
|2     |FDRE |     1|
+------+-----+------+
---------------------------------------------------------------------------------
Finished Writing Synthesis Report : Time (s): cpu = 00:00:24 ; elapsed = 00:00:25 . Memory (MB): peak = 3675.129 ; gain = 920.668 ; free physical = 3614 ; free virtual = 91730
---------------------------------------------------------------------------------
Synthesis finished with 0 errors, 0 critical warnings and 1 warnings.
Synthesis Optimization Runtime : Time (s): cpu = 00:00:23 ; elapsed = 00:00:23 . Memory (MB): peak = 3675.129 ; gain = 891.848 ; free physical = 3612 ; free virtual = 91728
Synthesis Optimization Complete : Time (s): cpu = 00:00:24 ; elapsed = 00:00:25 . Memory (MB): peak = 3675.137 ; gain = 920.668 ; free physical = 3612 ; free virtual = 91728
INFO: [Project 1-571] Translating synthesized netlist
Netlist sorting complete. Time (s): cpu = 00:00:00 ; elapsed = 00:00:00 . Memory (MB): peak = 3686.098 ; gain = 0.000 ; free physical = 3877 ; free virtual = 91993
INFO: [Project 1-570] Preparing netlist for logic optimization
INFO: [Opt 31-138] Pushed 0 inverter(s) to 0 load pin(s).
Netlist sorting complete. Time (s): cpu = 00:00:00 ; elapsed = 00:00:00 . Memory (MB): peak = 3749.262 ; gain = 0.000 ; free physical = 3650 ; free virtual = 91766
INFO: [Project 1-111] Unisim Transformation Summary:
No Unisim elements were transformed.

Synth Design complete | Checksum: 9c28abc6
INFO: [Common 17-83] Releasing license: Synthesis
25 Infos, 6 Warnings, 0 Critical Warnings and 0 Errors encountered.
synth_design completed successfully
synth_design: Time (s): cpu = 00:00:36 ; elapsed = 00:00:34 . Memory (MB): peak = 3749.297 ; gain = 2348.523 ; free physical = 3495 ; free virtual = 91611
INFO: [Common 17-2834] synth_design peak Physical Memory [PSS] (MB): overall = 2994.817; main = 2886.019; forked = 314.266
INFO: [Common 17-2834] synth_design peak Virtual Memory [VSS] (MB): overall = 4521.727; main = 3749.266; forked = 975.406
INFO: [Common 17-1381] The checkpoint '/home/giuspru/HLS/tutorial-2023/a0.alveo_u55c_matrixmult/_x/link/vivado/vpl/prj/prj.runs/bd_22c0_fanout_aresetn_kernel_01_slr2_4_0_synth_1/bd_22c0_fanout_aresetn_kernel_01_slr2_4_0.dcp' has been generated.
INFO: [Coretcl 2-1648] Added synthesis output to IP cache for IP bd_22c0_fanout_aresetn_kernel_01_slr2_4_0, cache-ID = 89f1fc94b8763d57
INFO: [Common 17-1381] The checkpoint '/home/giuspru/HLS/tutorial-2023/a0.alveo_u55c_matrixmult/_x/link/vivado/vpl/prj/prj.runs/bd_22c0_fanout_aresetn_kernel_01_slr2_4_0_synth_1/bd_22c0_fanout_aresetn_kernel_01_slr2_4_0.dcp' has been generated.
INFO: [runtcl-4] Executing : report_utilization -file bd_22c0_fanout_aresetn_kernel_01_slr2_4_0_utilization_synth.rpt -pb bd_22c0_fanout_aresetn_kernel_01_slr2_4_0_utilization_synth.pb
INFO: [Common 17-206] Exiting Vivado at Mon Mar  3 10:00:40 2025...
