
*** Running vivado
    with args -log ulp_ii_level0_wire_0.vds -m64 -product Vivado -mode batch -messageDb vivado.pb -notrace -source ulp_ii_level0_wire_0.tcl


****** Vivado v2023.2 (64-bit)
  **** SW Build 4029153 on Fri Oct 13 20:13:54 MDT 2023
  **** IP Build 4028589 on Sat Oct 14 00:45:43 MDT 2023
  **** SharedData Build 4025554 on Tue Oct 10 17:18:54 MDT 2023
    ** Copyright 1986-2022 Xilinx, Inc. All Rights Reserved.
    ** Copyright 2022-2023 Advanced Micro Devices, Inc. All Rights Reserved.

source ulp_ii_level0_wire_0.tcl -notrace
INFO: Dispatch client connection id - 37993
create_project: Time (s): cpu = 00:00:06 ; elapsed = 00:00:06 . Memory (MB): peak = 1356.152 ; gain = 7.961 ; free physical = 6652 ; free virtual = 94767
INFO: [IP_Flow 19-234] Refreshing IP repositories
INFO: [IP_Flow 19-1700] Loaded user IP repository '/home/giuspru/HLS/tutorial-2023/a0.alveo_u55c_matrixmult/_x/link/int/xo/ip_repo/xilinx_com_hls_func_1_0'.
INFO: [IP_Flow 19-1700] Loaded user IP repository '/home/giuspru/HLS/tutorial-2023/a0.alveo_u55c_matrixmult/_x/link/vivado/vpl/.local/hw_platform/iprepo'.
INFO: [IP_Flow 19-1700] Loaded user IP repository '/home/giuspru/HLS/tutorial-2023/a0.alveo_u55c_matrixmult/_x/link/vivado/vpl/.local/hw_platform/ipcache'.
INFO: [IP_Flow 19-1700] Loaded user IP repository '/tools/Xilinx/Vitis/2023.2/data/ip'.
INFO: [IP_Flow 19-2313] Loaded Vivado IP repository '/tools/Xilinx/Vivado/2023.2/data/ip'.
WARNING: [IP_Flow 19-1663] Duplicate IP found for 'xilinx.com:ip:axis_clk_metadata_adapter:1.0'. The one found in IP location '/home/giuspru/HLS/tutorial-2023/a0.alveo_u55c_matrixmult/_x/link/vivado/vpl/.local/hw_platform/iprepo/ipdefs/other_ipdefs/axis_clk_metadata_adapter_v1_0' will take precedence over the same IP in location /home/giuspru/HLS/tutorial-2023/a0.alveo_u55c_matrixmult/_x/link/vivado/vpl/.local/hw_platform/iprepo/ipdefs/pxi_ii_infra/axis_clk_metadata_adapter_v1_0
WARNING: [IP_Flow 19-1663] Duplicate IP found for 'xilinx.com:ip:pipeline_reg:1.0'. The one found in IP location '/home/giuspru/HLS/tutorial-2023/a0.alveo_u55c_matrixmult/_x/link/vivado/vpl/.local/hw_platform/iprepo/ipdefs/other_ipdefs/pipeline_reg_v1_0' will take precedence over the same IP in location /home/giuspru/HLS/tutorial-2023/a0.alveo_u55c_matrixmult/_x/link/vivado/vpl/.local/hw_platform/iprepo/ipdefs/pxi_ii_infra/pipeline_reg_v1_0
WARNING: [IP_Flow 19-1663] Duplicate IP found for 'xilinx.com:ip:clk_metadata_adapter:1.0'. The one found in IP location '/home/giuspru/HLS/tutorial-2023/a0.alveo_u55c_matrixmult/_x/link/vivado/vpl/.local/hw_platform/iprepo/ipdefs/other_ipdefs/clk_metadata_adapter_v1_0' will take precedence over the same IP in location /home/giuspru/HLS/tutorial-2023/a0.alveo_u55c_matrixmult/_x/link/vivado/vpl/.local/hw_platform/iprepo/ipdefs/pxi_ii_infra/clk_metadata_adapter_v1_0
WARNING: [IP_Flow 19-1663] Duplicate IP found for 'xilinx.com:ip:shell_utils_build_info:1.0'. The one found in IP location '/home/giuspru/HLS/tutorial-2023/a0.alveo_u55c_matrixmult/_x/link/vivado/vpl/.local/hw_platform/iprepo/ipdefs/other_ipdefs/shell_utils_build_info_v1_0' will take precedence over the same IP in the Xilinx installed IP.
WARNING: [IP_Flow 19-1663] Duplicate IP found for 'xilinx.com:ip:axi_clk_metadata_adapter:1.0'. The one found in IP location '/home/giuspru/HLS/tutorial-2023/a0.alveo_u55c_matrixmult/_x/link/vivado/vpl/.local/hw_platform/iprepo/ipdefs/other_ipdefs/axi_clk_metadata_adapter_v1_0' will take precedence over the same IP in location /home/giuspru/HLS/tutorial-2023/a0.alveo_u55c_matrixmult/_x/link/vivado/vpl/.local/hw_platform/iprepo/ipdefs/pxi_ii_infra/axi_clk_metadata_adapter_v1_0
INFO: [IP_Flow 19-6924] IPCACHE: Running cache check for IP inst: ulp_ii_level0_wire_0
Command: synth_design -top ulp_ii_level0_wire_0 -part xcu55c-fsvh2892-2L-e -incremental_mode off -mode out_of_context
Starting synth_design
Attempting to get a license for feature 'Synthesis' and/or device 'xcu55c'
INFO: [Common 17-349] Got license for feature 'Synthesis' and/or device 'xcu55c'
INFO: [Device 21-403] Loading part xcu55c-fsvh2892-2L-e
INFO: [Synth 8-7079] Multithreading enabled for synth_design using a maximum of 1 processes.
INFO: [Synth 8-7078] Launching helper process for spawning children vivado processes
INFO: [Synth 8-7075] Helper process launched with PID 3482886
---------------------------------------------------------------------------------
Starting RTL Elaboration : Time (s): cpu = 00:00:04 ; elapsed = 00:00:04 . Memory (MB): peak = 3161.082 ; gain = 389.711 ; free physical = 3868 ; free virtual = 91987
---------------------------------------------------------------------------------
INFO: [Synth 8-6157] synthesizing module 'ulp_ii_level0_wire_0' [/home/giuspru/HLS/tutorial-2023/a0.alveo_u55c_matrixmult/_x/link/vivado/vpl/prj/prj.gen/my_rm/bd/ulp/ip/ulp_ii_level0_wire_0/synth/ulp_ii_level0_wire_0.v:53]
INFO: [Synth 8-6157] synthesizing module 'ii_level0_wire' [/home/giuspru/HLS/tutorial-2023/a0.alveo_u55c_matrixmult/_x/link/vivado/vpl/prj/prj.gen/my_rm/bd/ulp/ipshared/83c8/src/ii_level0_wire.v:12]
INFO: [Synth 8-6157] synthesizing module 'ii_level0_wire_pxi_ii_core_0' [/home/giuspru/HLS/tutorial-2023/a0.alveo_u55c_matrixmult/_x/link/vivado/vpl/prj/prj.gen/my_rm/bd/ulp/ip/ulp_ii_level0_wire_0/src/ii_level0_wire_pxi_ii_core_0/synth/ii_level0_wire_pxi_ii_core_0.v:53]
INFO: [Synth 8-6157] synthesizing module 'bd_5941' [/home/giuspru/HLS/tutorial-2023/a0.alveo_u55c_matrixmult/_x/link/vivado/vpl/prj/prj.gen/my_rm/bd/ulp/ip/ulp_ii_level0_wire_0/bd_0/synth/bd_5941.v:10]
INFO: [Synth 8-6157] synthesizing module 'bd_5941_ip_aclk_ctrl_00_0' [/home/giuspru/HLS/tutorial-2023/a0.alveo_u55c_matrixmult/_x/link/vivado/vpl/prj/prj.gen/my_rm/bd/ulp/ip/ulp_ii_level0_wire_0/bd_0/ip/ip_0/synth/bd_5941_ip_aclk_ctrl_00_0.v:53]
INFO: [Synth 8-6157] synthesizing module 'clk_metadata_adapter_v1_0_0' [/home/giuspru/HLS/tutorial-2023/a0.alveo_u55c_matrixmult/_x/link/vivado/vpl/prj/prj.gen/my_rm/bd/ulp/ipshared/586a/hdl/clk_metadata_adapter_v1_0_vl_rfs.v:48]
INFO: [Synth 8-6155] done synthesizing module 'clk_metadata_adapter_v1_0_0' (0#1) [/home/giuspru/HLS/tutorial-2023/a0.alveo_u55c_matrixmult/_x/link/vivado/vpl/prj/prj.gen/my_rm/bd/ulp/ipshared/586a/hdl/clk_metadata_adapter_v1_0_vl_rfs.v:48]
INFO: [Synth 8-6155] done synthesizing module 'bd_5941_ip_aclk_ctrl_00_0' (0#1) [/home/giuspru/HLS/tutorial-2023/a0.alveo_u55c_matrixmult/_x/link/vivado/vpl/prj/prj.gen/my_rm/bd/ulp/ip/ulp_ii_level0_wire_0/bd_0/ip/ip_0/synth/bd_5941_ip_aclk_ctrl_00_0.v:53]
INFO: [Synth 8-6157] synthesizing module 'bd_5941_ip_aclk_freerun_ref_00_0' [/home/giuspru/HLS/tutorial-2023/a0.alveo_u55c_matrixmult/_x/link/vivado/vpl/prj/prj.gen/my_rm/bd/ulp/ip/ulp_ii_level0_wire_0/bd_0/ip/ip_2/synth/bd_5941_ip_aclk_freerun_ref_00_0.v:53]
INFO: [Synth 8-6155] done synthesizing module 'bd_5941_ip_aclk_freerun_ref_00_0' (0#1) [/home/giuspru/HLS/tutorial-2023/a0.alveo_u55c_matrixmult/_x/link/vivado/vpl/prj/prj.gen/my_rm/bd/ulp/ip/ulp_ii_level0_wire_0/bd_0/ip/ip_2/synth/bd_5941_ip_aclk_freerun_ref_00_0.v:53]
INFO: [Synth 8-6157] synthesizing module 'bd_5941_ip_aclk_pcie_00_0' [/home/giuspru/HLS/tutorial-2023/a0.alveo_u55c_matrixmult/_x/link/vivado/vpl/prj/prj.gen/my_rm/bd/ulp/ip/ulp_ii_level0_wire_0/bd_0/ip/ip_1/synth/bd_5941_ip_aclk_pcie_00_0.v:53]
INFO: [Synth 8-6155] done synthesizing module 'bd_5941_ip_aclk_pcie_00_0' (0#1) [/home/giuspru/HLS/tutorial-2023/a0.alveo_u55c_matrixmult/_x/link/vivado/vpl/prj/prj.gen/my_rm/bd/ulp/ip/ulp_ii_level0_wire_0/bd_0/ip/ip_1/synth/bd_5941_ip_aclk_pcie_00_0.v:53]
INFO: [Synth 8-6157] synthesizing module 'bd_5941_ip_aresetn_ctrl_00_0' [/home/giuspru/HLS/tutorial-2023/a0.alveo_u55c_matrixmult/_x/link/vivado/vpl/prj/prj.gen/my_rm/bd/ulp/ip/ulp_ii_level0_wire_0/bd_0/ip/ip_3/synth/bd_5941_ip_aresetn_ctrl_00_0.v:53]
INFO: [Synth 8-6157] synthesizing module 'pipeline_reg_v1_0_0' [/home/giuspru/HLS/tutorial-2023/a0.alveo_u55c_matrixmult/_x/link/vivado/vpl/prj/prj.gen/my_rm/bd/ulp/ipshared/3290/hdl/pipeline_reg_v1_0_vl_rfs.v:48]
INFO: [Synth 8-6155] done synthesizing module 'pipeline_reg_v1_0_0' (0#1) [/home/giuspru/HLS/tutorial-2023/a0.alveo_u55c_matrixmult/_x/link/vivado/vpl/prj/prj.gen/my_rm/bd/ulp/ipshared/3290/hdl/pipeline_reg_v1_0_vl_rfs.v:48]
INFO: [Synth 8-6155] done synthesizing module 'bd_5941_ip_aresetn_ctrl_00_0' (0#1) [/home/giuspru/HLS/tutorial-2023/a0.alveo_u55c_matrixmult/_x/link/vivado/vpl/prj/prj.gen/my_rm/bd/ulp/ip/ulp_ii_level0_wire_0/bd_0/ip/ip_3/synth/bd_5941_ip_aresetn_ctrl_00_0.v:53]
INFO: [Synth 8-6157] synthesizing module 'bd_5941_ip_aresetn_pcie_00_0' [/home/giuspru/HLS/tutorial-2023/a0.alveo_u55c_matrixmult/_x/link/vivado/vpl/prj/prj.gen/my_rm/bd/ulp/ip/ulp_ii_level0_wire_0/bd_0/ip/ip_4/synth/bd_5941_ip_aresetn_pcie_00_0.v:53]
INFO: [Synth 8-6155] done synthesizing module 'bd_5941_ip_aresetn_pcie_00_0' (0#1) [/home/giuspru/HLS/tutorial-2023/a0.alveo_u55c_matrixmult/_x/link/vivado/vpl/prj/prj.gen/my_rm/bd/ulp/ip/ulp_ii_level0_wire_0/bd_0/ip/ip_4/synth/bd_5941_ip_aresetn_pcie_00_0.v:53]
INFO: [Synth 8-6157] synthesizing module 'bd_5941_ip_data_hbm_temp_00_0' [/home/giuspru/HLS/tutorial-2023/a0.alveo_u55c_matrixmult/_x/link/vivado/vpl/prj/prj.gen/my_rm/bd/ulp/ip/ulp_ii_level0_wire_0/bd_0/ip/ip_23/synth/bd_5941_ip_data_hbm_temp_00_0.v:53]
INFO: [Synth 8-6157] synthesizing module 'pipeline_reg_v1_0_0__parameterized0' [/home/giuspru/HLS/tutorial-2023/a0.alveo_u55c_matrixmult/_x/link/vivado/vpl/prj/prj.gen/my_rm/bd/ulp/ipshared/3290/hdl/pipeline_reg_v1_0_vl_rfs.v:48]
INFO: [Synth 8-6155] done synthesizing module 'pipeline_reg_v1_0_0__parameterized0' (0#1) [/home/giuspru/HLS/tutorial-2023/a0.alveo_u55c_matrixmult/_x/link/vivado/vpl/prj/prj.gen/my_rm/bd/ulp/ipshared/3290/hdl/pipeline_reg_v1_0_vl_rfs.v:48]
INFO: [Synth 8-6155] done synthesizing module 'bd_5941_ip_data_hbm_temp_00_0' (0#1) [/home/giuspru/HLS/tutorial-2023/a0.alveo_u55c_matrixmult/_x/link/vivado/vpl/prj/prj.gen/my_rm/bd/ulp/ip/ulp_ii_level0_wire_0/bd_0/ip/ip_23/synth/bd_5941_ip_data_hbm_temp_00_0.v:53]
INFO: [Synth 8-6157] synthesizing module 'bd_5941_ip_data_hbm_temp_01_0' [/home/giuspru/HLS/tutorial-2023/a0.alveo_u55c_matrixmult/_x/link/vivado/vpl/prj/prj.gen/my_rm/bd/ulp/ip/ulp_ii_level0_wire_0/bd_0/ip/ip_24/synth/bd_5941_ip_data_hbm_temp_01_0.v:53]
INFO: [Synth 8-6155] done synthesizing module 'bd_5941_ip_data_hbm_temp_01_0' (0#1) [/home/giuspru/HLS/tutorial-2023/a0.alveo_u55c_matrixmult/_x/link/vivado/vpl/prj/prj.gen/my_rm/bd/ulp/ip/ulp_ii_level0_wire_0/bd_0/ip/ip_24/synth/bd_5941_ip_data_hbm_temp_01_0.v:53]
INFO: [Synth 8-6157] synthesizing module 'bd_5941_ip_data_memory_calib_complete_00_0' [/home/giuspru/HLS/tutorial-2023/a0.alveo_u55c_matrixmult/_x/link/vivado/vpl/prj/prj.gen/my_rm/bd/ulp/ip/ulp_ii_level0_wire_0/bd_0/ip/ip_22/synth/bd_5941_ip_data_memory_calib_complete_00_0.v:53]
INFO: [Synth 8-6155] done synthesizing module 'bd_5941_ip_data_memory_calib_complete_00_0' (0#1) [/home/giuspru/HLS/tutorial-2023/a0.alveo_u55c_matrixmult/_x/link/vivado/vpl/prj/prj.gen/my_rm/bd/ulp/ip/ulp_ii_level0_wire_0/bd_0/ip/ip_22/synth/bd_5941_ip_data_memory_calib_complete_00_0.v:53]
INFO: [Synth 8-6157] synthesizing module 'bd_5941_ip_data_satellite_ctrl_data_00_0' [/home/giuspru/HLS/tutorial-2023/a0.alveo_u55c_matrixmult/_x/link/vivado/vpl/prj/prj.gen/my_rm/bd/ulp/ip/ulp_ii_level0_wire_0/bd_0/ip/ip_21/synth/bd_5941_ip_data_satellite_ctrl_data_00_0.v:53]
INFO: [Synth 8-6157] synthesizing module 'pipeline_reg_v1_0_0__parameterized1' [/home/giuspru/HLS/tutorial-2023/a0.alveo_u55c_matrixmult/_x/link/vivado/vpl/prj/prj.gen/my_rm/bd/ulp/ipshared/3290/hdl/pipeline_reg_v1_0_vl_rfs.v:48]
INFO: [Synth 8-6155] done synthesizing module 'pipeline_reg_v1_0_0__parameterized1' (0#1) [/home/giuspru/HLS/tutorial-2023/a0.alveo_u55c_matrixmult/_x/link/vivado/vpl/prj/prj.gen/my_rm/bd/ulp/ipshared/3290/hdl/pipeline_reg_v1_0_vl_rfs.v:48]
INFO: [Synth 8-6155] done synthesizing module 'bd_5941_ip_data_satellite_ctrl_data_00_0' (0#1) [/home/giuspru/HLS/tutorial-2023/a0.alveo_u55c_matrixmult/_x/link/vivado/vpl/prj/prj.gen/my_rm/bd/ulp/ip/ulp_ii_level0_wire_0/bd_0/ip/ip_21/synth/bd_5941_ip_data_satellite_ctrl_data_00_0.v:53]
INFO: [Synth 8-6157] synthesizing module 'bd_5941_ip_irq_cu_00_0' [/home/giuspru/HLS/tutorial-2023/a0.alveo_u55c_matrixmult/_x/link/vivado/vpl/prj/prj.gen/my_rm/bd/ulp/ip/ulp_ii_level0_wire_0/bd_0/ip/ip_25/synth/bd_5941_ip_irq_cu_00_0.v:53]
INFO: [Synth 8-6157] synthesizing module 'pipeline_reg_v1_0_0__parameterized2' [/home/giuspru/HLS/tutorial-2023/a0.alveo_u55c_matrixmult/_x/link/vivado/vpl/prj/prj.gen/my_rm/bd/ulp/ipshared/3290/hdl/pipeline_reg_v1_0_vl_rfs.v:48]
INFO: [Synth 8-6155] done synthesizing module 'pipeline_reg_v1_0_0__parameterized2' (0#1) [/home/giuspru/HLS/tutorial-2023/a0.alveo_u55c_matrixmult/_x/link/vivado/vpl/prj/prj.gen/my_rm/bd/ulp/ipshared/3290/hdl/pipeline_reg_v1_0_vl_rfs.v:48]
INFO: [Synth 8-6155] done synthesizing module 'bd_5941_ip_irq_cu_00_0' (0#1) [/home/giuspru/HLS/tutorial-2023/a0.alveo_u55c_matrixmult/_x/link/vivado/vpl/prj/prj.gen/my_rm/bd/ulp/ip/ulp_ii_level0_wire_0/bd_0/ip/ip_25/synth/bd_5941_ip_irq_cu_00_0.v:53]
INFO: [Synth 8-6157] synthesizing module 'bd_5941_ip_irq_hbm_cattrip_00_0' [/home/giuspru/HLS/tutorial-2023/a0.alveo_u55c_matrixmult/_x/link/vivado/vpl/prj/prj.gen/my_rm/bd/ulp/ip/ulp_ii_level0_wire_0/bd_0/ip/ip_26/synth/bd_5941_ip_irq_hbm_cattrip_00_0.v:53]
INFO: [Synth 8-6155] done synthesizing module 'bd_5941_ip_irq_hbm_cattrip_00_0' (0#1) [/home/giuspru/HLS/tutorial-2023/a0.alveo_u55c_matrixmult/_x/link/vivado/vpl/prj/prj.gen/my_rm/bd/ulp/ip/ulp_ii_level0_wire_0/bd_0/ip/ip_26/synth/bd_5941_ip_irq_hbm_cattrip_00_0.v:53]
INFO: [Synth 8-6157] synthesizing module 'bd_5941_m_ip_axi_ctrl_mgmt_00_0' [/home/giuspru/HLS/tutorial-2023/a0.alveo_u55c_matrixmult/_x/link/vivado/vpl/prj/prj.gen/my_rm/bd/ulp/ip/ulp_ii_level0_wire_0/bd_0/ip/ip_6/synth/bd_5941_m_ip_axi_ctrl_mgmt_00_0.v:53]
INFO: [Synth 8-6157] synthesizing module 'axi_register_slice_v2_1_29_axi_register_slice' [/home/giuspru/HLS/tutorial-2023/a0.alveo_u55c_matrixmult/_x/link/vivado/vpl/prj/prj.gen/my_rm/bd/ulp/ipshared/ff9f/hdl/axi_register_slice_v2_1_vl_rfs.v:3718]
INFO: [Synth 8-6157] synthesizing module 'axi_infrastructure_v1_1_0_axi2vector' [/home/giuspru/HLS/tutorial-2023/a0.alveo_u55c_matrixmult/_x/link/vivado/vpl/prj/prj.gen/my_rm/bd/ulp/ipshared/ec67/hdl/axi_infrastructure_v1_1_vl_rfs.v:59]
INFO: [Synth 8-6155] done synthesizing module 'axi_infrastructure_v1_1_0_axi2vector' (0#1) [/home/giuspru/HLS/tutorial-2023/a0.alveo_u55c_matrixmult/_x/link/vivado/vpl/prj/prj.gen/my_rm/bd/ulp/ipshared/ec67/hdl/axi_infrastructure_v1_1_vl_rfs.v:59]
INFO: [Synth 8-6157] synthesizing module 'axi_infrastructure_v1_1_0_vector2axi' [/home/giuspru/HLS/tutorial-2023/a0.alveo_u55c_matrixmult/_x/link/vivado/vpl/prj/prj.gen/my_rm/bd/ulp/ipshared/ec67/hdl/axi_infrastructure_v1_1_vl_rfs.v:473]
INFO: [Synth 8-6155] done synthesizing module 'axi_infrastructure_v1_1_0_vector2axi' (0#1) [/home/giuspru/HLS/tutorial-2023/a0.alveo_u55c_matrixmult/_x/link/vivado/vpl/prj/prj.gen/my_rm/bd/ulp/ipshared/ec67/hdl/axi_infrastructure_v1_1_vl_rfs.v:473]
INFO: [Synth 8-6157] synthesizing module 'axi_register_slice_v2_1_29_axic_register_slice' [/home/giuspru/HLS/tutorial-2023/a0.alveo_u55c_matrixmult/_x/link/vivado/vpl/prj/prj.gen/my_rm/bd/ulp/ipshared/ff9f/hdl/axi_register_slice_v2_1_vl_rfs.v:1492]
INFO: [Synth 8-6155] done synthesizing module 'axi_register_slice_v2_1_29_axic_register_slice' (0#1) [/home/giuspru/HLS/tutorial-2023/a0.alveo_u55c_matrixmult/_x/link/vivado/vpl/prj/prj.gen/my_rm/bd/ulp/ipshared/ff9f/hdl/axi_register_slice_v2_1_vl_rfs.v:1492]
INFO: [Synth 8-6157] synthesizing module 'axi_register_slice_v2_1_29_axic_register_slice__parameterized0' [/home/giuspru/HLS/tutorial-2023/a0.alveo_u55c_matrixmult/_x/link/vivado/vpl/prj/prj.gen/my_rm/bd/ulp/ipshared/ff9f/hdl/axi_register_slice_v2_1_vl_rfs.v:1492]
INFO: [Synth 8-6155] done synthesizing module 'axi_register_slice_v2_1_29_axic_register_slice__parameterized0' (0#1) [/home/giuspru/HLS/tutorial-2023/a0.alveo_u55c_matrixmult/_x/link/vivado/vpl/prj/prj.gen/my_rm/bd/ulp/ipshared/ff9f/hdl/axi_register_slice_v2_1_vl_rfs.v:1492]
INFO: [Synth 8-6157] synthesizing module 'axi_register_slice_v2_1_29_axic_register_slice__parameterized1' [/home/giuspru/HLS/tutorial-2023/a0.alveo_u55c_matrixmult/_x/link/vivado/vpl/prj/prj.gen/my_rm/bd/ulp/ipshared/ff9f/hdl/axi_register_slice_v2_1_vl_rfs.v:1492]
INFO: [Synth 8-6155] done synthesizing module 'axi_register_slice_v2_1_29_axic_register_slice__parameterized1' (0#1) [/home/giuspru/HLS/tutorial-2023/a0.alveo_u55c_matrixmult/_x/link/vivado/vpl/prj/prj.gen/my_rm/bd/ulp/ipshared/ff9f/hdl/axi_register_slice_v2_1_vl_rfs.v:1492]
INFO: [Synth 8-6157] synthesizing module 'axi_register_slice_v2_1_29_axic_register_slice__parameterized2' [/home/giuspru/HLS/tutorial-2023/a0.alveo_u55c_matrixmult/_x/link/vivado/vpl/prj/prj.gen/my_rm/bd/ulp/ipshared/ff9f/hdl/axi_register_slice_v2_1_vl_rfs.v:1492]
INFO: [Synth 8-6155] done synthesizing module 'axi_register_slice_v2_1_29_axic_register_slice__parameterized2' (0#1) [/home/giuspru/HLS/tutorial-2023/a0.alveo_u55c_matrixmult/_x/link/vivado/vpl/prj/prj.gen/my_rm/bd/ulp/ipshared/ff9f/hdl/axi_register_slice_v2_1_vl_rfs.v:1492]
INFO: [Synth 8-6155] done synthesizing module 'axi_register_slice_v2_1_29_axi_register_slice' (0#1) [/home/giuspru/HLS/tutorial-2023/a0.alveo_u55c_matrixmult/_x/link/vivado/vpl/prj/prj.gen/my_rm/bd/ulp/ipshared/ff9f/hdl/axi_register_slice_v2_1_vl_rfs.v:3718]
INFO: [Synth 8-6155] done synthesizing module 'bd_5941_m_ip_axi_ctrl_mgmt_00_0' (0#1) [/home/giuspru/HLS/tutorial-2023/a0.alveo_u55c_matrixmult/_x/link/vivado/vpl/prj/prj.gen/my_rm/bd/ulp/ip/ulp_ii_level0_wire_0/bd_0/ip/ip_6/synth/bd_5941_m_ip_axi_ctrl_mgmt_00_0.v:53]
INFO: [Synth 8-6157] synthesizing module 'bd_5941_m_ip_axi_ctrl_mgmt_01_0' [/home/giuspru/HLS/tutorial-2023/a0.alveo_u55c_matrixmult/_x/link/vivado/vpl/prj/prj.gen/my_rm/bd/ulp/ip/ulp_ii_level0_wire_0/bd_0/ip/ip_8/synth/bd_5941_m_ip_axi_ctrl_mgmt_01_0.v:53]
INFO: [Synth 8-6155] done synthesizing module 'bd_5941_m_ip_axi_ctrl_mgmt_01_0' (0#1) [/home/giuspru/HLS/tutorial-2023/a0.alveo_u55c_matrixmult/_x/link/vivado/vpl/prj/prj.gen/my_rm/bd/ulp/ip/ulp_ii_level0_wire_0/bd_0/ip/ip_8/synth/bd_5941_m_ip_axi_ctrl_mgmt_01_0.v:53]
INFO: [Synth 8-6157] synthesizing module 'bd_5941_m_ip_axi_ctrl_user_00_0' [/home/giuspru/HLS/tutorial-2023/a0.alveo_u55c_matrixmult/_x/link/vivado/vpl/prj/prj.gen/my_rm/bd/ulp/ip/ulp_ii_level0_wire_0/bd_0/ip/ip_10/synth/bd_5941_m_ip_axi_ctrl_user_00_0.v:53]
INFO: [Synth 8-6155] done synthesizing module 'bd_5941_m_ip_axi_ctrl_user_00_0' (0#1) [/home/giuspru/HLS/tutorial-2023/a0.alveo_u55c_matrixmult/_x/link/vivado/vpl/prj/prj.gen/my_rm/bd/ulp/ip/ulp_ii_level0_wire_0/bd_0/ip/ip_10/synth/bd_5941_m_ip_axi_ctrl_user_00_0.v:53]
INFO: [Synth 8-6157] synthesizing module 'bd_5941_m_ip_axi_ctrl_user_01_0' [/home/giuspru/HLS/tutorial-2023/a0.alveo_u55c_matrixmult/_x/link/vivado/vpl/prj/prj.gen/my_rm/bd/ulp/ip/ulp_ii_level0_wire_0/bd_0/ip/ip_12/synth/bd_5941_m_ip_axi_ctrl_user_01_0.v:53]
INFO: [Synth 8-6155] done synthesizing module 'bd_5941_m_ip_axi_ctrl_user_01_0' (0#1) [/home/giuspru/HLS/tutorial-2023/a0.alveo_u55c_matrixmult/_x/link/vivado/vpl/prj/prj.gen/my_rm/bd/ulp/ip/ulp_ii_level0_wire_0/bd_0/ip/ip_12/synth/bd_5941_m_ip_axi_ctrl_user_01_0.v:53]
INFO: [Synth 8-6157] synthesizing module 'bd_5941_m_ip_axi_ctrl_user_02_0' [/home/giuspru/HLS/tutorial-2023/a0.alveo_u55c_matrixmult/_x/link/vivado/vpl/prj/prj.gen/my_rm/bd/ulp/ip/ulp_ii_level0_wire_0/bd_0/ip/ip_14/synth/bd_5941_m_ip_axi_ctrl_user_02_0.v:53]
INFO: [Synth 8-6155] done synthesizing module 'bd_5941_m_ip_axi_ctrl_user_02_0' (0#1) [/home/giuspru/HLS/tutorial-2023/a0.alveo_u55c_matrixmult/_x/link/vivado/vpl/prj/prj.gen/my_rm/bd/ulp/ip/ulp_ii_level0_wire_0/bd_0/ip/ip_14/synth/bd_5941_m_ip_axi_ctrl_user_02_0.v:53]
INFO: [Synth 8-6157] synthesizing module 'bd_5941_m_ip_axi_ctrl_user_03_0' [/home/giuspru/HLS/tutorial-2023/a0.alveo_u55c_matrixmult/_x/link/vivado/vpl/prj/prj.gen/my_rm/bd/ulp/ip/ulp_ii_level0_wire_0/bd_0/ip/ip_16/synth/bd_5941_m_ip_axi_ctrl_user_03_0.v:53]
INFO: [Synth 8-6155] done synthesizing module 'bd_5941_m_ip_axi_ctrl_user_03_0' (0#1) [/home/giuspru/HLS/tutorial-2023/a0.alveo_u55c_matrixmult/_x/link/vivado/vpl/prj/prj.gen/my_rm/bd/ulp/ip/ulp_ii_level0_wire_0/bd_0/ip/ip_16/synth/bd_5941_m_ip_axi_ctrl_user_03_0.v:53]
INFO: [Synth 8-6157] synthesizing module 'bd_5941_m_ip_axi_data_c2h_00_0' [/home/giuspru/HLS/tutorial-2023/a0.alveo_u55c_matrixmult/_x/link/vivado/vpl/prj/prj.gen/my_rm/bd/ulp/ip/ulp_ii_level0_wire_0/bd_0/ip/ip_18/synth/bd_5941_m_ip_axi_data_c2h_00_0.v:53]
INFO: [Synth 8-6157] synthesizing module 'axi_register_slice_v2_1_29_axi_register_slice__parameterized0' [/home/giuspru/HLS/tutorial-2023/a0.alveo_u55c_matrixmult/_x/link/vivado/vpl/prj/prj.gen/my_rm/bd/ulp/ipshared/ff9f/hdl/axi_register_slice_v2_1_vl_rfs.v:3718]
INFO: [Synth 8-6157] synthesizing module 'axi_infrastructure_v1_1_0_axi2vector__parameterized0' [/home/giuspru/HLS/tutorial-2023/a0.alveo_u55c_matrixmult/_x/link/vivado/vpl/prj/prj.gen/my_rm/bd/ulp/ipshared/ec67/hdl/axi_infrastructure_v1_1_vl_rfs.v:59]
INFO: [Synth 8-6155] done synthesizing module 'axi_infrastructure_v1_1_0_axi2vector__parameterized0' (0#1) [/home/giuspru/HLS/tutorial-2023/a0.alveo_u55c_matrixmult/_x/link/vivado/vpl/prj/prj.gen/my_rm/bd/ulp/ipshared/ec67/hdl/axi_infrastructure_v1_1_vl_rfs.v:59]
INFO: [Synth 8-6157] synthesizing module 'axi_infrastructure_v1_1_0_vector2axi__parameterized0' [/home/giuspru/HLS/tutorial-2023/a0.alveo_u55c_matrixmult/_x/link/vivado/vpl/prj/prj.gen/my_rm/bd/ulp/ipshared/ec67/hdl/axi_infrastructure_v1_1_vl_rfs.v:473]
INFO: [Synth 8-6155] done synthesizing module 'axi_infrastructure_v1_1_0_vector2axi__parameterized0' (0#1) [/home/giuspru/HLS/tutorial-2023/a0.alveo_u55c_matrixmult/_x/link/vivado/vpl/prj/prj.gen/my_rm/bd/ulp/ipshared/ec67/hdl/axi_infrastructure_v1_1_vl_rfs.v:473]
INFO: [Synth 8-6157] synthesizing module 'axi_register_slice_v2_1_29_axic_register_slice__parameterized3' [/home/giuspru/HLS/tutorial-2023/a0.alveo_u55c_matrixmult/_x/link/vivado/vpl/prj/prj.gen/my_rm/bd/ulp/ipshared/ff9f/hdl/axi_register_slice_v2_1_vl_rfs.v:1492]
INFO: [Synth 8-6155] done synthesizing module 'axi_register_slice_v2_1_29_axic_register_slice__parameterized3' (0#1) [/home/giuspru/HLS/tutorial-2023/a0.alveo_u55c_matrixmult/_x/link/vivado/vpl/prj/prj.gen/my_rm/bd/ulp/ipshared/ff9f/hdl/axi_register_slice_v2_1_vl_rfs.v:1492]
INFO: [Synth 8-6157] synthesizing module 'axi_register_slice_v2_1_29_axic_register_slice__parameterized4' [/home/giuspru/HLS/tutorial-2023/a0.alveo_u55c_matrixmult/_x/link/vivado/vpl/prj/prj.gen/my_rm/bd/ulp/ipshared/ff9f/hdl/axi_register_slice_v2_1_vl_rfs.v:1492]
INFO: [Synth 8-6155] done synthesizing module 'axi_register_slice_v2_1_29_axic_register_slice__parameterized4' (0#1) [/home/giuspru/HLS/tutorial-2023/a0.alveo_u55c_matrixmult/_x/link/vivado/vpl/prj/prj.gen/my_rm/bd/ulp/ipshared/ff9f/hdl/axi_register_slice_v2_1_vl_rfs.v:1492]
INFO: [Synth 8-6157] synthesizing module 'axi_register_slice_v2_1_29_axic_register_slice__parameterized5' [/home/giuspru/HLS/tutorial-2023/a0.alveo_u55c_matrixmult/_x/link/vivado/vpl/prj/prj.gen/my_rm/bd/ulp/ipshared/ff9f/hdl/axi_register_slice_v2_1_vl_rfs.v:1492]
INFO: [Synth 8-6155] done synthesizing module 'axi_register_slice_v2_1_29_axic_register_slice__parameterized5' (0#1) [/home/giuspru/HLS/tutorial-2023/a0.alveo_u55c_matrixmult/_x/link/vivado/vpl/prj/prj.gen/my_rm/bd/ulp/ipshared/ff9f/hdl/axi_register_slice_v2_1_vl_rfs.v:1492]
INFO: [Synth 8-6157] synthesizing module 'axi_register_slice_v2_1_29_axic_register_slice__parameterized6' [/home/giuspru/HLS/tutorial-2023/a0.alveo_u55c_matrixmult/_x/link/vivado/vpl/prj/prj.gen/my_rm/bd/ulp/ipshared/ff9f/hdl/axi_register_slice_v2_1_vl_rfs.v:1492]
INFO: [Synth 8-6155] done synthesizing module 'axi_register_slice_v2_1_29_axic_register_slice__parameterized6' (0#1) [/home/giuspru/HLS/tutorial-2023/a0.alveo_u55c_matrixmult/_x/link/vivado/vpl/prj/prj.gen/my_rm/bd/ulp/ipshared/ff9f/hdl/axi_register_slice_v2_1_vl_rfs.v:1492]
INFO: [Synth 8-6155] done synthesizing module 'axi_register_slice_v2_1_29_axi_register_slice__parameterized0' (0#1) [/home/giuspru/HLS/tutorial-2023/a0.alveo_u55c_matrixmult/_x/link/vivado/vpl/prj/prj.gen/my_rm/bd/ulp/ipshared/ff9f/hdl/axi_register_slice_v2_1_vl_rfs.v:3718]
INFO: [Synth 8-6155] done synthesizing module 'bd_5941_m_ip_axi_data_c2h_00_0' (0#1) [/home/giuspru/HLS/tutorial-2023/a0.alveo_u55c_matrixmult/_x/link/vivado/vpl/prj/prj.gen/my_rm/bd/ulp/ip/ulp_ii_level0_wire_0/bd_0/ip/ip_18/synth/bd_5941_m_ip_axi_data_c2h_00_0.v:53]
INFO: [Synth 8-6157] synthesizing module 'bd_5941_m_ip_axi_data_h2c_00_0' [/home/giuspru/HLS/tutorial-2023/a0.alveo_u55c_matrixmult/_x/link/vivado/vpl/prj/prj.gen/my_rm/bd/ulp/ip/ulp_ii_level0_wire_0/bd_0/ip/ip_20/synth/bd_5941_m_ip_axi_data_h2c_00_0.v:53]
INFO: [Synth 8-6157] synthesizing module 'axi_register_slice_v2_1_29_axi_register_slice__parameterized1' [/home/giuspru/HLS/tutorial-2023/a0.alveo_u55c_matrixmult/_x/link/vivado/vpl/prj/prj.gen/my_rm/bd/ulp/ipshared/ff9f/hdl/axi_register_slice_v2_1_vl_rfs.v:3718]
INFO: [Synth 8-6157] synthesizing module 'axi_infrastructure_v1_1_0_axi2vector__parameterized1' [/home/giuspru/HLS/tutorial-2023/a0.alveo_u55c_matrixmult/_x/link/vivado/vpl/prj/prj.gen/my_rm/bd/ulp/ipshared/ec67/hdl/axi_infrastructure_v1_1_vl_rfs.v:59]
INFO: [Synth 8-6155] done synthesizing module 'axi_infrastructure_v1_1_0_axi2vector__parameterized1' (0#1) [/home/giuspru/HLS/tutorial-2023/a0.alveo_u55c_matrixmult/_x/link/vivado/vpl/prj/prj.gen/my_rm/bd/ulp/ipshared/ec67/hdl/axi_infrastructure_v1_1_vl_rfs.v:59]
INFO: [Synth 8-6157] synthesizing module 'axi_infrastructure_v1_1_0_vector2axi__parameterized1' [/home/giuspru/HLS/tutorial-2023/a0.alveo_u55c_matrixmult/_x/link/vivado/vpl/prj/prj.gen/my_rm/bd/ulp/ipshared/ec67/hdl/axi_infrastructure_v1_1_vl_rfs.v:473]
INFO: [Synth 8-6155] done synthesizing module 'axi_infrastructure_v1_1_0_vector2axi__parameterized1' (0#1) [/home/giuspru/HLS/tutorial-2023/a0.alveo_u55c_matrixmult/_x/link/vivado/vpl/prj/prj.gen/my_rm/bd/ulp/ipshared/ec67/hdl/axi_infrastructure_v1_1_vl_rfs.v:473]
INFO: [Synth 8-6157] synthesizing module 'axi_register_slice_v2_1_29_axic_register_slice__parameterized7' [/home/giuspru/HLS/tutorial-2023/a0.alveo_u55c_matrixmult/_x/link/vivado/vpl/prj/prj.gen/my_rm/bd/ulp/ipshared/ff9f/hdl/axi_register_slice_v2_1_vl_rfs.v:1492]
INFO: [Synth 8-6155] done synthesizing module 'axi_register_slice_v2_1_29_axic_register_slice__parameterized7' (0#1) [/home/giuspru/HLS/tutorial-2023/a0.alveo_u55c_matrixmult/_x/link/vivado/vpl/prj/prj.gen/my_rm/bd/ulp/ipshared/ff9f/hdl/axi_register_slice_v2_1_vl_rfs.v:1492]
INFO: [Synth 8-6157] synthesizing module 'axi_register_slice_v2_1_29_axic_register_slice__parameterized8' [/home/giuspru/HLS/tutorial-2023/a0.alveo_u55c_matrixmult/_x/link/vivado/vpl/prj/prj.gen/my_rm/bd/ulp/ipshared/ff9f/hdl/axi_register_slice_v2_1_vl_rfs.v:1492]
INFO: [Synth 8-6155] done synthesizing module 'axi_register_slice_v2_1_29_axic_register_slice__parameterized8' (0#1) [/home/giuspru/HLS/tutorial-2023/a0.alveo_u55c_matrixmult/_x/link/vivado/vpl/prj/prj.gen/my_rm/bd/ulp/ipshared/ff9f/hdl/axi_register_slice_v2_1_vl_rfs.v:1492]
INFO: [Synth 8-6157] synthesizing module 'axi_register_slice_v2_1_29_axic_register_slice__parameterized9' [/home/giuspru/HLS/tutorial-2023/a0.alveo_u55c_matrixmult/_x/link/vivado/vpl/prj/prj.gen/my_rm/bd/ulp/ipshared/ff9f/hdl/axi_register_slice_v2_1_vl_rfs.v:1492]
INFO: [Synth 8-6155] done synthesizing module 'axi_register_slice_v2_1_29_axic_register_slice__parameterized9' (0#1) [/home/giuspru/HLS/tutorial-2023/a0.alveo_u55c_matrixmult/_x/link/vivado/vpl/prj/prj.gen/my_rm/bd/ulp/ipshared/ff9f/hdl/axi_register_slice_v2_1_vl_rfs.v:1492]
INFO: [Synth 8-6155] done synthesizing module 'axi_register_slice_v2_1_29_axi_register_slice__parameterized1' (0#1) [/home/giuspru/HLS/tutorial-2023/a0.alveo_u55c_matrixmult/_x/link/vivado/vpl/prj/prj.gen/my_rm/bd/ulp/ipshared/ff9f/hdl/axi_register_slice_v2_1_vl_rfs.v:3718]
INFO: [Synth 8-6155] done synthesizing module 'bd_5941_m_ip_axi_data_h2c_00_0' (0#1) [/home/giuspru/HLS/tutorial-2023/a0.alveo_u55c_matrixmult/_x/link/vivado/vpl/prj/prj.gen/my_rm/bd/ulp/ip/ulp_ii_level0_wire_0/bd_0/ip/ip_20/synth/bd_5941_m_ip_axi_data_h2c_00_0.v:53]
INFO: [Synth 8-6157] synthesizing module 'bd_5941_s_ip_axi_ctrl_mgmt_00_0' [/home/giuspru/HLS/tutorial-2023/a0.alveo_u55c_matrixmult/_x/link/vivado/vpl/prj/prj.gen/my_rm/bd/ulp/ip/ulp_ii_level0_wire_0/bd_0/ip/ip_5/synth/bd_5941_s_ip_axi_ctrl_mgmt_00_0.v:53]
INFO: [Synth 8-6155] done synthesizing module 'bd_5941_s_ip_axi_ctrl_mgmt_00_0' (0#1) [/home/giuspru/HLS/tutorial-2023/a0.alveo_u55c_matrixmult/_x/link/vivado/vpl/prj/prj.gen/my_rm/bd/ulp/ip/ulp_ii_level0_wire_0/bd_0/ip/ip_5/synth/bd_5941_s_ip_axi_ctrl_mgmt_00_0.v:53]
INFO: [Synth 8-6157] synthesizing module 'bd_5941_s_ip_axi_ctrl_mgmt_01_0' [/home/giuspru/HLS/tutorial-2023/a0.alveo_u55c_matrixmult/_x/link/vivado/vpl/prj/prj.gen/my_rm/bd/ulp/ip/ulp_ii_level0_wire_0/bd_0/ip/ip_7/synth/bd_5941_s_ip_axi_ctrl_mgmt_01_0.v:53]
INFO: [Synth 8-6155] done synthesizing module 'bd_5941_s_ip_axi_ctrl_mgmt_01_0' (0#1) [/home/giuspru/HLS/tutorial-2023/a0.alveo_u55c_matrixmult/_x/link/vivado/vpl/prj/prj.gen/my_rm/bd/ulp/ip/ulp_ii_level0_wire_0/bd_0/ip/ip_7/synth/bd_5941_s_ip_axi_ctrl_mgmt_01_0.v:53]
INFO: [Synth 8-6157] synthesizing module 'bd_5941_s_ip_axi_ctrl_user_00_0' [/home/giuspru/HLS/tutorial-2023/a0.alveo_u55c_matrixmult/_x/link/vivado/vpl/prj/prj.gen/my_rm/bd/ulp/ip/ulp_ii_level0_wire_0/bd_0/ip/ip_9/synth/bd_5941_s_ip_axi_ctrl_user_00_0.v:53]
INFO: [Synth 8-6155] done synthesizing module 'bd_5941_s_ip_axi_ctrl_user_00_0' (0#1) [/home/giuspru/HLS/tutorial-2023/a0.alveo_u55c_matrixmult/_x/link/vivado/vpl/prj/prj.gen/my_rm/bd/ulp/ip/ulp_ii_level0_wire_0/bd_0/ip/ip_9/synth/bd_5941_s_ip_axi_ctrl_user_00_0.v:53]
INFO: [Synth 8-6157] synthesizing module 'bd_5941_s_ip_axi_ctrl_user_01_0' [/home/giuspru/HLS/tutorial-2023/a0.alveo_u55c_matrixmult/_x/link/vivado/vpl/prj/prj.gen/my_rm/bd/ulp/ip/ulp_ii_level0_wire_0/bd_0/ip/ip_11/synth/bd_5941_s_ip_axi_ctrl_user_01_0.v:53]
INFO: [Synth 8-6155] done synthesizing module 'bd_5941_s_ip_axi_ctrl_user_01_0' (0#1) [/home/giuspru/HLS/tutorial-2023/a0.alveo_u55c_matrixmult/_x/link/vivado/vpl/prj/prj.gen/my_rm/bd/ulp/ip/ulp_ii_level0_wire_0/bd_0/ip/ip_11/synth/bd_5941_s_ip_axi_ctrl_user_01_0.v:53]
INFO: [Synth 8-6157] synthesizing module 'bd_5941_s_ip_axi_ctrl_user_02_0' [/home/giuspru/HLS/tutorial-2023/a0.alveo_u55c_matrixmult/_x/link/vivado/vpl/prj/prj.gen/my_rm/bd/ulp/ip/ulp_ii_level0_wire_0/bd_0/ip/ip_13/synth/bd_5941_s_ip_axi_ctrl_user_02_0.v:53]
INFO: [Synth 8-6155] done synthesizing module 'bd_5941_s_ip_axi_ctrl_user_02_0' (0#1) [/home/giuspru/HLS/tutorial-2023/a0.alveo_u55c_matrixmult/_x/link/vivado/vpl/prj/prj.gen/my_rm/bd/ulp/ip/ulp_ii_level0_wire_0/bd_0/ip/ip_13/synth/bd_5941_s_ip_axi_ctrl_user_02_0.v:53]
INFO: [Synth 8-6157] synthesizing module 'bd_5941_s_ip_axi_ctrl_user_03_0' [/home/giuspru/HLS/tutorial-2023/a0.alveo_u55c_matrixmult/_x/link/vivado/vpl/prj/prj.gen/my_rm/bd/ulp/ip/ulp_ii_level0_wire_0/bd_0/ip/ip_15/synth/bd_5941_s_ip_axi_ctrl_user_03_0.v:53]
INFO: [Synth 8-6155] done synthesizing module 'bd_5941_s_ip_axi_ctrl_user_03_0' (0#1) [/home/giuspru/HLS/tutorial-2023/a0.alveo_u55c_matrixmult/_x/link/vivado/vpl/prj/prj.gen/my_rm/bd/ulp/ip/ulp_ii_level0_wire_0/bd_0/ip/ip_15/synth/bd_5941_s_ip_axi_ctrl_user_03_0.v:53]
INFO: [Synth 8-6157] synthesizing module 'bd_5941_s_ip_axi_data_c2h_00_0' [/home/giuspru/HLS/tutorial-2023/a0.alveo_u55c_matrixmult/_x/link/vivado/vpl/prj/prj.gen/my_rm/bd/ulp/ip/ulp_ii_level0_wire_0/bd_0/ip/ip_17/synth/bd_5941_s_ip_axi_data_c2h_00_0.v:53]
INFO: [Synth 8-6155] done synthesizing module 'bd_5941_s_ip_axi_data_c2h_00_0' (0#1) [/home/giuspru/HLS/tutorial-2023/a0.alveo_u55c_matrixmult/_x/link/vivado/vpl/prj/prj.gen/my_rm/bd/ulp/ip/ulp_ii_level0_wire_0/bd_0/ip/ip_17/synth/bd_5941_s_ip_axi_data_c2h_00_0.v:53]
INFO: [Synth 8-6157] synthesizing module 'bd_5941_s_ip_axi_data_h2c_00_0' [/home/giuspru/HLS/tutorial-2023/a0.alveo_u55c_matrixmult/_x/link/vivado/vpl/prj/prj.gen/my_rm/bd/ulp/ip/ulp_ii_level0_wire_0/bd_0/ip/ip_19/synth/bd_5941_s_ip_axi_data_h2c_00_0.v:53]
INFO: [Synth 8-6155] done synthesizing module 'bd_5941_s_ip_axi_data_h2c_00_0' (0#1) [/home/giuspru/HLS/tutorial-2023/a0.alveo_u55c_matrixmult/_x/link/vivado/vpl/prj/prj.gen/my_rm/bd/ulp/ip/ulp_ii_level0_wire_0/bd_0/ip/ip_19/synth/bd_5941_s_ip_axi_data_h2c_00_0.v:53]
INFO: [Synth 8-6155] done synthesizing module 'bd_5941' (0#1) [/home/giuspru/HLS/tutorial-2023/a0.alveo_u55c_matrixmult/_x/link/vivado/vpl/prj/prj.gen/my_rm/bd/ulp/ip/ulp_ii_level0_wire_0/bd_0/synth/bd_5941.v:10]
INFO: [Synth 8-6155] done synthesizing module 'ii_level0_wire_pxi_ii_core_0' (0#1) [/home/giuspru/HLS/tutorial-2023/a0.alveo_u55c_matrixmult/_x/link/vivado/vpl/prj/prj.gen/my_rm/bd/ulp/ip/ulp_ii_level0_wire_0/src/ii_level0_wire_pxi_ii_core_0/synth/ii_level0_wire_pxi_ii_core_0.v:53]
INFO: [Synth 8-6155] done synthesizing module 'ii_level0_wire' (0#1) [/home/giuspru/HLS/tutorial-2023/a0.alveo_u55c_matrixmult/_x/link/vivado/vpl/prj/prj.gen/my_rm/bd/ulp/ipshared/83c8/src/ii_level0_wire.v:12]
INFO: [Synth 8-6155] done synthesizing module 'ulp_ii_level0_wire_0' (0#1) [/home/giuspru/HLS/tutorial-2023/a0.alveo_u55c_matrixmult/_x/link/vivado/vpl/prj/prj.gen/my_rm/bd/ulp/ip/ulp_ii_level0_wire_0/synth/ulp_ii_level0_wire_0.v:53]
WARNING: [Synth 8-7129] Port ACLK in module axi_register_slice_v2_1_29_axic_register_slice__parameterized9 is either unconnected or has no load
WARNING: [Synth 8-7129] Port ARESET in module axi_register_slice_v2_1_29_axic_register_slice__parameterized9 is either unconnected or has no load
WARNING: [Synth 8-7129] Port ACLK in module axi_register_slice_v2_1_29_axic_register_slice__parameterized7 is either unconnected or has no load
WARNING: [Synth 8-7129] Port ARESET in module axi_register_slice_v2_1_29_axic_register_slice__parameterized7 is either unconnected or has no load
WARNING: [Synth 8-7129] Port ACLK in module axi_register_slice_v2_1_29_axic_register_slice__parameterized8 is either unconnected or has no load
WARNING: [Synth 8-7129] Port ARESET in module axi_register_slice_v2_1_29_axic_register_slice__parameterized8 is either unconnected or has no load
WARNING: [Synth 8-7129] Port ACLK in module axi_register_slice_v2_1_29_axic_register_slice__parameterized4 is either unconnected or has no load
WARNING: [Synth 8-7129] Port ARESET in module axi_register_slice_v2_1_29_axic_register_slice__parameterized4 is either unconnected or has no load
WARNING: [Synth 8-7129] Port m_axi_buser[0] in module axi_infrastructure_v1_1_0_vector2axi__parameterized1 is either unconnected or has no load
WARNING: [Synth 8-7129] Port m_axi_ruser[0] in module axi_infrastructure_v1_1_0_vector2axi__parameterized1 is either unconnected or has no load
WARNING: [Synth 8-7129] Port s_axi_awuser[0] in module axi_infrastructure_v1_1_0_axi2vector__parameterized1 is either unconnected or has no load
WARNING: [Synth 8-7129] Port s_axi_wid[3] in module axi_infrastructure_v1_1_0_axi2vector__parameterized1 is either unconnected or has no load
WARNING: [Synth 8-7129] Port s_axi_wid[2] in module axi_infrastructure_v1_1_0_axi2vector__parameterized1 is either unconnected or has no load
WARNING: [Synth 8-7129] Port s_axi_wid[1] in module axi_infrastructure_v1_1_0_axi2vector__parameterized1 is either unconnected or has no load
WARNING: [Synth 8-7129] Port s_axi_wid[0] in module axi_infrastructure_v1_1_0_axi2vector__parameterized1 is either unconnected or has no load
WARNING: [Synth 8-7129] Port s_axi_wuser[0] in module axi_infrastructure_v1_1_0_axi2vector__parameterized1 is either unconnected or has no load
WARNING: [Synth 8-7129] Port s_axi_aruser[0] in module axi_infrastructure_v1_1_0_axi2vector__parameterized1 is either unconnected or has no load
WARNING: [Synth 8-7129] Port aclk2x in module axi_register_slice_v2_1_29_axi_register_slice__parameterized1 is either unconnected or has no load
WARNING: [Synth 8-7129] Port ACLK in module axi_register_slice_v2_1_29_axic_register_slice__parameterized6 is either unconnected or has no load
WARNING: [Synth 8-7129] Port ARESET in module axi_register_slice_v2_1_29_axic_register_slice__parameterized6 is either unconnected or has no load
WARNING: [Synth 8-7129] Port ACLK in module axi_register_slice_v2_1_29_axic_register_slice__parameterized3 is either unconnected or has no load
WARNING: [Synth 8-7129] Port ARESET in module axi_register_slice_v2_1_29_axic_register_slice__parameterized3 is either unconnected or has no load
WARNING: [Synth 8-7129] Port ACLK in module axi_register_slice_v2_1_29_axic_register_slice__parameterized5 is either unconnected or has no load
WARNING: [Synth 8-7129] Port ARESET in module axi_register_slice_v2_1_29_axic_register_slice__parameterized5 is either unconnected or has no load
WARNING: [Synth 8-7129] Port m_axi_buser[0] in module axi_infrastructure_v1_1_0_vector2axi__parameterized0 is either unconnected or has no load
WARNING: [Synth 8-7129] Port m_axi_ruser[0] in module axi_infrastructure_v1_1_0_vector2axi__parameterized0 is either unconnected or has no load
WARNING: [Synth 8-7129] Port s_axi_awuser[0] in module axi_infrastructure_v1_1_0_axi2vector__parameterized0 is either unconnected or has no load
WARNING: [Synth 8-7129] Port s_axi_wid[1] in module axi_infrastructure_v1_1_0_axi2vector__parameterized0 is either unconnected or has no load
WARNING: [Synth 8-7129] Port s_axi_wid[0] in module axi_infrastructure_v1_1_0_axi2vector__parameterized0 is either unconnected or has no load
WARNING: [Synth 8-7129] Port s_axi_wuser[0] in module axi_infrastructure_v1_1_0_axi2vector__parameterized0 is either unconnected or has no load
WARNING: [Synth 8-7129] Port s_axi_aruser[0] in module axi_infrastructure_v1_1_0_axi2vector__parameterized0 is either unconnected or has no load
WARNING: [Synth 8-7129] Port aclk2x in module axi_register_slice_v2_1_29_axi_register_slice__parameterized0 is either unconnected or has no load
WARNING: [Synth 8-7129] Port ACLK in module axi_register_slice_v2_1_29_axic_register_slice__parameterized2 is either unconnected or has no load
WARNING: [Synth 8-7129] Port ARESET in module axi_register_slice_v2_1_29_axic_register_slice__parameterized2 is either unconnected or has no load
WARNING: [Synth 8-7129] Port ACLK in module axi_register_slice_v2_1_29_axic_register_slice is either unconnected or has no load
WARNING: [Synth 8-7129] Port ARESET in module axi_register_slice_v2_1_29_axic_register_slice is either unconnected or has no load
WARNING: [Synth 8-7129] Port ACLK in module axi_register_slice_v2_1_29_axic_register_slice__parameterized1 is either unconnected or has no load
WARNING: [Synth 8-7129] Port ARESET in module axi_register_slice_v2_1_29_axic_register_slice__parameterized1 is either unconnected or has no load
WARNING: [Synth 8-7129] Port ACLK in module axi_register_slice_v2_1_29_axic_register_slice__parameterized0 is either unconnected or has no load
WARNING: [Synth 8-7129] Port ARESET in module axi_register_slice_v2_1_29_axic_register_slice__parameterized0 is either unconnected or has no load
WARNING: [Synth 8-7129] Port m_axi_bid[0] in module axi_infrastructure_v1_1_0_vector2axi is either unconnected or has no load
WARNING: [Synth 8-7129] Port m_axi_buser[0] in module axi_infrastructure_v1_1_0_vector2axi is either unconnected or has no load
WARNING: [Synth 8-7129] Port m_axi_rid[0] in module axi_infrastructure_v1_1_0_vector2axi is either unconnected or has no load
WARNING: [Synth 8-7129] Port m_axi_rlast in module axi_infrastructure_v1_1_0_vector2axi is either unconnected or has no load
WARNING: [Synth 8-7129] Port m_axi_ruser[0] in module axi_infrastructure_v1_1_0_vector2axi is either unconnected or has no load
WARNING: [Synth 8-7129] Port s_axi_awid[0] in module axi_infrastructure_v1_1_0_axi2vector is either unconnected or has no load
WARNING: [Synth 8-7129] Port s_axi_awlen[7] in module axi_infrastructure_v1_1_0_axi2vector is either unconnected or has no load
WARNING: [Synth 8-7129] Port s_axi_awlen[6] in module axi_infrastructure_v1_1_0_axi2vector is either unconnected or has no load
WARNING: [Synth 8-7129] Port s_axi_awlen[5] in module axi_infrastructure_v1_1_0_axi2vector is either unconnected or has no load
WARNING: [Synth 8-7129] Port s_axi_awlen[4] in module axi_infrastructure_v1_1_0_axi2vector is either unconnected or has no load
WARNING: [Synth 8-7129] Port s_axi_awlen[3] in module axi_infrastructure_v1_1_0_axi2vector is either unconnected or has no load
WARNING: [Synth 8-7129] Port s_axi_awlen[2] in module axi_infrastructure_v1_1_0_axi2vector is either unconnected or has no load
WARNING: [Synth 8-7129] Port s_axi_awlen[1] in module axi_infrastructure_v1_1_0_axi2vector is either unconnected or has no load
WARNING: [Synth 8-7129] Port s_axi_awlen[0] in module axi_infrastructure_v1_1_0_axi2vector is either unconnected or has no load
WARNING: [Synth 8-7129] Port s_axi_awsize[2] in module axi_infrastructure_v1_1_0_axi2vector is either unconnected or has no load
WARNING: [Synth 8-7129] Port s_axi_awsize[1] in module axi_infrastructure_v1_1_0_axi2vector is either unconnected or has no load
WARNING: [Synth 8-7129] Port s_axi_awsize[0] in module axi_infrastructure_v1_1_0_axi2vector is either unconnected or has no load
WARNING: [Synth 8-7129] Port s_axi_awburst[1] in module axi_infrastructure_v1_1_0_axi2vector is either unconnected or has no load
WARNING: [Synth 8-7129] Port s_axi_awburst[0] in module axi_infrastructure_v1_1_0_axi2vector is either unconnected or has no load
WARNING: [Synth 8-7129] Port s_axi_awlock[0] in module axi_infrastructure_v1_1_0_axi2vector is either unconnected or has no load
WARNING: [Synth 8-7129] Port s_axi_awcache[3] in module axi_infrastructure_v1_1_0_axi2vector is either unconnected or has no load
WARNING: [Synth 8-7129] Port s_axi_awcache[2] in module axi_infrastructure_v1_1_0_axi2vector is either unconnected or has no load
WARNING: [Synth 8-7129] Port s_axi_awcache[1] in module axi_infrastructure_v1_1_0_axi2vector is either unconnected or has no load
WARNING: [Synth 8-7129] Port s_axi_awcache[0] in module axi_infrastructure_v1_1_0_axi2vector is either unconnected or has no load
WARNING: [Synth 8-7129] Port s_axi_awregion[3] in module axi_infrastructure_v1_1_0_axi2vector is either unconnected or has no load
WARNING: [Synth 8-7129] Port s_axi_awregion[2] in module axi_infrastructure_v1_1_0_axi2vector is either unconnected or has no load
WARNING: [Synth 8-7129] Port s_axi_awregion[1] in module axi_infrastructure_v1_1_0_axi2vector is either unconnected or has no load
WARNING: [Synth 8-7129] Port s_axi_awregion[0] in module axi_infrastructure_v1_1_0_axi2vector is either unconnected or has no load
WARNING: [Synth 8-7129] Port s_axi_awqos[3] in module axi_infrastructure_v1_1_0_axi2vector is either unconnected or has no load
WARNING: [Synth 8-7129] Port s_axi_awqos[2] in module axi_infrastructure_v1_1_0_axi2vector is either unconnected or has no load
WARNING: [Synth 8-7129] Port s_axi_awqos[1] in module axi_infrastructure_v1_1_0_axi2vector is either unconnected or has no load
WARNING: [Synth 8-7129] Port s_axi_awqos[0] in module axi_infrastructure_v1_1_0_axi2vector is either unconnected or has no load
WARNING: [Synth 8-7129] Port s_axi_awuser[0] in module axi_infrastructure_v1_1_0_axi2vector is either unconnected or has no load
WARNING: [Synth 8-7129] Port s_axi_wid[0] in module axi_infrastructure_v1_1_0_axi2vector is either unconnected or has no load
WARNING: [Synth 8-7129] Port s_axi_wlast in module axi_infrastructure_v1_1_0_axi2vector is either unconnected or has no load
WARNING: [Synth 8-7129] Port s_axi_wuser[0] in module axi_infrastructure_v1_1_0_axi2vector is either unconnected or has no load
WARNING: [Synth 8-7129] Port s_axi_arid[0] in module axi_infrastructure_v1_1_0_axi2vector is either unconnected or has no load
WARNING: [Synth 8-7129] Port s_axi_arlen[7] in module axi_infrastructure_v1_1_0_axi2vector is either unconnected or has no load
WARNING: [Synth 8-7129] Port s_axi_arlen[6] in module axi_infrastructure_v1_1_0_axi2vector is either unconnected or has no load
WARNING: [Synth 8-7129] Port s_axi_arlen[5] in module axi_infrastructure_v1_1_0_axi2vector is either unconnected or has no load
WARNING: [Synth 8-7129] Port s_axi_arlen[4] in module axi_infrastructure_v1_1_0_axi2vector is either unconnected or has no load
WARNING: [Synth 8-7129] Port s_axi_arlen[3] in module axi_infrastructure_v1_1_0_axi2vector is either unconnected or has no load
WARNING: [Synth 8-7129] Port s_axi_arlen[2] in module axi_infrastructure_v1_1_0_axi2vector is either unconnected or has no load
WARNING: [Synth 8-7129] Port s_axi_arlen[1] in module axi_infrastructure_v1_1_0_axi2vector is either unconnected or has no load
WARNING: [Synth 8-7129] Port s_axi_arlen[0] in module axi_infrastructure_v1_1_0_axi2vector is either unconnected or has no load
WARNING: [Synth 8-7129] Port s_axi_arsize[2] in module axi_infrastructure_v1_1_0_axi2vector is either unconnected or has no load
WARNING: [Synth 8-7129] Port s_axi_arsize[1] in module axi_infrastructure_v1_1_0_axi2vector is either unconnected or has no load
WARNING: [Synth 8-7129] Port s_axi_arsize[0] in module axi_infrastructure_v1_1_0_axi2vector is either unconnected or has no load
WARNING: [Synth 8-7129] Port s_axi_arburst[1] in module axi_infrastructure_v1_1_0_axi2vector is either unconnected or has no load
WARNING: [Synth 8-7129] Port s_axi_arburst[0] in module axi_infrastructure_v1_1_0_axi2vector is either unconnected or has no load
WARNING: [Synth 8-7129] Port s_axi_arlock[0] in module axi_infrastructure_v1_1_0_axi2vector is either unconnected or has no load
WARNING: [Synth 8-7129] Port s_axi_arcache[3] in module axi_infrastructure_v1_1_0_axi2vector is either unconnected or has no load
WARNING: [Synth 8-7129] Port s_axi_arcache[2] in module axi_infrastructure_v1_1_0_axi2vector is either unconnected or has no load
WARNING: [Synth 8-7129] Port s_axi_arcache[1] in module axi_infrastructure_v1_1_0_axi2vector is either unconnected or has no load
WARNING: [Synth 8-7129] Port s_axi_arcache[0] in module axi_infrastructure_v1_1_0_axi2vector is either unconnected or has no load
WARNING: [Synth 8-7129] Port s_axi_arregion[3] in module axi_infrastructure_v1_1_0_axi2vector is either unconnected or has no load
WARNING: [Synth 8-7129] Port s_axi_arregion[2] in module axi_infrastructure_v1_1_0_axi2vector is either unconnected or has no load
WARNING: [Synth 8-7129] Port s_axi_arregion[1] in module axi_infrastructure_v1_1_0_axi2vector is either unconnected or has no load
WARNING: [Synth 8-7129] Port s_axi_arregion[0] in module axi_infrastructure_v1_1_0_axi2vector is either unconnected or has no load
WARNING: [Synth 8-7129] Port s_axi_arqos[3] in module axi_infrastructure_v1_1_0_axi2vector is either unconnected or has no load
INFO: [Common 17-14] Message 'Synth 8-7129' appears 100 times and further instances of the messages will be disabled. Use the Tcl command set_msg_config to change the current settings.
---------------------------------------------------------------------------------
Finished RTL Elaboration : Time (s): cpu = 00:00:06 ; elapsed = 00:00:06 . Memory (MB): peak = 3270.020 ; gain = 498.648 ; free physical = 3731 ; free virtual = 91852
---------------------------------------------------------------------------------
---------------------------------------------------------------------------------
Start Handling Custom Attributes
---------------------------------------------------------------------------------
---------------------------------------------------------------------------------
Finished Handling Custom Attributes : Time (s): cpu = 00:00:06 ; elapsed = 00:00:06 . Memory (MB): peak = 3287.832 ; gain = 516.461 ; free physical = 3729 ; free virtual = 91850
---------------------------------------------------------------------------------
---------------------------------------------------------------------------------
Finished RTL Optimization Phase 1 : Time (s): cpu = 00:00:06 ; elapsed = 00:00:06 . Memory (MB): peak = 3287.832 ; gain = 516.461 ; free physical = 3729 ; free virtual = 91850
---------------------------------------------------------------------------------
Netlist sorting complete. Time (s): cpu = 00:00:00.19 ; elapsed = 00:00:00.19 . Memory (MB): peak = 3287.832 ; gain = 0.000 ; free physical = 3731 ; free virtual = 91852
INFO: [Project 1-570] Preparing netlist for logic optimization

Processing XDC Constraints
Initializing timing engine
Parsing XDC File [/home/giuspru/HLS/tutorial-2023/a0.alveo_u55c_matrixmult/_x/link/vivado/vpl/prj/prj.gen/my_rm/bd/ulp/ip/ulp_ii_level0_wire_0/src/ii_level0_wire_ooc.xdc] for cell 'inst'
0V85_VCCINT { VCCINT }  -supply_current_budget  100.000 A -voltage  0.850 V -direct
0V85_VCCINT_IO { VCCINT_IO VCCBRAM }  -supply_current_budget  30.000 A -voltage  0.850 V -direct
0V9_AVCC { MGTYAVCC }  -supply_current_budget  0.000 A -voltage  0.900 V -direct
1V2_AVTT { MGTYAVTT }  -supply_current_budget  0.000 A -voltage  1.200 V -direct
1V2_HBM { VCC_HBM }  -supply_current_budget  0.000 A -voltage  1.200 V -direct
1V8 { VCCAUX VCCAUX_IO MGTYVCCAUX VCCO18 VCCADC }  -supply_current_budget  4.000 A -voltage  1.800 V -direct
2V5_VPP { VCCAUX_HBM }  -supply_current_budget  0.300 A -voltage  2.500 V -direct
Finished Parsing XDC File [/home/giuspru/HLS/tutorial-2023/a0.alveo_u55c_matrixmult/_x/link/vivado/vpl/prj/prj.gen/my_rm/bd/ulp/ip/ulp_ii_level0_wire_0/src/ii_level0_wire_ooc.xdc] for cell 'inst'
Parsing XDC File [/home/giuspru/HLS/tutorial-2023/a0.alveo_u55c_matrixmult/_x/link/vivado/vpl/prj/prj.gen/my_rm/bd/ulp/ip/ulp_ii_level0_wire_0/uuid_stamp.xdc] for cell 'inst'
Finished Parsing XDC File [/home/giuspru/HLS/tutorial-2023/a0.alveo_u55c_matrixmult/_x/link/vivado/vpl/prj/prj.gen/my_rm/bd/ulp/ip/ulp_ii_level0_wire_0/uuid_stamp.xdc] for cell 'inst'
INFO: [Project 1-236] Implementation specific constraints were found while reading constraint file [/home/giuspru/HLS/tutorial-2023/a0.alveo_u55c_matrixmult/_x/link/vivado/vpl/prj/prj.gen/my_rm/bd/ulp/ip/ulp_ii_level0_wire_0/uuid_stamp.xdc]. These constraints will be ignored for synthesis but will be used in implementation. Impacted constraints are listed in the file [.Xil/ulp_ii_level0_wire_0_propImpl.xdc].
Resolution: To avoid this warning, move constraints listed in [.Xil/ulp_ii_level0_wire_0_propImpl.xdc] to another XDC file and exclude this new file from synthesis with the used_in_synthesis property (File Properties dialog in GUI) and re-run elaboration/synthesis.
Parsing XDC File [/home/giuspru/HLS/tutorial-2023/a0.alveo_u55c_matrixmult/_x/link/vivado/vpl/prj/prj.runs/ulp_ii_level0_wire_0_synth_1/dont_touch.xdc]
Finished Parsing XDC File [/home/giuspru/HLS/tutorial-2023/a0.alveo_u55c_matrixmult/_x/link/vivado/vpl/prj/prj.runs/ulp_ii_level0_wire_0_synth_1/dont_touch.xdc]
INFO: [Project 1-236] Implementation specific constraints were found while reading constraint file [/home/giuspru/HLS/tutorial-2023/a0.alveo_u55c_matrixmult/_x/link/vivado/vpl/prj/prj.runs/ulp_ii_level0_wire_0_synth_1/dont_touch.xdc]. These constraints will be ignored for synthesis but will be used in implementation. Impacted constraints are listed in the file [.Xil/ulp_ii_level0_wire_0_propImpl.xdc].
Resolution: To avoid this warning, move constraints listed in [.Xil/ulp_ii_level0_wire_0_propImpl.xdc] to another XDC file and exclude this new file from synthesis with the used_in_synthesis property (File Properties dialog in GUI) and re-run elaboration/synthesis.
Parsing XDC File [/home/giuspru/HLS/tutorial-2023/a0.alveo_u55c_matrixmult/_x/link/vivado/vpl/prj/prj.gen/my_rm/bd/ulp/ip/ulp_ii_level0_wire_0/bd_0/ip/ip_5/bd_5941_s_ip_axi_ctrl_mgmt_00_0_clocks.xdc] for cell 'inst/pxi_ii_core/inst/s_ip_axi_ctrl_mgmt_00/inst'
Finished Parsing XDC File [/home/giuspru/HLS/tutorial-2023/a0.alveo_u55c_matrixmult/_x/link/vivado/vpl/prj/prj.gen/my_rm/bd/ulp/ip/ulp_ii_level0_wire_0/bd_0/ip/ip_5/bd_5941_s_ip_axi_ctrl_mgmt_00_0_clocks.xdc] for cell 'inst/pxi_ii_core/inst/s_ip_axi_ctrl_mgmt_00/inst'
INFO: [Project 1-236] Implementation specific constraints were found while reading constraint file [/home/giuspru/HLS/tutorial-2023/a0.alveo_u55c_matrixmult/_x/link/vivado/vpl/prj/prj.gen/my_rm/bd/ulp/ip/ulp_ii_level0_wire_0/bd_0/ip/ip_5/bd_5941_s_ip_axi_ctrl_mgmt_00_0_clocks.xdc]. These constraints will be ignored for synthesis but will be used in implementation. Impacted constraints are listed in the file [.Xil/ulp_ii_level0_wire_0_propImpl.xdc].
Resolution: To avoid this warning, move constraints listed in [.Xil/ulp_ii_level0_wire_0_propImpl.xdc] to another XDC file and exclude this new file from synthesis with the used_in_synthesis property (File Properties dialog in GUI) and re-run elaboration/synthesis.
Parsing XDC File [/home/giuspru/HLS/tutorial-2023/a0.alveo_u55c_matrixmult/_x/link/vivado/vpl/prj/prj.gen/my_rm/bd/ulp/ip/ulp_ii_level0_wire_0/bd_0/ip/ip_6/bd_5941_m_ip_axi_ctrl_mgmt_00_0_clocks.xdc] for cell 'inst/pxi_ii_core/inst/m_ip_axi_ctrl_mgmt_00/inst'
Finished Parsing XDC File [/home/giuspru/HLS/tutorial-2023/a0.alveo_u55c_matrixmult/_x/link/vivado/vpl/prj/prj.gen/my_rm/bd/ulp/ip/ulp_ii_level0_wire_0/bd_0/ip/ip_6/bd_5941_m_ip_axi_ctrl_mgmt_00_0_clocks.xdc] for cell 'inst/pxi_ii_core/inst/m_ip_axi_ctrl_mgmt_00/inst'
INFO: [Project 1-236] Implementation specific constraints were found while reading constraint file [/home/giuspru/HLS/tutorial-2023/a0.alveo_u55c_matrixmult/_x/link/vivado/vpl/prj/prj.gen/my_rm/bd/ulp/ip/ulp_ii_level0_wire_0/bd_0/ip/ip_6/bd_5941_m_ip_axi_ctrl_mgmt_00_0_clocks.xdc]. These constraints will be ignored for synthesis but will be used in implementation. Impacted constraints are listed in the file [.Xil/ulp_ii_level0_wire_0_propImpl.xdc].
Resolution: To avoid this warning, move constraints listed in [.Xil/ulp_ii_level0_wire_0_propImpl.xdc] to another XDC file and exclude this new file from synthesis with the used_in_synthesis property (File Properties dialog in GUI) and re-run elaboration/synthesis.
Parsing XDC File [/home/giuspru/HLS/tutorial-2023/a0.alveo_u55c_matrixmult/_x/link/vivado/vpl/prj/prj.gen/my_rm/bd/ulp/ip/ulp_ii_level0_wire_0/bd_0/ip/ip_7/bd_5941_s_ip_axi_ctrl_mgmt_01_0_clocks.xdc] for cell 'inst/pxi_ii_core/inst/s_ip_axi_ctrl_mgmt_01/inst'
Finished Parsing XDC File [/home/giuspru/HLS/tutorial-2023/a0.alveo_u55c_matrixmult/_x/link/vivado/vpl/prj/prj.gen/my_rm/bd/ulp/ip/ulp_ii_level0_wire_0/bd_0/ip/ip_7/bd_5941_s_ip_axi_ctrl_mgmt_01_0_clocks.xdc] for cell 'inst/pxi_ii_core/inst/s_ip_axi_ctrl_mgmt_01/inst'
INFO: [Project 1-236] Implementation specific constraints were found while reading constraint file [/home/giuspru/HLS/tutorial-2023/a0.alveo_u55c_matrixmult/_x/link/vivado/vpl/prj/prj.gen/my_rm/bd/ulp/ip/ulp_ii_level0_wire_0/bd_0/ip/ip_7/bd_5941_s_ip_axi_ctrl_mgmt_01_0_clocks.xdc]. These constraints will be ignored for synthesis but will be used in implementation. Impacted constraints are listed in the file [.Xil/ulp_ii_level0_wire_0_propImpl.xdc].
Resolution: To avoid this warning, move constraints listed in [.Xil/ulp_ii_level0_wire_0_propImpl.xdc] to another XDC file and exclude this new file from synthesis with the used_in_synthesis property (File Properties dialog in GUI) and re-run elaboration/synthesis.
Parsing XDC File [/home/giuspru/HLS/tutorial-2023/a0.alveo_u55c_matrixmult/_x/link/vivado/vpl/prj/prj.gen/my_rm/bd/ulp/ip/ulp_ii_level0_wire_0/bd_0/ip/ip_8/bd_5941_m_ip_axi_ctrl_mgmt_01_0_clocks.xdc] for cell 'inst/pxi_ii_core/inst/m_ip_axi_ctrl_mgmt_01/inst'
Finished Parsing XDC File [/home/giuspru/HLS/tutorial-2023/a0.alveo_u55c_matrixmult/_x/link/vivado/vpl/prj/prj.gen/my_rm/bd/ulp/ip/ulp_ii_level0_wire_0/bd_0/ip/ip_8/bd_5941_m_ip_axi_ctrl_mgmt_01_0_clocks.xdc] for cell 'inst/pxi_ii_core/inst/m_ip_axi_ctrl_mgmt_01/inst'
INFO: [Project 1-236] Implementation specific constraints were found while reading constraint file [/home/giuspru/HLS/tutorial-2023/a0.alveo_u55c_matrixmult/_x/link/vivado/vpl/prj/prj.gen/my_rm/bd/ulp/ip/ulp_ii_level0_wire_0/bd_0/ip/ip_8/bd_5941_m_ip_axi_ctrl_mgmt_01_0_clocks.xdc]. These constraints will be ignored for synthesis but will be used in implementation. Impacted constraints are listed in the file [.Xil/ulp_ii_level0_wire_0_propImpl.xdc].
Resolution: To avoid this warning, move constraints listed in [.Xil/ulp_ii_level0_wire_0_propImpl.xdc] to another XDC file and exclude this new file from synthesis with the used_in_synthesis property (File Properties dialog in GUI) and re-run elaboration/synthesis.
Parsing XDC File [/home/giuspru/HLS/tutorial-2023/a0.alveo_u55c_matrixmult/_x/link/vivado/vpl/prj/prj.gen/my_rm/bd/ulp/ip/ulp_ii_level0_wire_0/bd_0/ip/ip_9/bd_5941_s_ip_axi_ctrl_user_00_0_clocks.xdc] for cell 'inst/pxi_ii_core/inst/s_ip_axi_ctrl_user_00/inst'
Finished Parsing XDC File [/home/giuspru/HLS/tutorial-2023/a0.alveo_u55c_matrixmult/_x/link/vivado/vpl/prj/prj.gen/my_rm/bd/ulp/ip/ulp_ii_level0_wire_0/bd_0/ip/ip_9/bd_5941_s_ip_axi_ctrl_user_00_0_clocks.xdc] for cell 'inst/pxi_ii_core/inst/s_ip_axi_ctrl_user_00/inst'
INFO: [Project 1-236] Implementation specific constraints were found while reading constraint file [/home/giuspru/HLS/tutorial-2023/a0.alveo_u55c_matrixmult/_x/link/vivado/vpl/prj/prj.gen/my_rm/bd/ulp/ip/ulp_ii_level0_wire_0/bd_0/ip/ip_9/bd_5941_s_ip_axi_ctrl_user_00_0_clocks.xdc]. These constraints will be ignored for synthesis but will be used in implementation. Impacted constraints are listed in the file [.Xil/ulp_ii_level0_wire_0_propImpl.xdc].
Resolution: To avoid this warning, move constraints listed in [.Xil/ulp_ii_level0_wire_0_propImpl.xdc] to another XDC file and exclude this new file from synthesis with the used_in_synthesis property (File Properties dialog in GUI) and re-run elaboration/synthesis.
Parsing XDC File [/home/giuspru/HLS/tutorial-2023/a0.alveo_u55c_matrixmult/_x/link/vivado/vpl/prj/prj.gen/my_rm/bd/ulp/ip/ulp_ii_level0_wire_0/bd_0/ip/ip_10/bd_5941_m_ip_axi_ctrl_user_00_0_clocks.xdc] for cell 'inst/pxi_ii_core/inst/m_ip_axi_ctrl_user_00/inst'
Finished Parsing XDC File [/home/giuspru/HLS/tutorial-2023/a0.alveo_u55c_matrixmult/_x/link/vivado/vpl/prj/prj.gen/my_rm/bd/ulp/ip/ulp_ii_level0_wire_0/bd_0/ip/ip_10/bd_5941_m_ip_axi_ctrl_user_00_0_clocks.xdc] for cell 'inst/pxi_ii_core/inst/m_ip_axi_ctrl_user_00/inst'
INFO: [Project 1-236] Implementation specific constraints were found while reading constraint file [/home/giuspru/HLS/tutorial-2023/a0.alveo_u55c_matrixmult/_x/link/vivado/vpl/prj/prj.gen/my_rm/bd/ulp/ip/ulp_ii_level0_wire_0/bd_0/ip/ip_10/bd_5941_m_ip_axi_ctrl_user_00_0_clocks.xdc]. These constraints will be ignored for synthesis but will be used in implementation. Impacted constraints are listed in the file [.Xil/ulp_ii_level0_wire_0_propImpl.xdc].
Resolution: To avoid this warning, move constraints listed in [.Xil/ulp_ii_level0_wire_0_propImpl.xdc] to another XDC file and exclude this new file from synthesis with the used_in_synthesis property (File Properties dialog in GUI) and re-run elaboration/synthesis.
Parsing XDC File [/home/giuspru/HLS/tutorial-2023/a0.alveo_u55c_matrixmult/_x/link/vivado/vpl/prj/prj.gen/my_rm/bd/ulp/ip/ulp_ii_level0_wire_0/bd_0/ip/ip_11/bd_5941_s_ip_axi_ctrl_user_01_0_clocks.xdc] for cell 'inst/pxi_ii_core/inst/s_ip_axi_ctrl_user_01/inst'
Finished Parsing XDC File [/home/giuspru/HLS/tutorial-2023/a0.alveo_u55c_matrixmult/_x/link/vivado/vpl/prj/prj.gen/my_rm/bd/ulp/ip/ulp_ii_level0_wire_0/bd_0/ip/ip_11/bd_5941_s_ip_axi_ctrl_user_01_0_clocks.xdc] for cell 'inst/pxi_ii_core/inst/s_ip_axi_ctrl_user_01/inst'
INFO: [Project 1-236] Implementation specific constraints were found while reading constraint file [/home/giuspru/HLS/tutorial-2023/a0.alveo_u55c_matrixmult/_x/link/vivado/vpl/prj/prj.gen/my_rm/bd/ulp/ip/ulp_ii_level0_wire_0/bd_0/ip/ip_11/bd_5941_s_ip_axi_ctrl_user_01_0_clocks.xdc]. These constraints will be ignored for synthesis but will be used in implementation. Impacted constraints are listed in the file [.Xil/ulp_ii_level0_wire_0_propImpl.xdc].
Resolution: To avoid this warning, move constraints listed in [.Xil/ulp_ii_level0_wire_0_propImpl.xdc] to another XDC file and exclude this new file from synthesis with the used_in_synthesis property (File Properties dialog in GUI) and re-run elaboration/synthesis.
Parsing XDC File [/home/giuspru/HLS/tutorial-2023/a0.alveo_u55c_matrixmult/_x/link/vivado/vpl/prj/prj.gen/my_rm/bd/ulp/ip/ulp_ii_level0_wire_0/bd_0/ip/ip_12/bd_5941_m_ip_axi_ctrl_user_01_0_clocks.xdc] for cell 'inst/pxi_ii_core/inst/m_ip_axi_ctrl_user_01/inst'
Finished Parsing XDC File [/home/giuspru/HLS/tutorial-2023/a0.alveo_u55c_matrixmult/_x/link/vivado/vpl/prj/prj.gen/my_rm/bd/ulp/ip/ulp_ii_level0_wire_0/bd_0/ip/ip_12/bd_5941_m_ip_axi_ctrl_user_01_0_clocks.xdc] for cell 'inst/pxi_ii_core/inst/m_ip_axi_ctrl_user_01/inst'
INFO: [Project 1-236] Implementation specific constraints were found while reading constraint file [/home/giuspru/HLS/tutorial-2023/a0.alveo_u55c_matrixmult/_x/link/vivado/vpl/prj/prj.gen/my_rm/bd/ulp/ip/ulp_ii_level0_wire_0/bd_0/ip/ip_12/bd_5941_m_ip_axi_ctrl_user_01_0_clocks.xdc]. These constraints will be ignored for synthesis but will be used in implementation. Impacted constraints are listed in the file [.Xil/ulp_ii_level0_wire_0_propImpl.xdc].
Resolution: To avoid this warning, move constraints listed in [.Xil/ulp_ii_level0_wire_0_propImpl.xdc] to another XDC file and exclude this new file from synthesis with the used_in_synthesis property (File Properties dialog in GUI) and re-run elaboration/synthesis.
Parsing XDC File [/home/giuspru/HLS/tutorial-2023/a0.alveo_u55c_matrixmult/_x/link/vivado/vpl/prj/prj.gen/my_rm/bd/ulp/ip/ulp_ii_level0_wire_0/bd_0/ip/ip_13/bd_5941_s_ip_axi_ctrl_user_02_0_clocks.xdc] for cell 'inst/pxi_ii_core/inst/s_ip_axi_ctrl_user_02/inst'
Finished Parsing XDC File [/home/giuspru/HLS/tutorial-2023/a0.alveo_u55c_matrixmult/_x/link/vivado/vpl/prj/prj.gen/my_rm/bd/ulp/ip/ulp_ii_level0_wire_0/bd_0/ip/ip_13/bd_5941_s_ip_axi_ctrl_user_02_0_clocks.xdc] for cell 'inst/pxi_ii_core/inst/s_ip_axi_ctrl_user_02/inst'
INFO: [Project 1-236] Implementation specific constraints were found while reading constraint file [/home/giuspru/HLS/tutorial-2023/a0.alveo_u55c_matrixmult/_x/link/vivado/vpl/prj/prj.gen/my_rm/bd/ulp/ip/ulp_ii_level0_wire_0/bd_0/ip/ip_13/bd_5941_s_ip_axi_ctrl_user_02_0_clocks.xdc]. These constraints will be ignored for synthesis but will be used in implementation. Impacted constraints are listed in the file [.Xil/ulp_ii_level0_wire_0_propImpl.xdc].
Resolution: To avoid this warning, move constraints listed in [.Xil/ulp_ii_level0_wire_0_propImpl.xdc] to another XDC file and exclude this new file from synthesis with the used_in_synthesis property (File Properties dialog in GUI) and re-run elaboration/synthesis.
Parsing XDC File [/home/giuspru/HLS/tutorial-2023/a0.alveo_u55c_matrixmult/_x/link/vivado/vpl/prj/prj.gen/my_rm/bd/ulp/ip/ulp_ii_level0_wire_0/bd_0/ip/ip_14/bd_5941_m_ip_axi_ctrl_user_02_0_clocks.xdc] for cell 'inst/pxi_ii_core/inst/m_ip_axi_ctrl_user_02/inst'
Finished Parsing XDC File [/home/giuspru/HLS/tutorial-2023/a0.alveo_u55c_matrixmult/_x/link/vivado/vpl/prj/prj.gen/my_rm/bd/ulp/ip/ulp_ii_level0_wire_0/bd_0/ip/ip_14/bd_5941_m_ip_axi_ctrl_user_02_0_clocks.xdc] for cell 'inst/pxi_ii_core/inst/m_ip_axi_ctrl_user_02/inst'
INFO: [Project 1-236] Implementation specific constraints were found while reading constraint file [/home/giuspru/HLS/tutorial-2023/a0.alveo_u55c_matrixmult/_x/link/vivado/vpl/prj/prj.gen/my_rm/bd/ulp/ip/ulp_ii_level0_wire_0/bd_0/ip/ip_14/bd_5941_m_ip_axi_ctrl_user_02_0_clocks.xdc]. These constraints will be ignored for synthesis but will be used in implementation. Impacted constraints are listed in the file [.Xil/ulp_ii_level0_wire_0_propImpl.xdc].
Resolution: To avoid this warning, move constraints listed in [.Xil/ulp_ii_level0_wire_0_propImpl.xdc] to another XDC file and exclude this new file from synthesis with the used_in_synthesis property (File Properties dialog in GUI) and re-run elaboration/synthesis.
Parsing XDC File [/home/giuspru/HLS/tutorial-2023/a0.alveo_u55c_matrixmult/_x/link/vivado/vpl/prj/prj.gen/my_rm/bd/ulp/ip/ulp_ii_level0_wire_0/bd_0/ip/ip_15/bd_5941_s_ip_axi_ctrl_user_03_0_clocks.xdc] for cell 'inst/pxi_ii_core/inst/s_ip_axi_ctrl_user_03/inst'
Finished Parsing XDC File [/home/giuspru/HLS/tutorial-2023/a0.alveo_u55c_matrixmult/_x/link/vivado/vpl/prj/prj.gen/my_rm/bd/ulp/ip/ulp_ii_level0_wire_0/bd_0/ip/ip_15/bd_5941_s_ip_axi_ctrl_user_03_0_clocks.xdc] for cell 'inst/pxi_ii_core/inst/s_ip_axi_ctrl_user_03/inst'
INFO: [Project 1-236] Implementation specific constraints were found while reading constraint file [/home/giuspru/HLS/tutorial-2023/a0.alveo_u55c_matrixmult/_x/link/vivado/vpl/prj/prj.gen/my_rm/bd/ulp/ip/ulp_ii_level0_wire_0/bd_0/ip/ip_15/bd_5941_s_ip_axi_ctrl_user_03_0_clocks.xdc]. These constraints will be ignored for synthesis but will be used in implementation. Impacted constraints are listed in the file [.Xil/ulp_ii_level0_wire_0_propImpl.xdc].
Resolution: To avoid this warning, move constraints listed in [.Xil/ulp_ii_level0_wire_0_propImpl.xdc] to another XDC file and exclude this new file from synthesis with the used_in_synthesis property (File Properties dialog in GUI) and re-run elaboration/synthesis.
Parsing XDC File [/home/giuspru/HLS/tutorial-2023/a0.alveo_u55c_matrixmult/_x/link/vivado/vpl/prj/prj.gen/my_rm/bd/ulp/ip/ulp_ii_level0_wire_0/bd_0/ip/ip_16/bd_5941_m_ip_axi_ctrl_user_03_0_clocks.xdc] for cell 'inst/pxi_ii_core/inst/m_ip_axi_ctrl_user_03/inst'
Finished Parsing XDC File [/home/giuspru/HLS/tutorial-2023/a0.alveo_u55c_matrixmult/_x/link/vivado/vpl/prj/prj.gen/my_rm/bd/ulp/ip/ulp_ii_level0_wire_0/bd_0/ip/ip_16/bd_5941_m_ip_axi_ctrl_user_03_0_clocks.xdc] for cell 'inst/pxi_ii_core/inst/m_ip_axi_ctrl_user_03/inst'
INFO: [Project 1-236] Implementation specific constraints were found while reading constraint file [/home/giuspru/HLS/tutorial-2023/a0.alveo_u55c_matrixmult/_x/link/vivado/vpl/prj/prj.gen/my_rm/bd/ulp/ip/ulp_ii_level0_wire_0/bd_0/ip/ip_16/bd_5941_m_ip_axi_ctrl_user_03_0_clocks.xdc]. These constraints will be ignored for synthesis but will be used in implementation. Impacted constraints are listed in the file [.Xil/ulp_ii_level0_wire_0_propImpl.xdc].
Resolution: To avoid this warning, move constraints listed in [.Xil/ulp_ii_level0_wire_0_propImpl.xdc] to another XDC file and exclude this new file from synthesis with the used_in_synthesis property (File Properties dialog in GUI) and re-run elaboration/synthesis.
Parsing XDC File [/home/giuspru/HLS/tutorial-2023/a0.alveo_u55c_matrixmult/_x/link/vivado/vpl/prj/prj.gen/my_rm/bd/ulp/ip/ulp_ii_level0_wire_0/bd_0/ip/ip_17/bd_5941_s_ip_axi_data_c2h_00_0_clocks.xdc] for cell 'inst/pxi_ii_core/inst/s_ip_axi_data_c2h_00/inst'
Finished Parsing XDC File [/home/giuspru/HLS/tutorial-2023/a0.alveo_u55c_matrixmult/_x/link/vivado/vpl/prj/prj.gen/my_rm/bd/ulp/ip/ulp_ii_level0_wire_0/bd_0/ip/ip_17/bd_5941_s_ip_axi_data_c2h_00_0_clocks.xdc] for cell 'inst/pxi_ii_core/inst/s_ip_axi_data_c2h_00/inst'
INFO: [Project 1-236] Implementation specific constraints were found while reading constraint file [/home/giuspru/HLS/tutorial-2023/a0.alveo_u55c_matrixmult/_x/link/vivado/vpl/prj/prj.gen/my_rm/bd/ulp/ip/ulp_ii_level0_wire_0/bd_0/ip/ip_17/bd_5941_s_ip_axi_data_c2h_00_0_clocks.xdc]. These constraints will be ignored for synthesis but will be used in implementation. Impacted constraints are listed in the file [.Xil/ulp_ii_level0_wire_0_propImpl.xdc].
Resolution: To avoid this warning, move constraints listed in [.Xil/ulp_ii_level0_wire_0_propImpl.xdc] to another XDC file and exclude this new file from synthesis with the used_in_synthesis property (File Properties dialog in GUI) and re-run elaboration/synthesis.
Parsing XDC File [/home/giuspru/HLS/tutorial-2023/a0.alveo_u55c_matrixmult/_x/link/vivado/vpl/prj/prj.gen/my_rm/bd/ulp/ip/ulp_ii_level0_wire_0/bd_0/ip/ip_18/bd_5941_m_ip_axi_data_c2h_00_0_clocks.xdc] for cell 'inst/pxi_ii_core/inst/m_ip_axi_data_c2h_00/inst'
Finished Parsing XDC File [/home/giuspru/HLS/tutorial-2023/a0.alveo_u55c_matrixmult/_x/link/vivado/vpl/prj/prj.gen/my_rm/bd/ulp/ip/ulp_ii_level0_wire_0/bd_0/ip/ip_18/bd_5941_m_ip_axi_data_c2h_00_0_clocks.xdc] for cell 'inst/pxi_ii_core/inst/m_ip_axi_data_c2h_00/inst'
INFO: [Project 1-236] Implementation specific constraints were found while reading constraint file [/home/giuspru/HLS/tutorial-2023/a0.alveo_u55c_matrixmult/_x/link/vivado/vpl/prj/prj.gen/my_rm/bd/ulp/ip/ulp_ii_level0_wire_0/bd_0/ip/ip_18/bd_5941_m_ip_axi_data_c2h_00_0_clocks.xdc]. These constraints will be ignored for synthesis but will be used in implementation. Impacted constraints are listed in the file [.Xil/ulp_ii_level0_wire_0_propImpl.xdc].
Resolution: To avoid this warning, move constraints listed in [.Xil/ulp_ii_level0_wire_0_propImpl.xdc] to another XDC file and exclude this new file from synthesis with the used_in_synthesis property (File Properties dialog in GUI) and re-run elaboration/synthesis.
Parsing XDC File [/home/giuspru/HLS/tutorial-2023/a0.alveo_u55c_matrixmult/_x/link/vivado/vpl/prj/prj.gen/my_rm/bd/ulp/ip/ulp_ii_level0_wire_0/bd_0/ip/ip_19/bd_5941_s_ip_axi_data_h2c_00_0_clocks.xdc] for cell 'inst/pxi_ii_core/inst/s_ip_axi_data_h2c_00/inst'
Finished Parsing XDC File [/home/giuspru/HLS/tutorial-2023/a0.alveo_u55c_matrixmult/_x/link/vivado/vpl/prj/prj.gen/my_rm/bd/ulp/ip/ulp_ii_level0_wire_0/bd_0/ip/ip_19/bd_5941_s_ip_axi_data_h2c_00_0_clocks.xdc] for cell 'inst/pxi_ii_core/inst/s_ip_axi_data_h2c_00/inst'
INFO: [Project 1-236] Implementation specific constraints were found while reading constraint file [/home/giuspru/HLS/tutorial-2023/a0.alveo_u55c_matrixmult/_x/link/vivado/vpl/prj/prj.gen/my_rm/bd/ulp/ip/ulp_ii_level0_wire_0/bd_0/ip/ip_19/bd_5941_s_ip_axi_data_h2c_00_0_clocks.xdc]. These constraints will be ignored for synthesis but will be used in implementation. Impacted constraints are listed in the file [.Xil/ulp_ii_level0_wire_0_propImpl.xdc].
Resolution: To avoid this warning, move constraints listed in [.Xil/ulp_ii_level0_wire_0_propImpl.xdc] to another XDC file and exclude this new file from synthesis with the used_in_synthesis property (File Properties dialog in GUI) and re-run elaboration/synthesis.
Parsing XDC File [/home/giuspru/HLS/tutorial-2023/a0.alveo_u55c_matrixmult/_x/link/vivado/vpl/prj/prj.gen/my_rm/bd/ulp/ip/ulp_ii_level0_wire_0/bd_0/ip/ip_20/bd_5941_m_ip_axi_data_h2c_00_0_clocks.xdc] for cell 'inst/pxi_ii_core/inst/m_ip_axi_data_h2c_00/inst'
Finished Parsing XDC File [/home/giuspru/HLS/tutorial-2023/a0.alveo_u55c_matrixmult/_x/link/vivado/vpl/prj/prj.gen/my_rm/bd/ulp/ip/ulp_ii_level0_wire_0/bd_0/ip/ip_20/bd_5941_m_ip_axi_data_h2c_00_0_clocks.xdc] for cell 'inst/pxi_ii_core/inst/m_ip_axi_data_h2c_00/inst'
INFO: [Project 1-236] Implementation specific constraints were found while reading constraint file [/home/giuspru/HLS/tutorial-2023/a0.alveo_u55c_matrixmult/_x/link/vivado/vpl/prj/prj.gen/my_rm/bd/ulp/ip/ulp_ii_level0_wire_0/bd_0/ip/ip_20/bd_5941_m_ip_axi_data_h2c_00_0_clocks.xdc]. These constraints will be ignored for synthesis but will be used in implementation. Impacted constraints are listed in the file [.Xil/ulp_ii_level0_wire_0_propImpl.xdc].
Resolution: To avoid this warning, move constraints listed in [.Xil/ulp_ii_level0_wire_0_propImpl.xdc] to another XDC file and exclude this new file from synthesis with the used_in_synthesis property (File Properties dialog in GUI) and re-run elaboration/synthesis.
Completed Processing XDC Constraints

Netlist sorting complete. Time (s): cpu = 00:00:00 ; elapsed = 00:00:00 . Memory (MB): peak = 3353.367 ; gain = 0.000 ; free physical = 4647 ; free virtual = 92769
INFO: [Project 1-111] Unisim Transformation Summary:
No Unisim elements were transformed.

Constraint Validation Runtime : Time (s): cpu = 00:00:00.2 ; elapsed = 00:00:00.2 . Memory (MB): peak = 3353.402 ; gain = 0.000 ; free physical = 4638 ; free virtual = 92760
INFO: [Designutils 20-5008] Incremental synthesis strategy off
---------------------------------------------------------------------------------
Finished Constraint Validation : Time (s): cpu = 00:00:20 ; elapsed = 00:00:20 . Memory (MB): peak = 3353.402 ; gain = 582.031 ; free physical = 3656 ; free virtual = 91779
---------------------------------------------------------------------------------
---------------------------------------------------------------------------------
Start Loading Part and Timing Information
---------------------------------------------------------------------------------
Loading part: xcu55c-fsvh2892-2L-e
INFO: [Synth 8-6742] Reading net delay rules and data
---------------------------------------------------------------------------------
Finished Loading Part and Timing Information : Time (s): cpu = 00:00:20 ; elapsed = 00:00:20 . Memory (MB): peak = 3353.402 ; gain = 582.031 ; free physical = 3655 ; free virtual = 91778
---------------------------------------------------------------------------------
---------------------------------------------------------------------------------
Start Applying 'set_property' XDC Constraints
---------------------------------------------------------------------------------
Applied set_property KEEP_HIERARCHY = SOFT for inst/pxi_ii_core/inst/s_ip_axi_ctrl_mgmt_00/inst. (constraint file  /home/giuspru/HLS/tutorial-2023/a0.alveo_u55c_matrixmult/_x/link/vivado/vpl/prj/prj.runs/ulp_ii_level0_wire_0_synth_1/dont_touch.xdc, line 95).
Applied set_property KEEP_HIERARCHY = SOFT for inst/pxi_ii_core/inst/m_ip_axi_ctrl_mgmt_00/inst. (constraint file  /home/giuspru/HLS/tutorial-2023/a0.alveo_u55c_matrixmult/_x/link/vivado/vpl/prj/prj.runs/ulp_ii_level0_wire_0_synth_1/dont_touch.xdc, line 98).
Applied set_property KEEP_HIERARCHY = SOFT for inst/pxi_ii_core/inst/s_ip_axi_ctrl_mgmt_01/inst. (constraint file  /home/giuspru/HLS/tutorial-2023/a0.alveo_u55c_matrixmult/_x/link/vivado/vpl/prj/prj.runs/ulp_ii_level0_wire_0_synth_1/dont_touch.xdc, line 101).
Applied set_property KEEP_HIERARCHY = SOFT for inst/pxi_ii_core/inst/m_ip_axi_ctrl_mgmt_01/inst. (constraint file  /home/giuspru/HLS/tutorial-2023/a0.alveo_u55c_matrixmult/_x/link/vivado/vpl/prj/prj.runs/ulp_ii_level0_wire_0_synth_1/dont_touch.xdc, line 104).
Applied set_property KEEP_HIERARCHY = SOFT for inst/pxi_ii_core/inst/s_ip_axi_ctrl_user_00/inst. (constraint file  /home/giuspru/HLS/tutorial-2023/a0.alveo_u55c_matrixmult/_x/link/vivado/vpl/prj/prj.runs/ulp_ii_level0_wire_0_synth_1/dont_touch.xdc, line 107).
Applied set_property KEEP_HIERARCHY = SOFT for inst/pxi_ii_core/inst/m_ip_axi_ctrl_user_00/inst. (constraint file  /home/giuspru/HLS/tutorial-2023/a0.alveo_u55c_matrixmult/_x/link/vivado/vpl/prj/prj.runs/ulp_ii_level0_wire_0_synth_1/dont_touch.xdc, line 110).
Applied set_property KEEP_HIERARCHY = SOFT for inst/pxi_ii_core/inst/s_ip_axi_ctrl_user_01/inst. (constraint file  /home/giuspru/HLS/tutorial-2023/a0.alveo_u55c_matrixmult/_x/link/vivado/vpl/prj/prj.runs/ulp_ii_level0_wire_0_synth_1/dont_touch.xdc, line 113).
Applied set_property KEEP_HIERARCHY = SOFT for inst/pxi_ii_core/inst/m_ip_axi_ctrl_user_01/inst. (constraint file  /home/giuspru/HLS/tutorial-2023/a0.alveo_u55c_matrixmult/_x/link/vivado/vpl/prj/prj.runs/ulp_ii_level0_wire_0_synth_1/dont_touch.xdc, line 116).
Applied set_property KEEP_HIERARCHY = SOFT for inst/pxi_ii_core/inst/s_ip_axi_ctrl_user_02/inst. (constraint file  /home/giuspru/HLS/tutorial-2023/a0.alveo_u55c_matrixmult/_x/link/vivado/vpl/prj/prj.runs/ulp_ii_level0_wire_0_synth_1/dont_touch.xdc, line 119).
Applied set_property KEEP_HIERARCHY = SOFT for inst/pxi_ii_core/inst/m_ip_axi_ctrl_user_02/inst. (constraint file  /home/giuspru/HLS/tutorial-2023/a0.alveo_u55c_matrixmult/_x/link/vivado/vpl/prj/prj.runs/ulp_ii_level0_wire_0_synth_1/dont_touch.xdc, line 122).
Applied set_property KEEP_HIERARCHY = SOFT for inst/pxi_ii_core/inst/s_ip_axi_ctrl_user_03/inst. (constraint file  /home/giuspru/HLS/tutorial-2023/a0.alveo_u55c_matrixmult/_x/link/vivado/vpl/prj/prj.runs/ulp_ii_level0_wire_0_synth_1/dont_touch.xdc, line 125).
Applied set_property KEEP_HIERARCHY = SOFT for inst/pxi_ii_core/inst/m_ip_axi_ctrl_user_03/inst. (constraint file  /home/giuspru/HLS/tutorial-2023/a0.alveo_u55c_matrixmult/_x/link/vivado/vpl/prj/prj.runs/ulp_ii_level0_wire_0_synth_1/dont_touch.xdc, line 128).
Applied set_property KEEP_HIERARCHY = SOFT for inst/pxi_ii_core/inst/s_ip_axi_data_c2h_00/inst. (constraint file  /home/giuspru/HLS/tutorial-2023/a0.alveo_u55c_matrixmult/_x/link/vivado/vpl/prj/prj.runs/ulp_ii_level0_wire_0_synth_1/dont_touch.xdc, line 131).
Applied set_property KEEP_HIERARCHY = SOFT for inst/pxi_ii_core/inst/m_ip_axi_data_c2h_00/inst. (constraint file  /home/giuspru/HLS/tutorial-2023/a0.alveo_u55c_matrixmult/_x/link/vivado/vpl/prj/prj.runs/ulp_ii_level0_wire_0_synth_1/dont_touch.xdc, line 134).
Applied set_property KEEP_HIERARCHY = SOFT for inst/pxi_ii_core/inst/s_ip_axi_data_h2c_00/inst. (constraint file  /home/giuspru/HLS/tutorial-2023/a0.alveo_u55c_matrixmult/_x/link/vivado/vpl/prj/prj.runs/ulp_ii_level0_wire_0_synth_1/dont_touch.xdc, line 137).
Applied set_property KEEP_HIERARCHY = SOFT for inst/pxi_ii_core/inst/m_ip_axi_data_h2c_00/inst. (constraint file  /home/giuspru/HLS/tutorial-2023/a0.alveo_u55c_matrixmult/_x/link/vivado/vpl/prj/prj.runs/ulp_ii_level0_wire_0_synth_1/dont_touch.xdc, line 140).
Applied set_property KEEP_HIERARCHY = SOFT for inst. (constraint file  /home/giuspru/HLS/tutorial-2023/a0.alveo_u55c_matrixmult/_x/link/vivado/vpl/prj/prj.runs/ulp_ii_level0_wire_0_synth_1/dont_touch.xdc, line 146).
Applied set_property KEEP_HIERARCHY = SOFT for inst/pxi_ii_core. (constraint file  auto generated constraint).
Applied set_property KEEP_HIERARCHY = SOFT for inst/pxi_ii_core/inst. (constraint file  auto generated constraint).
Applied set_property KEEP_HIERARCHY = SOFT for inst/pxi_ii_core/inst/ip_aclk_ctrl_00. (constraint file  auto generated constraint).
Applied set_property KEEP_HIERARCHY = SOFT for inst/pxi_ii_core/inst/ip_aclk_pcie_00. (constraint file  auto generated constraint).
Applied set_property KEEP_HIERARCHY = SOFT for inst/pxi_ii_core/inst/ip_aclk_freerun_ref_00. (constraint file  auto generated constraint).
Applied set_property KEEP_HIERARCHY = SOFT for inst/pxi_ii_core/inst/ip_aresetn_ctrl_00. (constraint file  auto generated constraint).
Applied set_property KEEP_HIERARCHY = SOFT for inst/pxi_ii_core/inst/ip_aresetn_pcie_00. (constraint file  auto generated constraint).
Applied set_property KEEP_HIERARCHY = SOFT for inst/pxi_ii_core/inst/s_ip_axi_ctrl_mgmt_00. (constraint file  auto generated constraint).
Applied set_property KEEP_HIERARCHY = SOFT for inst/pxi_ii_core/inst/m_ip_axi_ctrl_mgmt_00. (constraint file  auto generated constraint).
Applied set_property KEEP_HIERARCHY = SOFT for inst/pxi_ii_core/inst/s_ip_axi_ctrl_mgmt_01. (constraint file  auto generated constraint).
Applied set_property KEEP_HIERARCHY = SOFT for inst/pxi_ii_core/inst/m_ip_axi_ctrl_mgmt_01. (constraint file  auto generated constraint).
Applied set_property KEEP_HIERARCHY = SOFT for inst/pxi_ii_core/inst/s_ip_axi_ctrl_user_00. (constraint file  auto generated constraint).
Applied set_property KEEP_HIERARCHY = SOFT for inst/pxi_ii_core/inst/m_ip_axi_ctrl_user_00. (constraint file  auto generated constraint).
Applied set_property KEEP_HIERARCHY = SOFT for inst/pxi_ii_core/inst/s_ip_axi_ctrl_user_01. (constraint file  auto generated constraint).
Applied set_property KEEP_HIERARCHY = SOFT for inst/pxi_ii_core/inst/m_ip_axi_ctrl_user_01. (constraint file  auto generated constraint).
Applied set_property KEEP_HIERARCHY = SOFT for inst/pxi_ii_core/inst/s_ip_axi_ctrl_user_02. (constraint file  auto generated constraint).
Applied set_property KEEP_HIERARCHY = SOFT for inst/pxi_ii_core/inst/m_ip_axi_ctrl_user_02. (constraint file  auto generated constraint).
Applied set_property KEEP_HIERARCHY = SOFT for inst/pxi_ii_core/inst/s_ip_axi_ctrl_user_03. (constraint file  auto generated constraint).
Applied set_property KEEP_HIERARCHY = SOFT for inst/pxi_ii_core/inst/m_ip_axi_ctrl_user_03. (constraint file  auto generated constraint).
Applied set_property KEEP_HIERARCHY = SOFT for inst/pxi_ii_core/inst/s_ip_axi_data_c2h_00. (constraint file  auto generated constraint).
Applied set_property KEEP_HIERARCHY = SOFT for inst/pxi_ii_core/inst/m_ip_axi_data_c2h_00. (constraint file  auto generated constraint).
Applied set_property KEEP_HIERARCHY = SOFT for inst/pxi_ii_core/inst/s_ip_axi_data_h2c_00. (constraint file  auto generated constraint).
Applied set_property KEEP_HIERARCHY = SOFT for inst/pxi_ii_core/inst/m_ip_axi_data_h2c_00. (constraint file  auto generated constraint).
Applied set_property KEEP_HIERARCHY = SOFT for inst/pxi_ii_core/inst/ip_data_satellite_ctrl_data_00. (constraint file  auto generated constraint).
Applied set_property KEEP_HIERARCHY = SOFT for inst/pxi_ii_core/inst/ip_data_memory_calib_complete_00. (constraint file  auto generated constraint).
Applied set_property KEEP_HIERARCHY = SOFT for inst/pxi_ii_core/inst/ip_data_hbm_temp_00. (constraint file  auto generated constraint).
Applied set_property KEEP_HIERARCHY = SOFT for inst/pxi_ii_core/inst/ip_data_hbm_temp_01. (constraint file  auto generated constraint).
Applied set_property KEEP_HIERARCHY = SOFT for inst/pxi_ii_core/inst/ip_irq_cu_00. (constraint file  auto generated constraint).
Applied set_property KEEP_HIERARCHY = SOFT for inst/pxi_ii_core/inst/ip_irq_hbm_cattrip_00. (constraint file  auto generated constraint).
---------------------------------------------------------------------------------
Finished applying 'set_property' XDC Constraints : Time (s): cpu = 00:00:20 ; elapsed = 00:00:20 . Memory (MB): peak = 3353.402 ; gain = 582.031 ; free physical = 3650 ; free virtual = 91773
---------------------------------------------------------------------------------
---------------------------------------------------------------------------------
Finished RTL Optimization Phase 2 : Time (s): cpu = 00:00:20 ; elapsed = 00:00:21 . Memory (MB): peak = 3353.402 ; gain = 582.031 ; free physical = 3630 ; free virtual = 91754
---------------------------------------------------------------------------------
---------------------------------------------------------------------------------
Start RTL Component Statistics 
---------------------------------------------------------------------------------
Detailed RTL Component Info : 
---------------------------------------------------------------------------------
Finished RTL Component Statistics 
---------------------------------------------------------------------------------
---------------------------------------------------------------------------------
Start Part Resource Summary
---------------------------------------------------------------------------------
Part Resources:
DSPs: 9024 (col length:94)
BRAMs: 4032 (col length: RAMB18 288 RAMB36 144)
---------------------------------------------------------------------------------
Finished Part Resource Summary
---------------------------------------------------------------------------------
---------------------------------------------------------------------------------
Start Cross Boundary and Area Optimization
---------------------------------------------------------------------------------
WARNING: [Synth 8-7080] Parallel synthesis criteria is not met
---------------------------------------------------------------------------------
Finished Cross Boundary and Area Optimization : Time (s): cpu = 00:00:22 ; elapsed = 00:00:23 . Memory (MB): peak = 3353.402 ; gain = 582.031 ; free physical = 3216 ; free virtual = 91341
---------------------------------------------------------------------------------
---------------------------------------------------------------------------------
Start Applying XDC Timing Constraints
---------------------------------------------------------------------------------
---------------------------------------------------------------------------------
Finished Applying XDC Timing Constraints : Time (s): cpu = 00:00:30 ; elapsed = 00:00:31 . Memory (MB): peak = 3668.852 ; gain = 897.480 ; free physical = 1793 ; free virtual = 89918
---------------------------------------------------------------------------------
---------------------------------------------------------------------------------
Start Timing Optimization
---------------------------------------------------------------------------------
---------------------------------------------------------------------------------
Finished Timing Optimization : Time (s): cpu = 00:00:30 ; elapsed = 00:00:31 . Memory (MB): peak = 3683.852 ; gain = 912.480 ; free physical = 1580 ; free virtual = 89705
---------------------------------------------------------------------------------
---------------------------------------------------------------------------------
Start Technology Mapping
---------------------------------------------------------------------------------
---------------------------------------------------------------------------------
Finished Technology Mapping : Time (s): cpu = 00:00:31 ; elapsed = 00:00:32 . Memory (MB): peak = 3694.648 ; gain = 923.277 ; free physical = 1387 ; free virtual = 89511
---------------------------------------------------------------------------------
---------------------------------------------------------------------------------
Start IO Insertion
---------------------------------------------------------------------------------
---------------------------------------------------------------------------------
Start Flattening Before IO Insertion
---------------------------------------------------------------------------------
---------------------------------------------------------------------------------
Finished Flattening Before IO Insertion
---------------------------------------------------------------------------------
---------------------------------------------------------------------------------
Start Final Netlist Cleanup
---------------------------------------------------------------------------------
---------------------------------------------------------------------------------
Finished Final Netlist Cleanup
---------------------------------------------------------------------------------
---------------------------------------------------------------------------------
Finished IO Insertion : Time (s): cpu = 00:00:35 ; elapsed = 00:00:36 . Memory (MB): peak = 3708.523 ; gain = 937.152 ; free physical = 972 ; free virtual = 89097
---------------------------------------------------------------------------------
---------------------------------------------------------------------------------
Start Renaming Generated Instances
---------------------------------------------------------------------------------
---------------------------------------------------------------------------------
Finished Renaming Generated Instances : Time (s): cpu = 00:00:35 ; elapsed = 00:00:36 . Memory (MB): peak = 3708.523 ; gain = 937.152 ; free physical = 972 ; free virtual = 89097
---------------------------------------------------------------------------------
---------------------------------------------------------------------------------
Start Rebuilding User Hierarchy
---------------------------------------------------------------------------------
---------------------------------------------------------------------------------
Finished Rebuilding User Hierarchy : Time (s): cpu = 00:00:35 ; elapsed = 00:00:36 . Memory (MB): peak = 3708.523 ; gain = 937.152 ; free physical = 969 ; free virtual = 89094
---------------------------------------------------------------------------------
---------------------------------------------------------------------------------
Start Renaming Generated Ports
---------------------------------------------------------------------------------
---------------------------------------------------------------------------------
Finished Renaming Generated Ports : Time (s): cpu = 00:00:35 ; elapsed = 00:00:36 . Memory (MB): peak = 3708.523 ; gain = 937.152 ; free physical = 968 ; free virtual = 89094
---------------------------------------------------------------------------------
---------------------------------------------------------------------------------
Start Handling Custom Attributes
---------------------------------------------------------------------------------
---------------------------------------------------------------------------------
Finished Handling Custom Attributes : Time (s): cpu = 00:00:35 ; elapsed = 00:00:36 . Memory (MB): peak = 3708.523 ; gain = 937.152 ; free physical = 967 ; free virtual = 89092
---------------------------------------------------------------------------------
---------------------------------------------------------------------------------
Start Renaming Generated Nets
---------------------------------------------------------------------------------
---------------------------------------------------------------------------------
Finished Renaming Generated Nets : Time (s): cpu = 00:00:35 ; elapsed = 00:00:36 . Memory (MB): peak = 3708.523 ; gain = 937.152 ; free physical = 963 ; free virtual = 89089
---------------------------------------------------------------------------------
---------------------------------------------------------------------------------
Start Writing Synthesis Report
---------------------------------------------------------------------------------

Report BlackBoxes: 
+-+--------------+----------+
| |BlackBox name |Instances |
+-+--------------+----------+
+-+--------------+----------+

Report Cell Usage: 
+-+-----+------+
| |Cell |Count |
+-+-----+------+
+-+-----+------+
---------------------------------------------------------------------------------
Finished Writing Synthesis Report : Time (s): cpu = 00:00:35 ; elapsed = 00:00:36 . Memory (MB): peak = 3708.523 ; gain = 937.152 ; free physical = 963 ; free virtual = 89088
---------------------------------------------------------------------------------
Synthesis finished with 0 errors, 0 critical warnings and 106 warnings.
Synthesis Optimization Runtime : Time (s): cpu = 00:00:26 ; elapsed = 00:00:28 . Memory (MB): peak = 3708.523 ; gain = 871.582 ; free physical = 959 ; free virtual = 89084
Synthesis Optimization Complete : Time (s): cpu = 00:00:35 ; elapsed = 00:00:36 . Memory (MB): peak = 3708.531 ; gain = 937.152 ; free physical = 959 ; free virtual = 89084
INFO: [Project 1-571] Translating synthesized netlist
Netlist sorting complete. Time (s): cpu = 00:00:00.11 ; elapsed = 00:00:00.11 . Memory (MB): peak = 3708.531 ; gain = 0.000 ; free physical = 1074 ; free virtual = 89200
INFO: [Project 1-570] Preparing netlist for logic optimization
INFO: [Opt 31-138] Pushed 0 inverter(s) to 0 load pin(s).
Netlist sorting complete. Time (s): cpu = 00:00:00 ; elapsed = 00:00:00.01 . Memory (MB): peak = 3799.719 ; gain = 0.000 ; free physical = 3770 ; free virtual = 91895
INFO: [Project 1-111] Unisim Transformation Summary:
No Unisim elements were transformed.

Synth Design complete | Checksum: e0fdda89
INFO: [Common 17-83] Releasing license: Synthesis
152 Infos, 106 Warnings, 0 Critical Warnings and 0 Errors encountered.
synth_design completed successfully
synth_design: Time (s): cpu = 00:00:48 ; elapsed = 00:00:47 . Memory (MB): peak = 3805.691 ; gain = 2390.945 ; free physical = 3756 ; free virtual = 91882
INFO: [Common 17-2834] synth_design peak Physical Memory [PSS] (MB): overall = 3071.404; main = 2945.020; forked = 333.864
INFO: [Common 17-2834] synth_design peak Virtual Memory [VSS] (MB): overall = 4606.141; main = 3805.660; forked = 988.285
INFO: [Common 17-1381] The checkpoint '/home/giuspru/HLS/tutorial-2023/a0.alveo_u55c_matrixmult/_x/link/vivado/vpl/prj/prj.runs/ulp_ii_level0_wire_0_synth_1/ulp_ii_level0_wire_0.dcp' has been generated.
INFO: [Coretcl 2-1648] Added synthesis output to IP cache for IP ulp_ii_level0_wire_0, cache-ID = 7b97f75c594e3ea0
INFO: [Coretcl 2-1174] Renamed 46 cell refs.
INFO: [Common 17-1381] The checkpoint '/home/giuspru/HLS/tutorial-2023/a0.alveo_u55c_matrixmult/_x/link/vivado/vpl/prj/prj.runs/ulp_ii_level0_wire_0_synth_1/ulp_ii_level0_wire_0.dcp' has been generated.
INFO: [runtcl-4] Executing : report_utilization -file ulp_ii_level0_wire_0_utilization_synth.rpt -pb ulp_ii_level0_wire_0_utilization_synth.pb
INFO: [Common 17-206] Exiting Vivado at Mon Mar  3 09:51:52 2025...
