
*** Running vivado
    with args -log ulp_auto_cc_0.vds -m64 -product Vivado -mode batch -messageDb vivado.pb -notrace -source ulp_auto_cc_0.tcl


****** Vivado v2023.2 (64-bit)
  **** SW Build 4029153 on Fri Oct 13 20:13:54 MDT 2023
  **** IP Build 4028589 on Sat Oct 14 00:45:43 MDT 2023
  **** SharedData Build 4025554 on Tue Oct 10 17:18:54 MDT 2023
    ** Copyright 1986-2022 Xilinx, Inc. All Rights Reserved.
    ** Copyright 2022-2023 Advanced Micro Devices, Inc. All Rights Reserved.

source ulp_auto_cc_0.tcl -notrace
INFO: Dispatch client connection id - 37993
create_project: Time (s): cpu = 00:00:06 ; elapsed = 00:00:06 . Memory (MB): peak = 1355.305 ; gain = 33.836 ; free physical = 748 ; free virtual = 98184
INFO: [IP_Flow 19-234] Refreshing IP repositories
INFO: [IP_Flow 19-1700] Loaded user IP repository '/home/giuspru/HLS/tutorial-2023/a0.alveo_u55c_matrixmult/_x/link/int/xo/ip_repo/xilinx_com_hls_func_1_0'.
INFO: [IP_Flow 19-1700] Loaded user IP repository '/home/giuspru/HLS/tutorial-2023/a0.alveo_u55c_matrixmult/_x/link/vivado/vpl/.local/hw_platform/iprepo'.
INFO: [IP_Flow 19-1700] Loaded user IP repository '/home/giuspru/HLS/tutorial-2023/a0.alveo_u55c_matrixmult/_x/link/vivado/vpl/.local/hw_platform/ipcache'.
INFO: [IP_Flow 19-1700] Loaded user IP repository '/tools/Xilinx/Vitis/2023.2/data/ip'.
INFO: [IP_Flow 19-2313] Loaded Vivado IP repository '/tools/Xilinx/Vivado/2023.2/data/ip'.
WARNING: [IP_Flow 19-1663] Duplicate IP found for 'xilinx.com:ip:axis_clk_metadata_adapter:1.0'. The one found in IP location '/home/giuspru/HLS/tutorial-2023/a0.alveo_u55c_matrixmult/_x/link/vivado/vpl/.local/hw_platform/iprepo/ipdefs/other_ipdefs/axis_clk_metadata_adapter_v1_0' will take precedence over the same IP in location /home/giuspru/HLS/tutorial-2023/a0.alveo_u55c_matrixmult/_x/link/vivado/vpl/.local/hw_platform/iprepo/ipdefs/pxi_ii_infra/axis_clk_metadata_adapter_v1_0
WARNING: [IP_Flow 19-1663] Duplicate IP found for 'xilinx.com:ip:pipeline_reg:1.0'. The one found in IP location '/home/giuspru/HLS/tutorial-2023/a0.alveo_u55c_matrixmult/_x/link/vivado/vpl/.local/hw_platform/iprepo/ipdefs/other_ipdefs/pipeline_reg_v1_0' will take precedence over the same IP in location /home/giuspru/HLS/tutorial-2023/a0.alveo_u55c_matrixmult/_x/link/vivado/vpl/.local/hw_platform/iprepo/ipdefs/pxi_ii_infra/pipeline_reg_v1_0
WARNING: [IP_Flow 19-1663] Duplicate IP found for 'xilinx.com:ip:clk_metadata_adapter:1.0'. The one found in IP location '/home/giuspru/HLS/tutorial-2023/a0.alveo_u55c_matrixmult/_x/link/vivado/vpl/.local/hw_platform/iprepo/ipdefs/other_ipdefs/clk_metadata_adapter_v1_0' will take precedence over the same IP in location /home/giuspru/HLS/tutorial-2023/a0.alveo_u55c_matrixmult/_x/link/vivado/vpl/.local/hw_platform/iprepo/ipdefs/pxi_ii_infra/clk_metadata_adapter_v1_0
WARNING: [IP_Flow 19-1663] Duplicate IP found for 'xilinx.com:ip:shell_utils_build_info:1.0'. The one found in IP location '/home/giuspru/HLS/tutorial-2023/a0.alveo_u55c_matrixmult/_x/link/vivado/vpl/.local/hw_platform/iprepo/ipdefs/other_ipdefs/shell_utils_build_info_v1_0' will take precedence over the same IP in the Xilinx installed IP.
WARNING: [IP_Flow 19-1663] Duplicate IP found for 'xilinx.com:ip:axi_clk_metadata_adapter:1.0'. The one found in IP location '/home/giuspru/HLS/tutorial-2023/a0.alveo_u55c_matrixmult/_x/link/vivado/vpl/.local/hw_platform/iprepo/ipdefs/other_ipdefs/axi_clk_metadata_adapter_v1_0' will take precedence over the same IP in location /home/giuspru/HLS/tutorial-2023/a0.alveo_u55c_matrixmult/_x/link/vivado/vpl/.local/hw_platform/iprepo/ipdefs/pxi_ii_infra/axi_clk_metadata_adapter_v1_0
INFO: [IP_Flow 19-6924] IPCACHE: Running cache check for IP inst: ulp_auto_cc_0
Command: synth_design -top ulp_auto_cc_0 -part xcu55c-fsvh2892-2L-e -incremental_mode off -mode out_of_context
Starting synth_design
Attempting to get a license for feature 'Synthesis' and/or device 'xcu55c'
INFO: [Common 17-349] Got license for feature 'Synthesis' and/or device 'xcu55c'
INFO: [Device 21-403] Loading part xcu55c-fsvh2892-2L-e
INFO: [Synth 8-7079] Multithreading enabled for synth_design using a maximum of 1 processes.
INFO: [Synth 8-7078] Launching helper process for spawning children vivado processes
INFO: [Synth 8-7075] Helper process launched with PID 3479562
---------------------------------------------------------------------------------
Starting RTL Elaboration : Time (s): cpu = 00:00:06 ; elapsed = 00:00:07 . Memory (MB): peak = 3148.383 ; gain = 391.734 ; free physical = 287 ; free virtual = 90009
---------------------------------------------------------------------------------
INFO: [Synth 8-6157] synthesizing module 'ulp_auto_cc_0' [/home/giuspru/HLS/tutorial-2023/a0.alveo_u55c_matrixmult/_x/link/vivado/vpl/prj/prj.gen/my_rm/bd/ulp/ip/ulp_auto_cc_0/synth/ulp_auto_cc_0.v:53]
INFO: [Synth 8-6157] synthesizing module 'axi_clock_converter_v2_1_28_axi_clock_converter' [/home/giuspru/HLS/tutorial-2023/a0.alveo_u55c_matrixmult/_x/link/vivado/vpl/prj/prj.gen/my_rm/bd/ulp/ipshared/769c/hdl/axi_clock_converter_v2_1_vl_rfs.v:650]
INFO: [Synth 8-6157] synthesizing module 'axi_infrastructure_v1_1_0_axi2vector' [/home/giuspru/HLS/tutorial-2023/a0.alveo_u55c_matrixmult/_x/link/vivado/vpl/prj/prj.gen/my_rm/bd/ulp/ipshared/ec67/hdl/axi_infrastructure_v1_1_vl_rfs.v:59]
INFO: [Synth 8-6155] done synthesizing module 'axi_infrastructure_v1_1_0_axi2vector' (0#1) [/home/giuspru/HLS/tutorial-2023/a0.alveo_u55c_matrixmult/_x/link/vivado/vpl/prj/prj.gen/my_rm/bd/ulp/ipshared/ec67/hdl/axi_infrastructure_v1_1_vl_rfs.v:59]
INFO: [Synth 8-6157] synthesizing module 'axi_clock_converter_v2_1_28_lite_async' [/home/giuspru/HLS/tutorial-2023/a0.alveo_u55c_matrixmult/_x/link/vivado/vpl/prj/prj.gen/my_rm/bd/ulp/ipshared/769c/hdl/axi_clock_converter_v2_1_vl_rfs.v:513]
INFO: [Synth 8-6157] synthesizing module 'xpm_cdc_handshake' [/tools/Xilinx/Vivado/2023.2/data/ip/xpm/xpm_cdc/hdl/xpm_cdc.sv:468]
INFO: [Synth 8-6157] synthesizing module 'xpm_cdc_single' [/tools/Xilinx/Vivado/2023.2/data/ip/xpm/xpm_cdc/hdl/xpm_cdc.sv:152]
INFO: [Synth 8-6155] done synthesizing module 'xpm_cdc_single' (0#1) [/tools/Xilinx/Vivado/2023.2/data/ip/xpm/xpm_cdc/hdl/xpm_cdc.sv:152]
INFO: [Synth 8-6155] done synthesizing module 'xpm_cdc_handshake' (0#1) [/tools/Xilinx/Vivado/2023.2/data/ip/xpm/xpm_cdc/hdl/xpm_cdc.sv:468]
INFO: [Synth 8-6155] done synthesizing module 'axi_clock_converter_v2_1_28_lite_async' (0#1) [/home/giuspru/HLS/tutorial-2023/a0.alveo_u55c_matrixmult/_x/link/vivado/vpl/prj/prj.gen/my_rm/bd/ulp/ipshared/769c/hdl/axi_clock_converter_v2_1_vl_rfs.v:513]
INFO: [Synth 8-6157] synthesizing module 'axi_clock_converter_v2_1_28_lite_async__parameterized0' [/home/giuspru/HLS/tutorial-2023/a0.alveo_u55c_matrixmult/_x/link/vivado/vpl/prj/prj.gen/my_rm/bd/ulp/ipshared/769c/hdl/axi_clock_converter_v2_1_vl_rfs.v:513]
INFO: [Synth 8-6157] synthesizing module 'xpm_cdc_handshake__parameterized0' [/tools/Xilinx/Vivado/2023.2/data/ip/xpm/xpm_cdc/hdl/xpm_cdc.sv:468]
INFO: [Synth 8-6155] done synthesizing module 'xpm_cdc_handshake__parameterized0' (0#1) [/tools/Xilinx/Vivado/2023.2/data/ip/xpm/xpm_cdc/hdl/xpm_cdc.sv:468]
INFO: [Synth 8-6155] done synthesizing module 'axi_clock_converter_v2_1_28_lite_async__parameterized0' (0#1) [/home/giuspru/HLS/tutorial-2023/a0.alveo_u55c_matrixmult/_x/link/vivado/vpl/prj/prj.gen/my_rm/bd/ulp/ipshared/769c/hdl/axi_clock_converter_v2_1_vl_rfs.v:513]
INFO: [Synth 8-6157] synthesizing module 'axi_clock_converter_v2_1_28_lite_async__parameterized1' [/home/giuspru/HLS/tutorial-2023/a0.alveo_u55c_matrixmult/_x/link/vivado/vpl/prj/prj.gen/my_rm/bd/ulp/ipshared/769c/hdl/axi_clock_converter_v2_1_vl_rfs.v:513]
INFO: [Synth 8-6157] synthesizing module 'xpm_cdc_handshake__parameterized1' [/tools/Xilinx/Vivado/2023.2/data/ip/xpm/xpm_cdc/hdl/xpm_cdc.sv:468]
INFO: [Synth 8-6155] done synthesizing module 'xpm_cdc_handshake__parameterized1' (0#1) [/tools/Xilinx/Vivado/2023.2/data/ip/xpm/xpm_cdc/hdl/xpm_cdc.sv:468]
INFO: [Synth 8-6155] done synthesizing module 'axi_clock_converter_v2_1_28_lite_async__parameterized1' (0#1) [/home/giuspru/HLS/tutorial-2023/a0.alveo_u55c_matrixmult/_x/link/vivado/vpl/prj/prj.gen/my_rm/bd/ulp/ipshared/769c/hdl/axi_clock_converter_v2_1_vl_rfs.v:513]
INFO: [Synth 8-6157] synthesizing module 'axi_clock_converter_v2_1_28_lite_async__parameterized2' [/home/giuspru/HLS/tutorial-2023/a0.alveo_u55c_matrixmult/_x/link/vivado/vpl/prj/prj.gen/my_rm/bd/ulp/ipshared/769c/hdl/axi_clock_converter_v2_1_vl_rfs.v:513]
INFO: [Synth 8-6157] synthesizing module 'xpm_cdc_handshake__parameterized2' [/tools/Xilinx/Vivado/2023.2/data/ip/xpm/xpm_cdc/hdl/xpm_cdc.sv:468]
INFO: [Synth 8-6155] done synthesizing module 'xpm_cdc_handshake__parameterized2' (0#1) [/tools/Xilinx/Vivado/2023.2/data/ip/xpm/xpm_cdc/hdl/xpm_cdc.sv:468]
INFO: [Synth 8-6155] done synthesizing module 'axi_clock_converter_v2_1_28_lite_async__parameterized2' (0#1) [/home/giuspru/HLS/tutorial-2023/a0.alveo_u55c_matrixmult/_x/link/vivado/vpl/prj/prj.gen/my_rm/bd/ulp/ipshared/769c/hdl/axi_clock_converter_v2_1_vl_rfs.v:513]
INFO: [Synth 8-6157] synthesizing module 'axi_infrastructure_v1_1_0_vector2axi' [/home/giuspru/HLS/tutorial-2023/a0.alveo_u55c_matrixmult/_x/link/vivado/vpl/prj/prj.gen/my_rm/bd/ulp/ipshared/ec67/hdl/axi_infrastructure_v1_1_vl_rfs.v:473]
INFO: [Synth 8-6155] done synthesizing module 'axi_infrastructure_v1_1_0_vector2axi' (0#1) [/home/giuspru/HLS/tutorial-2023/a0.alveo_u55c_matrixmult/_x/link/vivado/vpl/prj/prj.gen/my_rm/bd/ulp/ipshared/ec67/hdl/axi_infrastructure_v1_1_vl_rfs.v:473]
INFO: [Synth 8-6155] done synthesizing module 'axi_clock_converter_v2_1_28_axi_clock_converter' (0#1) [/home/giuspru/HLS/tutorial-2023/a0.alveo_u55c_matrixmult/_x/link/vivado/vpl/prj/prj.gen/my_rm/bd/ulp/ipshared/769c/hdl/axi_clock_converter_v2_1_vl_rfs.v:650]
INFO: [Synth 8-6155] done synthesizing module 'ulp_auto_cc_0' (0#1) [/home/giuspru/HLS/tutorial-2023/a0.alveo_u55c_matrixmult/_x/link/vivado/vpl/prj/prj.gen/my_rm/bd/ulp/ip/ulp_auto_cc_0/synth/ulp_auto_cc_0.v:53]
WARNING: [Synth 8-6014] Unused sequential element dest_req_ext_ff_reg was removed.  [/tools/Xilinx/Vivado/2023.2/data/ip/xpm/xpm_cdc/hdl/xpm_cdc.sv:623]
WARNING: [Synth 8-6014] Unused sequential element dest_req_ext_ff_reg was removed.  [/tools/Xilinx/Vivado/2023.2/data/ip/xpm/xpm_cdc/hdl/xpm_cdc.sv:623]
WARNING: [Synth 8-6014] Unused sequential element dest_req_ext_ff_reg was removed.  [/tools/Xilinx/Vivado/2023.2/data/ip/xpm/xpm_cdc/hdl/xpm_cdc.sv:623]
WARNING: [Synth 8-6014] Unused sequential element dest_req_ext_ff_reg was removed.  [/tools/Xilinx/Vivado/2023.2/data/ip/xpm/xpm_cdc/hdl/xpm_cdc.sv:623]
WARNING: [Synth 8-7129] Port m_axi_bid[0] in module axi_infrastructure_v1_1_0_vector2axi is either unconnected or has no load
WARNING: [Synth 8-7129] Port m_axi_buser[0] in module axi_infrastructure_v1_1_0_vector2axi is either unconnected or has no load
WARNING: [Synth 8-7129] Port m_axi_rid[0] in module axi_infrastructure_v1_1_0_vector2axi is either unconnected or has no load
WARNING: [Synth 8-7129] Port m_axi_rlast in module axi_infrastructure_v1_1_0_vector2axi is either unconnected or has no load
WARNING: [Synth 8-7129] Port m_axi_ruser[0] in module axi_infrastructure_v1_1_0_vector2axi is either unconnected or has no load
WARNING: [Synth 8-7129] Port src_clk in module xpm_cdc_single is either unconnected or has no load
WARNING: [Synth 8-7129] Port s_axi_awid[0] in module axi_infrastructure_v1_1_0_axi2vector is either unconnected or has no load
WARNING: [Synth 8-7129] Port s_axi_awlen[7] in module axi_infrastructure_v1_1_0_axi2vector is either unconnected or has no load
WARNING: [Synth 8-7129] Port s_axi_awlen[6] in module axi_infrastructure_v1_1_0_axi2vector is either unconnected or has no load
WARNING: [Synth 8-7129] Port s_axi_awlen[5] in module axi_infrastructure_v1_1_0_axi2vector is either unconnected or has no load
WARNING: [Synth 8-7129] Port s_axi_awlen[4] in module axi_infrastructure_v1_1_0_axi2vector is either unconnected or has no load
WARNING: [Synth 8-7129] Port s_axi_awlen[3] in module axi_infrastructure_v1_1_0_axi2vector is either unconnected or has no load
WARNING: [Synth 8-7129] Port s_axi_awlen[2] in module axi_infrastructure_v1_1_0_axi2vector is either unconnected or has no load
WARNING: [Synth 8-7129] Port s_axi_awlen[1] in module axi_infrastructure_v1_1_0_axi2vector is either unconnected or has no load
WARNING: [Synth 8-7129] Port s_axi_awlen[0] in module axi_infrastructure_v1_1_0_axi2vector is either unconnected or has no load
WARNING: [Synth 8-7129] Port s_axi_awsize[2] in module axi_infrastructure_v1_1_0_axi2vector is either unconnected or has no load
WARNING: [Synth 8-7129] Port s_axi_awsize[1] in module axi_infrastructure_v1_1_0_axi2vector is either unconnected or has no load
WARNING: [Synth 8-7129] Port s_axi_awsize[0] in module axi_infrastructure_v1_1_0_axi2vector is either unconnected or has no load
WARNING: [Synth 8-7129] Port s_axi_awburst[1] in module axi_infrastructure_v1_1_0_axi2vector is either unconnected or has no load
WARNING: [Synth 8-7129] Port s_axi_awburst[0] in module axi_infrastructure_v1_1_0_axi2vector is either unconnected or has no load
WARNING: [Synth 8-7129] Port s_axi_awlock[0] in module axi_infrastructure_v1_1_0_axi2vector is either unconnected or has no load
WARNING: [Synth 8-7129] Port s_axi_awcache[3] in module axi_infrastructure_v1_1_0_axi2vector is either unconnected or has no load
WARNING: [Synth 8-7129] Port s_axi_awcache[2] in module axi_infrastructure_v1_1_0_axi2vector is either unconnected or has no load
WARNING: [Synth 8-7129] Port s_axi_awcache[1] in module axi_infrastructure_v1_1_0_axi2vector is either unconnected or has no load
WARNING: [Synth 8-7129] Port s_axi_awcache[0] in module axi_infrastructure_v1_1_0_axi2vector is either unconnected or has no load
WARNING: [Synth 8-7129] Port s_axi_awregion[3] in module axi_infrastructure_v1_1_0_axi2vector is either unconnected or has no load
WARNING: [Synth 8-7129] Port s_axi_awregion[2] in module axi_infrastructure_v1_1_0_axi2vector is either unconnected or has no load
WARNING: [Synth 8-7129] Port s_axi_awregion[1] in module axi_infrastructure_v1_1_0_axi2vector is either unconnected or has no load
WARNING: [Synth 8-7129] Port s_axi_awregion[0] in module axi_infrastructure_v1_1_0_axi2vector is either unconnected or has no load
WARNING: [Synth 8-7129] Port s_axi_awqos[3] in module axi_infrastructure_v1_1_0_axi2vector is either unconnected or has no load
WARNING: [Synth 8-7129] Port s_axi_awqos[2] in module axi_infrastructure_v1_1_0_axi2vector is either unconnected or has no load
WARNING: [Synth 8-7129] Port s_axi_awqos[1] in module axi_infrastructure_v1_1_0_axi2vector is either unconnected or has no load
WARNING: [Synth 8-7129] Port s_axi_awqos[0] in module axi_infrastructure_v1_1_0_axi2vector is either unconnected or has no load
WARNING: [Synth 8-7129] Port s_axi_awuser[0] in module axi_infrastructure_v1_1_0_axi2vector is either unconnected or has no load
WARNING: [Synth 8-7129] Port s_axi_wid[0] in module axi_infrastructure_v1_1_0_axi2vector is either unconnected or has no load
WARNING: [Synth 8-7129] Port s_axi_wlast in module axi_infrastructure_v1_1_0_axi2vector is either unconnected or has no load
WARNING: [Synth 8-7129] Port s_axi_wuser[0] in module axi_infrastructure_v1_1_0_axi2vector is either unconnected or has no load
WARNING: [Synth 8-7129] Port s_axi_arid[0] in module axi_infrastructure_v1_1_0_axi2vector is either unconnected or has no load
WARNING: [Synth 8-7129] Port s_axi_arlen[7] in module axi_infrastructure_v1_1_0_axi2vector is either unconnected or has no load
WARNING: [Synth 8-7129] Port s_axi_arlen[6] in module axi_infrastructure_v1_1_0_axi2vector is either unconnected or has no load
WARNING: [Synth 8-7129] Port s_axi_arlen[5] in module axi_infrastructure_v1_1_0_axi2vector is either unconnected or has no load
WARNING: [Synth 8-7129] Port s_axi_arlen[4] in module axi_infrastructure_v1_1_0_axi2vector is either unconnected or has no load
WARNING: [Synth 8-7129] Port s_axi_arlen[3] in module axi_infrastructure_v1_1_0_axi2vector is either unconnected or has no load
WARNING: [Synth 8-7129] Port s_axi_arlen[2] in module axi_infrastructure_v1_1_0_axi2vector is either unconnected or has no load
WARNING: [Synth 8-7129] Port s_axi_arlen[1] in module axi_infrastructure_v1_1_0_axi2vector is either unconnected or has no load
WARNING: [Synth 8-7129] Port s_axi_arlen[0] in module axi_infrastructure_v1_1_0_axi2vector is either unconnected or has no load
WARNING: [Synth 8-7129] Port s_axi_arsize[2] in module axi_infrastructure_v1_1_0_axi2vector is either unconnected or has no load
WARNING: [Synth 8-7129] Port s_axi_arsize[1] in module axi_infrastructure_v1_1_0_axi2vector is either unconnected or has no load
WARNING: [Synth 8-7129] Port s_axi_arsize[0] in module axi_infrastructure_v1_1_0_axi2vector is either unconnected or has no load
WARNING: [Synth 8-7129] Port s_axi_arburst[1] in module axi_infrastructure_v1_1_0_axi2vector is either unconnected or has no load
WARNING: [Synth 8-7129] Port s_axi_arburst[0] in module axi_infrastructure_v1_1_0_axi2vector is either unconnected or has no load
WARNING: [Synth 8-7129] Port s_axi_arlock[0] in module axi_infrastructure_v1_1_0_axi2vector is either unconnected or has no load
WARNING: [Synth 8-7129] Port s_axi_arcache[3] in module axi_infrastructure_v1_1_0_axi2vector is either unconnected or has no load
WARNING: [Synth 8-7129] Port s_axi_arcache[2] in module axi_infrastructure_v1_1_0_axi2vector is either unconnected or has no load
WARNING: [Synth 8-7129] Port s_axi_arcache[1] in module axi_infrastructure_v1_1_0_axi2vector is either unconnected or has no load
WARNING: [Synth 8-7129] Port s_axi_arcache[0] in module axi_infrastructure_v1_1_0_axi2vector is either unconnected or has no load
WARNING: [Synth 8-7129] Port s_axi_arregion[3] in module axi_infrastructure_v1_1_0_axi2vector is either unconnected or has no load
WARNING: [Synth 8-7129] Port s_axi_arregion[2] in module axi_infrastructure_v1_1_0_axi2vector is either unconnected or has no load
WARNING: [Synth 8-7129] Port s_axi_arregion[1] in module axi_infrastructure_v1_1_0_axi2vector is either unconnected or has no load
WARNING: [Synth 8-7129] Port s_axi_arregion[0] in module axi_infrastructure_v1_1_0_axi2vector is either unconnected or has no load
WARNING: [Synth 8-7129] Port s_axi_arqos[3] in module axi_infrastructure_v1_1_0_axi2vector is either unconnected or has no load
WARNING: [Synth 8-7129] Port s_axi_arqos[2] in module axi_infrastructure_v1_1_0_axi2vector is either unconnected or has no load
WARNING: [Synth 8-7129] Port s_axi_arqos[1] in module axi_infrastructure_v1_1_0_axi2vector is either unconnected or has no load
WARNING: [Synth 8-7129] Port s_axi_arqos[0] in module axi_infrastructure_v1_1_0_axi2vector is either unconnected or has no load
WARNING: [Synth 8-7129] Port s_axi_aruser[0] in module axi_infrastructure_v1_1_0_axi2vector is either unconnected or has no load
WARNING: [Synth 8-7129] Port s_axi_awid[0] in module axi_clock_converter_v2_1_28_axi_clock_converter is either unconnected or has no load
WARNING: [Synth 8-7129] Port s_axi_awsize[2] in module axi_clock_converter_v2_1_28_axi_clock_converter is either unconnected or has no load
WARNING: [Synth 8-7129] Port s_axi_awsize[1] in module axi_clock_converter_v2_1_28_axi_clock_converter is either unconnected or has no load
WARNING: [Synth 8-7129] Port s_axi_awsize[0] in module axi_clock_converter_v2_1_28_axi_clock_converter is either unconnected or has no load
WARNING: [Synth 8-7129] Port s_axi_awburst[1] in module axi_clock_converter_v2_1_28_axi_clock_converter is either unconnected or has no load
WARNING: [Synth 8-7129] Port s_axi_awburst[0] in module axi_clock_converter_v2_1_28_axi_clock_converter is either unconnected or has no load
WARNING: [Synth 8-7129] Port s_axi_awcache[3] in module axi_clock_converter_v2_1_28_axi_clock_converter is either unconnected or has no load
WARNING: [Synth 8-7129] Port s_axi_awcache[2] in module axi_clock_converter_v2_1_28_axi_clock_converter is either unconnected or has no load
WARNING: [Synth 8-7129] Port s_axi_awcache[1] in module axi_clock_converter_v2_1_28_axi_clock_converter is either unconnected or has no load
WARNING: [Synth 8-7129] Port s_axi_awcache[0] in module axi_clock_converter_v2_1_28_axi_clock_converter is either unconnected or has no load
WARNING: [Synth 8-7129] Port s_axi_awregion[3] in module axi_clock_converter_v2_1_28_axi_clock_converter is either unconnected or has no load
WARNING: [Synth 8-7129] Port s_axi_awregion[2] in module axi_clock_converter_v2_1_28_axi_clock_converter is either unconnected or has no load
WARNING: [Synth 8-7129] Port s_axi_awregion[1] in module axi_clock_converter_v2_1_28_axi_clock_converter is either unconnected or has no load
WARNING: [Synth 8-7129] Port s_axi_awregion[0] in module axi_clock_converter_v2_1_28_axi_clock_converter is either unconnected or has no load
WARNING: [Synth 8-7129] Port s_axi_awqos[3] in module axi_clock_converter_v2_1_28_axi_clock_converter is either unconnected or has no load
WARNING: [Synth 8-7129] Port s_axi_awqos[2] in module axi_clock_converter_v2_1_28_axi_clock_converter is either unconnected or has no load
WARNING: [Synth 8-7129] Port s_axi_awqos[1] in module axi_clock_converter_v2_1_28_axi_clock_converter is either unconnected or has no load
WARNING: [Synth 8-7129] Port s_axi_awqos[0] in module axi_clock_converter_v2_1_28_axi_clock_converter is either unconnected or has no load
WARNING: [Synth 8-7129] Port s_axi_awuser[0] in module axi_clock_converter_v2_1_28_axi_clock_converter is either unconnected or has no load
WARNING: [Synth 8-7129] Port s_axi_wid[0] in module axi_clock_converter_v2_1_28_axi_clock_converter is either unconnected or has no load
WARNING: [Synth 8-7129] Port s_axi_wlast in module axi_clock_converter_v2_1_28_axi_clock_converter is either unconnected or has no load
WARNING: [Synth 8-7129] Port s_axi_wuser[0] in module axi_clock_converter_v2_1_28_axi_clock_converter is either unconnected or has no load
WARNING: [Synth 8-7129] Port s_axi_arid[0] in module axi_clock_converter_v2_1_28_axi_clock_converter is either unconnected or has no load
WARNING: [Synth 8-7129] Port s_axi_arsize[2] in module axi_clock_converter_v2_1_28_axi_clock_converter is either unconnected or has no load
WARNING: [Synth 8-7129] Port s_axi_arsize[1] in module axi_clock_converter_v2_1_28_axi_clock_converter is either unconnected or has no load
WARNING: [Synth 8-7129] Port s_axi_arsize[0] in module axi_clock_converter_v2_1_28_axi_clock_converter is either unconnected or has no load
WARNING: [Synth 8-7129] Port s_axi_arburst[1] in module axi_clock_converter_v2_1_28_axi_clock_converter is either unconnected or has no load
WARNING: [Synth 8-7129] Port s_axi_arburst[0] in module axi_clock_converter_v2_1_28_axi_clock_converter is either unconnected or has no load
WARNING: [Synth 8-7129] Port s_axi_arcache[3] in module axi_clock_converter_v2_1_28_axi_clock_converter is either unconnected or has no load
WARNING: [Synth 8-7129] Port s_axi_arcache[2] in module axi_clock_converter_v2_1_28_axi_clock_converter is either unconnected or has no load
WARNING: [Synth 8-7129] Port s_axi_arcache[1] in module axi_clock_converter_v2_1_28_axi_clock_converter is either unconnected or has no load
WARNING: [Synth 8-7129] Port s_axi_arcache[0] in module axi_clock_converter_v2_1_28_axi_clock_converter is either unconnected or has no load
WARNING: [Synth 8-7129] Port s_axi_arregion[3] in module axi_clock_converter_v2_1_28_axi_clock_converter is either unconnected or has no load
WARNING: [Synth 8-7129] Port s_axi_arregion[2] in module axi_clock_converter_v2_1_28_axi_clock_converter is either unconnected or has no load
WARNING: [Synth 8-7129] Port s_axi_arregion[1] in module axi_clock_converter_v2_1_28_axi_clock_converter is either unconnected or has no load
INFO: [Common 17-14] Message 'Synth 8-7129' appears 100 times and further instances of the messages will be disabled. Use the Tcl command set_msg_config to change the current settings.
---------------------------------------------------------------------------------
Finished RTL Elaboration : Time (s): cpu = 00:00:10 ; elapsed = 00:00:12 . Memory (MB): peak = 3331.352 ; gain = 574.703 ; free physical = 263 ; free virtual = 89437
---------------------------------------------------------------------------------
---------------------------------------------------------------------------------
Start Handling Custom Attributes
---------------------------------------------------------------------------------
---------------------------------------------------------------------------------
Finished Handling Custom Attributes : Time (s): cpu = 00:00:10 ; elapsed = 00:00:12 . Memory (MB): peak = 3331.352 ; gain = 574.703 ; free physical = 263 ; free virtual = 89437
---------------------------------------------------------------------------------
---------------------------------------------------------------------------------
Finished RTL Optimization Phase 1 : Time (s): cpu = 00:00:10 ; elapsed = 00:00:12 . Memory (MB): peak = 3331.352 ; gain = 574.703 ; free physical = 263 ; free virtual = 89437
---------------------------------------------------------------------------------
Netlist sorting complete. Time (s): cpu = 00:00:00.01 ; elapsed = 00:00:00.01 . Memory (MB): peak = 3331.352 ; gain = 0.000 ; free physical = 260 ; free virtual = 89436
INFO: [Project 1-570] Preparing netlist for logic optimization

Processing XDC Constraints
Initializing timing engine
Parsing XDC File [/home/giuspru/HLS/tutorial-2023/a0.alveo_u55c_matrixmult/_x/link/vivado/vpl/prj/prj.gen/my_rm/bd/ulp/ip/ulp_auto_cc_0/ulp_auto_cc_0_ooc.xdc] for cell 'inst'
0V85_VCCINT { VCCINT }  -supply_current_budget  100.000 A -voltage  0.850 V -direct
0V85_VCCINT_IO { VCCINT_IO VCCBRAM }  -supply_current_budget  30.000 A -voltage  0.850 V -direct
0V9_AVCC { MGTYAVCC }  -supply_current_budget  0.000 A -voltage  0.900 V -direct
1V2_AVTT { MGTYAVTT }  -supply_current_budget  0.000 A -voltage  1.200 V -direct
1V2_HBM { VCC_HBM }  -supply_current_budget  0.000 A -voltage  1.200 V -direct
1V8 { VCCAUX VCCAUX_IO MGTYVCCAUX VCCO18 VCCADC }  -supply_current_budget  4.000 A -voltage  1.800 V -direct
2V5_VPP { VCCAUX_HBM }  -supply_current_budget  0.300 A -voltage  2.500 V -direct
Finished Parsing XDC File [/home/giuspru/HLS/tutorial-2023/a0.alveo_u55c_matrixmult/_x/link/vivado/vpl/prj/prj.gen/my_rm/bd/ulp/ip/ulp_auto_cc_0/ulp_auto_cc_0_ooc.xdc] for cell 'inst'
Parsing XDC File [/home/giuspru/HLS/tutorial-2023/a0.alveo_u55c_matrixmult/_x/link/vivado/vpl/prj/prj.runs/ulp_auto_cc_0_synth_1/dont_touch.xdc]
Finished Parsing XDC File [/home/giuspru/HLS/tutorial-2023/a0.alveo_u55c_matrixmult/_x/link/vivado/vpl/prj/prj.runs/ulp_auto_cc_0_synth_1/dont_touch.xdc]
INFO: [Project 1-236] Implementation specific constraints were found while reading constraint file [/tools/Xilinx/Vivado/2023.2/data/ip/xpm/xpm_cdc/tcl/xpm_cdc_handshake.tcl]. These constraints will be ignored for synthesis but will be used in implementation. Impacted constraints are listed in the file [.Xil/ulp_auto_cc_0_propImpl.xdc].
Resolution: To avoid this warning, move constraints listed in [.Xil/ulp_auto_cc_0_propImpl.xdc] to another XDC file and exclude this new file from synthesis with the used_in_synthesis property (File Properties dialog in GUI) and re-run elaboration/synthesis.
INFO: [Project 1-236] Implementation specific constraints were found while reading constraint file [/tools/Xilinx/Vivado/2023.2/data/ip/xpm/xpm_cdc/tcl/xpm_cdc_single.tcl]. These constraints will be ignored for synthesis but will be used in implementation. Impacted constraints are listed in the file [.Xil/ulp_auto_cc_0_propImpl.xdc].
Resolution: To avoid this warning, move constraints listed in [.Xil/ulp_auto_cc_0_propImpl.xdc] to another XDC file and exclude this new file from synthesis with the used_in_synthesis property (File Properties dialog in GUI) and re-run elaboration/synthesis.
INFO: [Project 1-1714] 15 XPM XDC files have been applied to the design.
Completed Processing XDC Constraints

Netlist sorting complete. Time (s): cpu = 00:00:00 ; elapsed = 00:00:00 . Memory (MB): peak = 3399.832 ; gain = 0.000 ; free physical = 269 ; free virtual = 89334
INFO: [Project 1-111] Unisim Transformation Summary:
No Unisim elements were transformed.

Constraint Validation Runtime : Time (s): cpu = 00:00:00.03 ; elapsed = 00:00:00.03 . Memory (MB): peak = 3399.867 ; gain = 0.000 ; free physical = 270 ; free virtual = 89335
INFO: [Designutils 20-5008] Incremental synthesis strategy off
---------------------------------------------------------------------------------
Finished Constraint Validation : Time (s): cpu = 00:00:21 ; elapsed = 00:00:23 . Memory (MB): peak = 3399.867 ; gain = 643.219 ; free physical = 267 ; free virtual = 89299
---------------------------------------------------------------------------------
---------------------------------------------------------------------------------
Start Loading Part and Timing Information
---------------------------------------------------------------------------------
Loading part: xcu55c-fsvh2892-2L-e
INFO: [Synth 8-6742] Reading net delay rules and data
---------------------------------------------------------------------------------
Finished Loading Part and Timing Information : Time (s): cpu = 00:00:21 ; elapsed = 00:00:23 . Memory (MB): peak = 3399.867 ; gain = 643.219 ; free physical = 267 ; free virtual = 89299
---------------------------------------------------------------------------------
---------------------------------------------------------------------------------
Start Applying 'set_property' XDC Constraints
---------------------------------------------------------------------------------
Applied set_property KEEP_HIERARCHY = SOFT for inst. (constraint file  /home/giuspru/HLS/tutorial-2023/a0.alveo_u55c_matrixmult/_x/link/vivado/vpl/prj/prj.runs/ulp_auto_cc_0_synth_1/dont_touch.xdc, line 9).
Applied set_property KEEP_HIERARCHY = SOFT for inst/\gen_clock_conv.gen_async_lite_conv.clock_conv_lite_fwd_aw /handshake. (constraint file  auto generated constraint).
Applied set_property KEEP_HIERARCHY = SOFT for inst/\gen_clock_conv.gen_async_lite_conv.clock_conv_lite_fwd_ar /handshake. (constraint file  auto generated constraint).
Applied set_property KEEP_HIERARCHY = SOFT for inst/\gen_clock_conv.gen_async_lite_conv.clock_conv_lite_fwd_w /handshake. (constraint file  auto generated constraint).
Applied set_property KEEP_HIERARCHY = SOFT for inst/\gen_clock_conv.gen_async_lite_conv.clock_conv_lite_resp_b /handshake. (constraint file  auto generated constraint).
Applied set_property KEEP_HIERARCHY = SOFT for inst/\gen_clock_conv.gen_async_lite_conv.clock_conv_lite_resp_r /handshake. (constraint file  auto generated constraint).
Applied set_property KEEP_HIERARCHY = SOFT for inst/\gen_clock_conv.gen_async_lite_conv.clock_conv_lite_fwd_aw /handshake/xpm_cdc_single_dest2src_inst. (constraint file  auto generated constraint).
Applied set_property KEEP_HIERARCHY = SOFT for inst/\gen_clock_conv.gen_async_lite_conv.clock_conv_lite_fwd_ar /handshake/xpm_cdc_single_dest2src_inst. (constraint file  auto generated constraint).
Applied set_property KEEP_HIERARCHY = SOFT for inst/\gen_clock_conv.gen_async_lite_conv.clock_conv_lite_fwd_w /handshake/xpm_cdc_single_dest2src_inst. (constraint file  auto generated constraint).
Applied set_property KEEP_HIERARCHY = SOFT for inst/\gen_clock_conv.gen_async_lite_conv.clock_conv_lite_resp_b /handshake/xpm_cdc_single_dest2src_inst. (constraint file  auto generated constraint).
Applied set_property KEEP_HIERARCHY = SOFT for inst/\gen_clock_conv.gen_async_lite_conv.clock_conv_lite_resp_r /handshake/xpm_cdc_single_dest2src_inst. (constraint file  auto generated constraint).
Applied set_property KEEP_HIERARCHY = SOFT for inst/\gen_clock_conv.gen_async_lite_conv.clock_conv_lite_fwd_aw /handshake/xpm_cdc_single_src2dest_inst. (constraint file  auto generated constraint).
Applied set_property KEEP_HIERARCHY = SOFT for inst/\gen_clock_conv.gen_async_lite_conv.clock_conv_lite_fwd_ar /handshake/xpm_cdc_single_src2dest_inst. (constraint file  auto generated constraint).
Applied set_property KEEP_HIERARCHY = SOFT for inst/\gen_clock_conv.gen_async_lite_conv.clock_conv_lite_fwd_w /handshake/xpm_cdc_single_src2dest_inst. (constraint file  auto generated constraint).
Applied set_property KEEP_HIERARCHY = SOFT for inst/\gen_clock_conv.gen_async_lite_conv.clock_conv_lite_resp_b /handshake/xpm_cdc_single_src2dest_inst. (constraint file  auto generated constraint).
Applied set_property KEEP_HIERARCHY = SOFT for inst/\gen_clock_conv.gen_async_lite_conv.clock_conv_lite_resp_r /handshake/xpm_cdc_single_src2dest_inst. (constraint file  auto generated constraint).
---------------------------------------------------------------------------------
Finished applying 'set_property' XDC Constraints : Time (s): cpu = 00:00:21 ; elapsed = 00:00:23 . Memory (MB): peak = 3399.867 ; gain = 643.219 ; free physical = 266 ; free virtual = 89298
---------------------------------------------------------------------------------
INFO: [Synth 8-802] inferred FSM for state register 'src_state_reg' in module 'axi_clock_converter_v2_1_28_lite_async__xdcDup__1'
INFO: [Synth 8-802] inferred FSM for state register 'dest_state_reg' in module 'axi_clock_converter_v2_1_28_lite_async__xdcDup__1'
INFO: [Synth 8-802] inferred FSM for state register 'src_state_reg' in module 'axi_clock_converter_v2_1_28_lite_async'
INFO: [Synth 8-802] inferred FSM for state register 'dest_state_reg' in module 'axi_clock_converter_v2_1_28_lite_async'
INFO: [Synth 8-802] inferred FSM for state register 'src_state_reg' in module 'axi_clock_converter_v2_1_28_lite_async__parameterized0'
INFO: [Synth 8-802] inferred FSM for state register 'dest_state_reg' in module 'axi_clock_converter_v2_1_28_lite_async__parameterized0'
INFO: [Synth 8-802] inferred FSM for state register 'src_state_reg' in module 'axi_clock_converter_v2_1_28_lite_async__parameterized1'
INFO: [Synth 8-802] inferred FSM for state register 'dest_state_reg' in module 'axi_clock_converter_v2_1_28_lite_async__parameterized1'
INFO: [Synth 8-802] inferred FSM for state register 'src_state_reg' in module 'axi_clock_converter_v2_1_28_lite_async__parameterized2'
INFO: [Synth 8-802] inferred FSM for state register 'dest_state_reg' in module 'axi_clock_converter_v2_1_28_lite_async__parameterized2'
---------------------------------------------------------------------------------------------------
                   State |                     New Encoding |                Previous Encoding 
---------------------------------------------------------------------------------------------------
                SRC_IDLE |                               00 |                               00
            SRC_DRV_SEND |                               01 |                               01
       SRC_WAIT_RCV_DONE |                               10 |                               10
                  iSTATE |                               11 |                               11
*
---------------------------------------------------------------------------------------------------
INFO: [Synth 8-3354] encoded FSM with state register 'src_state_reg' using encoding 'sequential' in module 'axi_clock_converter_v2_1_28_lite_async__xdcDup__1'
---------------------------------------------------------------------------------------------------
                   State |                     New Encoding |                Previous Encoding 
---------------------------------------------------------------------------------------------------
               DEST_IDLE |                               00 |                               00
          DEST_DRV_VALID |                               01 |                               01
            DEST_DRV_ACK |                               10 |                               10
                  iSTATE |                               11 |                               11
*
---------------------------------------------------------------------------------------------------
INFO: [Synth 8-3354] encoded FSM with state register 'dest_state_reg' using encoding 'sequential' in module 'axi_clock_converter_v2_1_28_lite_async__xdcDup__1'
---------------------------------------------------------------------------------------------------
                   State |                     New Encoding |                Previous Encoding 
---------------------------------------------------------------------------------------------------
                SRC_IDLE |                               00 |                               00
            SRC_DRV_SEND |                               01 |                               01
       SRC_WAIT_RCV_DONE |                               10 |                               10
                  iSTATE |                               11 |                               11
*
---------------------------------------------------------------------------------------------------
INFO: [Synth 8-3354] encoded FSM with state register 'src_state_reg' using encoding 'sequential' in module 'axi_clock_converter_v2_1_28_lite_async'
---------------------------------------------------------------------------------------------------
                   State |                     New Encoding |                Previous Encoding 
---------------------------------------------------------------------------------------------------
               DEST_IDLE |                               00 |                               00
          DEST_DRV_VALID |                               01 |                               01
            DEST_DRV_ACK |                               10 |                               10
                  iSTATE |                               11 |                               11
*
---------------------------------------------------------------------------------------------------
INFO: [Synth 8-3354] encoded FSM with state register 'dest_state_reg' using encoding 'sequential' in module 'axi_clock_converter_v2_1_28_lite_async'
---------------------------------------------------------------------------------------------------
                   State |                     New Encoding |                Previous Encoding 
---------------------------------------------------------------------------------------------------
                SRC_IDLE |                               00 |                               00
            SRC_DRV_SEND |                               01 |                               01
       SRC_WAIT_RCV_DONE |                               10 |                               10
                  iSTATE |                               11 |                               11
*
---------------------------------------------------------------------------------------------------
INFO: [Synth 8-3354] encoded FSM with state register 'src_state_reg' using encoding 'sequential' in module 'axi_clock_converter_v2_1_28_lite_async__parameterized0'
---------------------------------------------------------------------------------------------------
                   State |                     New Encoding |                Previous Encoding 
---------------------------------------------------------------------------------------------------
               DEST_IDLE |                               00 |                               00
          DEST_DRV_VALID |                               01 |                               01
            DEST_DRV_ACK |                               10 |                               10
                  iSTATE |                               11 |                               11
*
---------------------------------------------------------------------------------------------------
INFO: [Synth 8-3354] encoded FSM with state register 'dest_state_reg' using encoding 'sequential' in module 'axi_clock_converter_v2_1_28_lite_async__parameterized0'
---------------------------------------------------------------------------------------------------
                   State |                     New Encoding |                Previous Encoding 
---------------------------------------------------------------------------------------------------
                SRC_IDLE |                               00 |                               00
            SRC_DRV_SEND |                               01 |                               01
       SRC_WAIT_RCV_DONE |                               10 |                               10
                  iSTATE |                               11 |                               11
*
---------------------------------------------------------------------------------------------------
INFO: [Synth 8-3354] encoded FSM with state register 'src_state_reg' using encoding 'sequential' in module 'axi_clock_converter_v2_1_28_lite_async__parameterized1'
---------------------------------------------------------------------------------------------------
                   State |                     New Encoding |                Previous Encoding 
---------------------------------------------------------------------------------------------------
               DEST_IDLE |                               00 |                               00
          DEST_DRV_VALID |                               01 |                               01
            DEST_DRV_ACK |                               10 |                               10
                  iSTATE |                               11 |                               11
*
---------------------------------------------------------------------------------------------------
INFO: [Synth 8-3354] encoded FSM with state register 'dest_state_reg' using encoding 'sequential' in module 'axi_clock_converter_v2_1_28_lite_async__parameterized1'
---------------------------------------------------------------------------------------------------
                   State |                     New Encoding |                Previous Encoding 
---------------------------------------------------------------------------------------------------
                SRC_IDLE |                               00 |                               00
            SRC_DRV_SEND |                               01 |                               01
       SRC_WAIT_RCV_DONE |                               10 |                               10
                  iSTATE |                               11 |                               11
*
---------------------------------------------------------------------------------------------------
INFO: [Synth 8-3354] encoded FSM with state register 'src_state_reg' using encoding 'sequential' in module 'axi_clock_converter_v2_1_28_lite_async__parameterized2'
---------------------------------------------------------------------------------------------------
                   State |                     New Encoding |                Previous Encoding 
---------------------------------------------------------------------------------------------------
               DEST_IDLE |                               00 |                               00
          DEST_DRV_VALID |                               01 |                               01
            DEST_DRV_ACK |                               10 |                               10
                  iSTATE |                               11 |                               11
*
---------------------------------------------------------------------------------------------------
INFO: [Synth 8-3354] encoded FSM with state register 'dest_state_reg' using encoding 'sequential' in module 'axi_clock_converter_v2_1_28_lite_async__parameterized2'
---------------------------------------------------------------------------------
Finished RTL Optimization Phase 2 : Time (s): cpu = 00:00:22 ; elapsed = 00:00:24 . Memory (MB): peak = 3399.867 ; gain = 643.219 ; free physical = 266 ; free virtual = 89290
---------------------------------------------------------------------------------
---------------------------------------------------------------------------------
Start RTL Component Statistics 
---------------------------------------------------------------------------------
Detailed RTL Component Info : 
+---Registers : 
	               36 Bit    Registers := 2     
	               34 Bit    Registers := 2     
	               12 Bit    Registers := 4     
	                4 Bit    Registers := 10    
	                3 Bit    Registers := 10    
	                2 Bit    Registers := 2     
	                1 Bit    Registers := 30    
+---Muxes : 
	   4 Input    2 Bit        Muxes := 10    
	   2 Input    2 Bit        Muxes := 15    
	   2 Input    1 Bit        Muxes := 5     
	   4 Input    1 Bit        Muxes := 50    
---------------------------------------------------------------------------------
Finished RTL Component Statistics 
---------------------------------------------------------------------------------
---------------------------------------------------------------------------------
Start Part Resource Summary
---------------------------------------------------------------------------------
Part Resources:
DSPs: 9024 (col length:94)
BRAMs: 4032 (col length: RAMB18 288 RAMB36 144)
---------------------------------------------------------------------------------
Finished Part Resource Summary
---------------------------------------------------------------------------------
---------------------------------------------------------------------------------
Start Cross Boundary and Area Optimization
---------------------------------------------------------------------------------
WARNING: [Synth 8-7080] Parallel synthesis criteria is not met
---------------------------------------------------------------------------------
Finished Cross Boundary and Area Optimization : Time (s): cpu = 00:00:23 ; elapsed = 00:00:25 . Memory (MB): peak = 3399.867 ; gain = 643.219 ; free physical = 264 ; free virtual = 89224
---------------------------------------------------------------------------------
---------------------------------------------------------------------------------
Start Applying XDC Timing Constraints
---------------------------------------------------------------------------------
---------------------------------------------------------------------------------
Finished Applying XDC Timing Constraints : Time (s): cpu = 00:00:30 ; elapsed = 00:00:33 . Memory (MB): peak = 3663.629 ; gain = 906.980 ; free physical = 283 ; free virtual = 88681
---------------------------------------------------------------------------------
---------------------------------------------------------------------------------
Start Timing Optimization
---------------------------------------------------------------------------------
---------------------------------------------------------------------------------
Finished Timing Optimization : Time (s): cpu = 00:00:30 ; elapsed = 00:00:33 . Memory (MB): peak = 3673.645 ; gain = 916.996 ; free physical = 279 ; free virtual = 88661
---------------------------------------------------------------------------------
---------------------------------------------------------------------------------
Start Technology Mapping
---------------------------------------------------------------------------------
---------------------------------------------------------------------------------
Finished Technology Mapping : Time (s): cpu = 00:00:30 ; elapsed = 00:00:33 . Memory (MB): peak = 3683.668 ; gain = 927.020 ; free physical = 282 ; free virtual = 88612
---------------------------------------------------------------------------------
---------------------------------------------------------------------------------
Start IO Insertion
---------------------------------------------------------------------------------
---------------------------------------------------------------------------------
Start Flattening Before IO Insertion
---------------------------------------------------------------------------------
---------------------------------------------------------------------------------
Finished Flattening Before IO Insertion
---------------------------------------------------------------------------------
---------------------------------------------------------------------------------
Start Final Netlist Cleanup
---------------------------------------------------------------------------------
---------------------------------------------------------------------------------
Finished Final Netlist Cleanup
---------------------------------------------------------------------------------
---------------------------------------------------------------------------------
Finished IO Insertion : Time (s): cpu = 00:00:34 ; elapsed = 00:00:37 . Memory (MB): peak = 3689.605 ; gain = 932.957 ; free physical = 394 ; free virtual = 88467
---------------------------------------------------------------------------------
---------------------------------------------------------------------------------
Start Renaming Generated Instances
---------------------------------------------------------------------------------
---------------------------------------------------------------------------------
Finished Renaming Generated Instances : Time (s): cpu = 00:00:34 ; elapsed = 00:00:37 . Memory (MB): peak = 3689.605 ; gain = 932.957 ; free physical = 394 ; free virtual = 88467
---------------------------------------------------------------------------------
---------------------------------------------------------------------------------
Start Rebuilding User Hierarchy
---------------------------------------------------------------------------------
---------------------------------------------------------------------------------
Finished Rebuilding User Hierarchy : Time (s): cpu = 00:00:34 ; elapsed = 00:00:37 . Memory (MB): peak = 3689.605 ; gain = 932.957 ; free physical = 394 ; free virtual = 88467
---------------------------------------------------------------------------------
---------------------------------------------------------------------------------
Start Renaming Generated Ports
---------------------------------------------------------------------------------
---------------------------------------------------------------------------------
Finished Renaming Generated Ports : Time (s): cpu = 00:00:34 ; elapsed = 00:00:37 . Memory (MB): peak = 3689.605 ; gain = 932.957 ; free physical = 394 ; free virtual = 88467
---------------------------------------------------------------------------------
---------------------------------------------------------------------------------
Start Handling Custom Attributes
---------------------------------------------------------------------------------
---------------------------------------------------------------------------------
Finished Handling Custom Attributes : Time (s): cpu = 00:00:34 ; elapsed = 00:00:37 . Memory (MB): peak = 3689.605 ; gain = 932.957 ; free physical = 394 ; free virtual = 88467
---------------------------------------------------------------------------------
---------------------------------------------------------------------------------
Start Renaming Generated Nets
---------------------------------------------------------------------------------
---------------------------------------------------------------------------------
Finished Renaming Generated Nets : Time (s): cpu = 00:00:34 ; elapsed = 00:00:37 . Memory (MB): peak = 3689.605 ; gain = 932.957 ; free physical = 394 ; free virtual = 88467
---------------------------------------------------------------------------------
---------------------------------------------------------------------------------
Start Writing Synthesis Report
---------------------------------------------------------------------------------

Report BlackBoxes: 
+-+--------------+----------+
| |BlackBox name |Instances |
+-+--------------+----------+
+-+--------------+----------+

Report Cell Usage: 
+------+-----+------+
|      |Cell |Count |
+------+-----+------+
|1     |LUT1 |     7|
|2     |LUT2 |    11|
|3     |LUT3 |    15|
|4     |LUT4 |    14|
|5     |LUT5 |    15|
|6     |LUT6 |     5|
|7     |FDRE |   280|
+------+-----+------+
---------------------------------------------------------------------------------
Finished Writing Synthesis Report : Time (s): cpu = 00:00:34 ; elapsed = 00:00:37 . Memory (MB): peak = 3689.605 ; gain = 932.957 ; free physical = 394 ; free virtual = 88467
---------------------------------------------------------------------------------
Synthesis finished with 0 errors, 0 critical warnings and 66 warnings.
Synthesis Optimization Runtime : Time (s): cpu = 00:00:28 ; elapsed = 00:00:31 . Memory (MB): peak = 3689.605 ; gain = 864.441 ; free physical = 394 ; free virtual = 88467
Synthesis Optimization Complete : Time (s): cpu = 00:00:35 ; elapsed = 00:00:37 . Memory (MB): peak = 3689.613 ; gain = 932.957 ; free physical = 394 ; free virtual = 88467
INFO: [Project 1-571] Translating synthesized netlist
Netlist sorting complete. Time (s): cpu = 00:00:00 ; elapsed = 00:00:00 . Memory (MB): peak = 3700.574 ; gain = 0.000 ; free physical = 720 ; free virtual = 88793
INFO: [Project 1-570] Preparing netlist for logic optimization
INFO: [Opt 31-138] Pushed 0 inverter(s) to 0 load pin(s).
Netlist sorting complete. Time (s): cpu = 00:00:00 ; elapsed = 00:00:00 . Memory (MB): peak = 3763.801 ; gain = 0.000 ; free physical = 1220 ; free virtual = 89293
INFO: [Project 1-111] Unisim Transformation Summary:
No Unisim elements were transformed.

Synth Design complete | Checksum: 73b8bd25
INFO: [Common 17-83] Releasing license: Synthesis
71 Infos, 110 Warnings, 0 Critical Warnings and 0 Errors encountered.
synth_design completed successfully
synth_design: Time (s): cpu = 00:00:46 ; elapsed = 00:00:46 . Memory (MB): peak = 3763.836 ; gain = 2360.844 ; free physical = 1187 ; free virtual = 89260
INFO: [Common 17-2834] synth_design peak Physical Memory [PSS] (MB): overall = 2902.820; main = 2892.334; forked = 357.292
INFO: [Common 17-2834] synth_design peak Virtual Memory [VSS] (MB): overall = 4440.945; main = 3763.805; forked = 1013.422
Write ShapeDB Complete: Time (s): cpu = 00:00:00 ; elapsed = 00:00:00 . Memory (MB): peak = 3763.836 ; gain = 0.000 ; free physical = 1168 ; free virtual = 89242
INFO: [Common 17-1381] The checkpoint '/home/giuspru/HLS/tutorial-2023/a0.alveo_u55c_matrixmult/_x/link/vivado/vpl/prj/prj.runs/ulp_auto_cc_0_synth_1/ulp_auto_cc_0.dcp' has been generated.
INFO: [Coretcl 2-1648] Added synthesis output to IP cache for IP ulp_auto_cc_0, cache-ID = 8c6c98dc7076052b
INFO: [Coretcl 2-1174] Renamed 21 cell refs.
Write ShapeDB Complete: Time (s): cpu = 00:00:00 ; elapsed = 00:00:00 . Memory (MB): peak = 3763.836 ; gain = 0.000 ; free physical = 1115 ; free virtual = 89189
INFO: [Common 17-1381] The checkpoint '/home/giuspru/HLS/tutorial-2023/a0.alveo_u55c_matrixmult/_x/link/vivado/vpl/prj/prj.runs/ulp_auto_cc_0_synth_1/ulp_auto_cc_0.dcp' has been generated.
INFO: [runtcl-4] Executing : report_utilization -file ulp_auto_cc_0_utilization_synth.rpt -pb ulp_auto_cc_0_utilization_synth.pb
INFO: [Common 17-206] Exiting Vivado at Mon Mar  3 09:49:00 2025...
