
*** Running vivado
    with args -log ulp_axi_vip_data_0.vds -m64 -product Vivado -mode batch -messageDb vivado.pb -notrace -source ulp_axi_vip_data_0.tcl


****** Vivado v2023.2 (64-bit)
  **** SW Build 4029153 on Fri Oct 13 20:13:54 MDT 2023
  **** IP Build 4028589 on Sat Oct 14 00:45:43 MDT 2023
  **** SharedData Build 4025554 on Tue Oct 10 17:18:54 MDT 2023
    ** Copyright 1986-2022 Xilinx, Inc. All Rights Reserved.
    ** Copyright 2022-2023 Advanced Micro Devices, Inc. All Rights Reserved.

source ulp_axi_vip_data_0.tcl -notrace
INFO: Dispatch client connection id - 37993
create_project: Time (s): cpu = 00:00:07 ; elapsed = 00:00:07 . Memory (MB): peak = 1356.184 ; gain = 21.836 ; free physical = 3089 ; free virtual = 91178
INFO: [IP_Flow 19-234] Refreshing IP repositories
INFO: [IP_Flow 19-1700] Loaded user IP repository '/home/giuspru/HLS/tutorial-2023/a0.alveo_u55c_matrixmult/_x/link/int/xo/ip_repo/xilinx_com_hls_func_1_0'.
INFO: [IP_Flow 19-1700] Loaded user IP repository '/home/giuspru/HLS/tutorial-2023/a0.alveo_u55c_matrixmult/_x/link/vivado/vpl/.local/hw_platform/iprepo'.
INFO: [IP_Flow 19-1700] Loaded user IP repository '/home/giuspru/HLS/tutorial-2023/a0.alveo_u55c_matrixmult/_x/link/vivado/vpl/.local/hw_platform/ipcache'.
INFO: [IP_Flow 19-1700] Loaded user IP repository '/tools/Xilinx/Vitis/2023.2/data/ip'.
INFO: [IP_Flow 19-2313] Loaded Vivado IP repository '/tools/Xilinx/Vivado/2023.2/data/ip'.
WARNING: [IP_Flow 19-1663] Duplicate IP found for 'xilinx.com:ip:axis_clk_metadata_adapter:1.0'. The one found in IP location '/home/giuspru/HLS/tutorial-2023/a0.alveo_u55c_matrixmult/_x/link/vivado/vpl/.local/hw_platform/iprepo/ipdefs/other_ipdefs/axis_clk_metadata_adapter_v1_0' will take precedence over the same IP in location /home/giuspru/HLS/tutorial-2023/a0.alveo_u55c_matrixmult/_x/link/vivado/vpl/.local/hw_platform/iprepo/ipdefs/pxi_ii_infra/axis_clk_metadata_adapter_v1_0
WARNING: [IP_Flow 19-1663] Duplicate IP found for 'xilinx.com:ip:pipeline_reg:1.0'. The one found in IP location '/home/giuspru/HLS/tutorial-2023/a0.alveo_u55c_matrixmult/_x/link/vivado/vpl/.local/hw_platform/iprepo/ipdefs/other_ipdefs/pipeline_reg_v1_0' will take precedence over the same IP in location /home/giuspru/HLS/tutorial-2023/a0.alveo_u55c_matrixmult/_x/link/vivado/vpl/.local/hw_platform/iprepo/ipdefs/pxi_ii_infra/pipeline_reg_v1_0
WARNING: [IP_Flow 19-1663] Duplicate IP found for 'xilinx.com:ip:clk_metadata_adapter:1.0'. The one found in IP location '/home/giuspru/HLS/tutorial-2023/a0.alveo_u55c_matrixmult/_x/link/vivado/vpl/.local/hw_platform/iprepo/ipdefs/other_ipdefs/clk_metadata_adapter_v1_0' will take precedence over the same IP in location /home/giuspru/HLS/tutorial-2023/a0.alveo_u55c_matrixmult/_x/link/vivado/vpl/.local/hw_platform/iprepo/ipdefs/pxi_ii_infra/clk_metadata_adapter_v1_0
WARNING: [IP_Flow 19-1663] Duplicate IP found for 'xilinx.com:ip:shell_utils_build_info:1.0'. The one found in IP location '/home/giuspru/HLS/tutorial-2023/a0.alveo_u55c_matrixmult/_x/link/vivado/vpl/.local/hw_platform/iprepo/ipdefs/other_ipdefs/shell_utils_build_info_v1_0' will take precedence over the same IP in the Xilinx installed IP.
WARNING: [IP_Flow 19-1663] Duplicate IP found for 'xilinx.com:ip:axi_clk_metadata_adapter:1.0'. The one found in IP location '/home/giuspru/HLS/tutorial-2023/a0.alveo_u55c_matrixmult/_x/link/vivado/vpl/.local/hw_platform/iprepo/ipdefs/other_ipdefs/axi_clk_metadata_adapter_v1_0' will take precedence over the same IP in location /home/giuspru/HLS/tutorial-2023/a0.alveo_u55c_matrixmult/_x/link/vivado/vpl/.local/hw_platform/iprepo/ipdefs/pxi_ii_infra/axi_clk_metadata_adapter_v1_0
INFO: [IP_Flow 19-6924] IPCACHE: Running cache check for IP inst: ulp_axi_vip_data_0
Command: synth_design -top ulp_axi_vip_data_0 -part xcu55c-fsvh2892-2L-e -incremental_mode off -mode out_of_context
Starting synth_design
Attempting to get a license for feature 'Synthesis' and/or device 'xcu55c'
INFO: [Common 17-349] Got license for feature 'Synthesis' and/or device 'xcu55c'
INFO: [Device 21-403] Loading part xcu55c-fsvh2892-2L-e
INFO: [Synth 8-7079] Multithreading enabled for synth_design using a maximum of 1 processes.
INFO: [Synth 8-7078] Launching helper process for spawning children vivado processes
INFO: [Synth 8-7075] Helper process launched with PID 3489051
---------------------------------------------------------------------------------
Starting RTL Elaboration : Time (s): cpu = 00:00:04 ; elapsed = 00:00:04 . Memory (MB): peak = 3144.270 ; gain = 388.711 ; free physical = 1365 ; free virtual = 89467
---------------------------------------------------------------------------------
INFO: [Synth 8-6157] synthesizing module 'ulp_axi_vip_data_0' [/home/giuspru/HLS/tutorial-2023/a0.alveo_u55c_matrixmult/_x/link/vivado/vpl/prj/prj.gen/my_rm/bd/ulp/ip/ulp_axi_vip_data_0/synth/ulp_axi_vip_data_0.sv:53]
INFO: [Synth 8-6157] synthesizing module 'axi_vip_v1_1_15_top' [/home/giuspru/HLS/tutorial-2023/a0.alveo_u55c_matrixmult/_x/link/vivado/vpl/prj/prj.gen/my_rm/bd/ulp/ipshared/5753/hdl/axi_vip_v1_1_vlsyn_rfs.sv:59]
INFO: [Synth 8-6155] done synthesizing module 'axi_vip_v1_1_15_top' (0#1) [/home/giuspru/HLS/tutorial-2023/a0.alveo_u55c_matrixmult/_x/link/vivado/vpl/prj/prj.gen/my_rm/bd/ulp/ipshared/5753/hdl/axi_vip_v1_1_vlsyn_rfs.sv:59]
INFO: [Synth 8-6155] done synthesizing module 'ulp_axi_vip_data_0' (0#1) [/home/giuspru/HLS/tutorial-2023/a0.alveo_u55c_matrixmult/_x/link/vivado/vpl/prj/prj.gen/my_rm/bd/ulp/ip/ulp_axi_vip_data_0/synth/ulp_axi_vip_data_0.sv:53]
WARNING: [Synth 8-7129] Port aclk in module axi_vip_v1_1_15_top is either unconnected or has no load
WARNING: [Synth 8-7129] Port aclken in module axi_vip_v1_1_15_top is either unconnected or has no load
WARNING: [Synth 8-7129] Port aresetn in module axi_vip_v1_1_15_top is either unconnected or has no load
---------------------------------------------------------------------------------
Finished RTL Elaboration : Time (s): cpu = 00:00:05 ; elapsed = 00:00:06 . Memory (MB): peak = 3226.238 ; gain = 470.680 ; free physical = 1267 ; free virtual = 89367
---------------------------------------------------------------------------------
---------------------------------------------------------------------------------
Start Handling Custom Attributes
---------------------------------------------------------------------------------
---------------------------------------------------------------------------------
Finished Handling Custom Attributes : Time (s): cpu = 00:00:05 ; elapsed = 00:00:06 . Memory (MB): peak = 3238.113 ; gain = 482.555 ; free physical = 1264 ; free virtual = 89364
---------------------------------------------------------------------------------
---------------------------------------------------------------------------------
Finished RTL Optimization Phase 1 : Time (s): cpu = 00:00:05 ; elapsed = 00:00:06 . Memory (MB): peak = 3238.113 ; gain = 482.555 ; free physical = 1264 ; free virtual = 89364
---------------------------------------------------------------------------------
Netlist sorting complete. Time (s): cpu = 00:00:00.01 ; elapsed = 00:00:00.01 . Memory (MB): peak = 3238.113 ; gain = 0.000 ; free physical = 1264 ; free virtual = 89364
INFO: [Project 1-570] Preparing netlist for logic optimization

Processing XDC Constraints
Initializing timing engine
Parsing XDC File [/home/giuspru/HLS/tutorial-2023/a0.alveo_u55c_matrixmult/_x/link/vivado/vpl/prj/prj.gen/my_rm/bd/ulp/ip/ulp_axi_vip_data_0/ulp_axi_vip_data_0_ooc.xdc] for cell 'inst'
0V85_VCCINT { VCCINT }  -supply_current_budget  100.000 A -voltage  0.850 V -direct
0V85_VCCINT_IO { VCCINT_IO VCCBRAM }  -supply_current_budget  30.000 A -voltage  0.850 V -direct
0V9_AVCC { MGTYAVCC }  -supply_current_budget  0.000 A -voltage  0.900 V -direct
1V2_AVTT { MGTYAVTT }  -supply_current_budget  0.000 A -voltage  1.200 V -direct
1V2_HBM { VCC_HBM }  -supply_current_budget  0.000 A -voltage  1.200 V -direct
1V8 { VCCAUX VCCAUX_IO MGTYVCCAUX VCCO18 VCCADC }  -supply_current_budget  4.000 A -voltage  1.800 V -direct
2V5_VPP { VCCAUX_HBM }  -supply_current_budget  0.300 A -voltage  2.500 V -direct
Finished Parsing XDC File [/home/giuspru/HLS/tutorial-2023/a0.alveo_u55c_matrixmult/_x/link/vivado/vpl/prj/prj.gen/my_rm/bd/ulp/ip/ulp_axi_vip_data_0/ulp_axi_vip_data_0_ooc.xdc] for cell 'inst'
Parsing XDC File [/home/giuspru/HLS/tutorial-2023/a0.alveo_u55c_matrixmult/_x/link/vivado/vpl/prj/prj.runs/ulp_axi_vip_data_0_synth_1/dont_touch.xdc]
Finished Parsing XDC File [/home/giuspru/HLS/tutorial-2023/a0.alveo_u55c_matrixmult/_x/link/vivado/vpl/prj/prj.runs/ulp_axi_vip_data_0_synth_1/dont_touch.xdc]
Completed Processing XDC Constraints

Netlist sorting complete. Time (s): cpu = 00:00:00 ; elapsed = 00:00:00 . Memory (MB): peak = 3269.117 ; gain = 0.000 ; free physical = 3948 ; free virtual = 92048
INFO: [Project 1-111] Unisim Transformation Summary:
No Unisim elements were transformed.

Constraint Validation Runtime : Time (s): cpu = 00:00:00.03 ; elapsed = 00:00:00.04 . Memory (MB): peak = 3269.152 ; gain = 0.000 ; free physical = 3946 ; free virtual = 92045
INFO: [Designutils 20-5008] Incremental synthesis strategy off
---------------------------------------------------------------------------------
Finished Constraint Validation : Time (s): cpu = 00:00:15 ; elapsed = 00:00:16 . Memory (MB): peak = 3269.152 ; gain = 513.594 ; free physical = 6562 ; free virtual = 94661
---------------------------------------------------------------------------------
---------------------------------------------------------------------------------
Start Loading Part and Timing Information
---------------------------------------------------------------------------------
Loading part: xcu55c-fsvh2892-2L-e
INFO: [Synth 8-6742] Reading net delay rules and data
---------------------------------------------------------------------------------
Finished Loading Part and Timing Information : Time (s): cpu = 00:00:15 ; elapsed = 00:00:16 . Memory (MB): peak = 3269.152 ; gain = 513.594 ; free physical = 6605 ; free virtual = 94705
---------------------------------------------------------------------------------
---------------------------------------------------------------------------------
Start Applying 'set_property' XDC Constraints
---------------------------------------------------------------------------------
Applied set_property KEEP_HIERARCHY = SOFT for inst. (constraint file  /home/giuspru/HLS/tutorial-2023/a0.alveo_u55c_matrixmult/_x/link/vivado/vpl/prj/prj.runs/ulp_axi_vip_data_0_synth_1/dont_touch.xdc, line 9).
---------------------------------------------------------------------------------
Finished applying 'set_property' XDC Constraints : Time (s): cpu = 00:00:15 ; elapsed = 00:00:16 . Memory (MB): peak = 3269.152 ; gain = 513.594 ; free physical = 6736 ; free virtual = 94836
---------------------------------------------------------------------------------
---------------------------------------------------------------------------------
Finished RTL Optimization Phase 2 : Time (s): cpu = 00:00:15 ; elapsed = 00:00:16 . Memory (MB): peak = 3269.152 ; gain = 513.594 ; free physical = 7607 ; free virtual = 95708
---------------------------------------------------------------------------------
---------------------------------------------------------------------------------
Start RTL Component Statistics 
---------------------------------------------------------------------------------
Detailed RTL Component Info : 
---------------------------------------------------------------------------------
Finished RTL Component Statistics 
---------------------------------------------------------------------------------
---------------------------------------------------------------------------------
Start Part Resource Summary
---------------------------------------------------------------------------------
Part Resources:
DSPs: 9024 (col length:94)
BRAMs: 4032 (col length: RAMB18 288 RAMB36 144)
---------------------------------------------------------------------------------
Finished Part Resource Summary
---------------------------------------------------------------------------------
---------------------------------------------------------------------------------
Start Cross Boundary and Area Optimization
---------------------------------------------------------------------------------
WARNING: [Synth 8-7080] Parallel synthesis criteria is not met
WARNING: [Synth 8-7129] Port aclk in module axi_vip_v1_1_15_top is either unconnected or has no load
WARNING: [Synth 8-7129] Port aclken in module axi_vip_v1_1_15_top is either unconnected or has no load
WARNING: [Synth 8-7129] Port aresetn in module axi_vip_v1_1_15_top is either unconnected or has no load
---------------------------------------------------------------------------------
Finished Cross Boundary and Area Optimization : Time (s): cpu = 00:00:17 ; elapsed = 00:00:17 . Memory (MB): peak = 3269.152 ; gain = 513.594 ; free physical = 8863 ; free virtual = 96963
---------------------------------------------------------------------------------
---------------------------------------------------------------------------------
Start Applying XDC Timing Constraints
---------------------------------------------------------------------------------
---------------------------------------------------------------------------------
Finished Applying XDC Timing Constraints : Time (s): cpu = 00:00:24 ; elapsed = 00:00:25 . Memory (MB): peak = 3642.320 ; gain = 886.762 ; free physical = 7539 ; free virtual = 95640
---------------------------------------------------------------------------------
---------------------------------------------------------------------------------
Start Timing Optimization
---------------------------------------------------------------------------------
---------------------------------------------------------------------------------
Finished Timing Optimization : Time (s): cpu = 00:00:24 ; elapsed = 00:00:25 . Memory (MB): peak = 3643.320 ; gain = 887.762 ; free physical = 7537 ; free virtual = 95637
---------------------------------------------------------------------------------
---------------------------------------------------------------------------------
Start Technology Mapping
---------------------------------------------------------------------------------
---------------------------------------------------------------------------------
Finished Technology Mapping : Time (s): cpu = 00:00:24 ; elapsed = 00:00:25 . Memory (MB): peak = 3653.328 ; gain = 897.770 ; free physical = 7522 ; free virtual = 95623
---------------------------------------------------------------------------------
---------------------------------------------------------------------------------
Start IO Insertion
---------------------------------------------------------------------------------
---------------------------------------------------------------------------------
Start Flattening Before IO Insertion
---------------------------------------------------------------------------------
---------------------------------------------------------------------------------
Finished Flattening Before IO Insertion
---------------------------------------------------------------------------------
---------------------------------------------------------------------------------
Start Final Netlist Cleanup
---------------------------------------------------------------------------------
---------------------------------------------------------------------------------
Finished Final Netlist Cleanup
---------------------------------------------------------------------------------
---------------------------------------------------------------------------------
Finished IO Insertion : Time (s): cpu = 00:00:28 ; elapsed = 00:00:28 . Memory (MB): peak = 3667.203 ; gain = 911.645 ; free physical = 6514 ; free virtual = 94615
---------------------------------------------------------------------------------
---------------------------------------------------------------------------------
Start Renaming Generated Instances
---------------------------------------------------------------------------------
---------------------------------------------------------------------------------
Finished Renaming Generated Instances : Time (s): cpu = 00:00:28 ; elapsed = 00:00:28 . Memory (MB): peak = 3667.203 ; gain = 911.645 ; free physical = 6514 ; free virtual = 94615
---------------------------------------------------------------------------------
---------------------------------------------------------------------------------
Start Rebuilding User Hierarchy
---------------------------------------------------------------------------------
---------------------------------------------------------------------------------
Finished Rebuilding User Hierarchy : Time (s): cpu = 00:00:28 ; elapsed = 00:00:28 . Memory (MB): peak = 3667.203 ; gain = 911.645 ; free physical = 6513 ; free virtual = 94614
---------------------------------------------------------------------------------
---------------------------------------------------------------------------------
Start Renaming Generated Ports
---------------------------------------------------------------------------------
---------------------------------------------------------------------------------
Finished Renaming Generated Ports : Time (s): cpu = 00:00:28 ; elapsed = 00:00:28 . Memory (MB): peak = 3667.203 ; gain = 911.645 ; free physical = 6512 ; free virtual = 94613
---------------------------------------------------------------------------------
---------------------------------------------------------------------------------
Start Handling Custom Attributes
---------------------------------------------------------------------------------
---------------------------------------------------------------------------------
Finished Handling Custom Attributes : Time (s): cpu = 00:00:28 ; elapsed = 00:00:28 . Memory (MB): peak = 3667.203 ; gain = 911.645 ; free physical = 6512 ; free virtual = 94613
---------------------------------------------------------------------------------
---------------------------------------------------------------------------------
Start Renaming Generated Nets
---------------------------------------------------------------------------------
---------------------------------------------------------------------------------
Finished Renaming Generated Nets : Time (s): cpu = 00:00:28 ; elapsed = 00:00:28 . Memory (MB): peak = 3667.203 ; gain = 911.645 ; free physical = 6511 ; free virtual = 94612
---------------------------------------------------------------------------------
---------------------------------------------------------------------------------
Start Writing Synthesis Report
---------------------------------------------------------------------------------

Report BlackBoxes: 
+-+--------------+----------+
| |BlackBox name |Instances |
+-+--------------+----------+
+-+--------------+----------+

Report Cell Usage: 
+-+-----+------+
| |Cell |Count |
+-+-----+------+
+-+-----+------+
---------------------------------------------------------------------------------
Finished Writing Synthesis Report : Time (s): cpu = 00:00:28 ; elapsed = 00:00:28 . Memory (MB): peak = 3667.203 ; gain = 911.645 ; free physical = 6511 ; free virtual = 94612
---------------------------------------------------------------------------------
Synthesis finished with 0 errors, 0 critical warnings and 4 warnings.
Synthesis Optimization Runtime : Time (s): cpu = 00:00:22 ; elapsed = 00:00:23 . Memory (MB): peak = 3667.203 ; gain = 880.605 ; free physical = 6506 ; free virtual = 94606
Synthesis Optimization Complete : Time (s): cpu = 00:00:28 ; elapsed = 00:00:28 . Memory (MB): peak = 3667.211 ; gain = 911.645 ; free physical = 6506 ; free virtual = 94606
INFO: [Project 1-571] Translating synthesized netlist
Netlist sorting complete. Time (s): cpu = 00:00:00.01 ; elapsed = 00:00:00.01 . Memory (MB): peak = 3667.211 ; gain = 0.000 ; free physical = 6485 ; free virtual = 94586
INFO: [Project 1-570] Preparing netlist for logic optimization
INFO: [Opt 31-138] Pushed 0 inverter(s) to 0 load pin(s).
Netlist sorting complete. Time (s): cpu = 00:00:00 ; elapsed = 00:00:00 . Memory (MB): peak = 3744.688 ; gain = 0.000 ; free physical = 6435 ; free virtual = 94562
INFO: [Project 1-111] Unisim Transformation Summary:
No Unisim elements were transformed.

Synth Design complete | Checksum: fbe1995b
INFO: [Common 17-83] Releasing license: Synthesis
25 Infos, 12 Warnings, 0 Critical Warnings and 0 Errors encountered.
synth_design completed successfully
synth_design: Time (s): cpu = 00:00:39 ; elapsed = 00:00:38 . Memory (MB): peak = 3758.660 ; gain = 2357.758 ; free physical = 6347 ; free virtual = 94448
INFO: [Common 17-2834] synth_design peak Physical Memory [PSS] (MB): overall = 2903.349; main = 2903.349; forked = 343.853
INFO: [Common 17-2834] synth_design peak Virtual Memory [VSS] (MB): overall = 4264.340; main = 3758.629; forked = 988.281
INFO: [Common 17-1381] The checkpoint '/home/giuspru/HLS/tutorial-2023/a0.alveo_u55c_matrixmult/_x/link/vivado/vpl/prj/prj.runs/ulp_axi_vip_data_0_synth_1/ulp_axi_vip_data_0.dcp' has been generated.
INFO: [Coretcl 2-1648] Added synthesis output to IP cache for IP ulp_axi_vip_data_0, cache-ID = 2dddefc2af57d457
INFO: [Common 17-1381] The checkpoint '/home/giuspru/HLS/tutorial-2023/a0.alveo_u55c_matrixmult/_x/link/vivado/vpl/prj/prj.runs/ulp_axi_vip_data_0_synth_1/ulp_axi_vip_data_0.dcp' has been generated.
INFO: [runtcl-4] Executing : report_utilization -file ulp_axi_vip_data_0_utilization_synth.rpt -pb ulp_axi_vip_data_0_utilization_synth.pb
INFO: [Common 17-206] Exiting Vivado at Mon Mar  3 09:57:30 2025...
