INFO-FLOW: Workspace /home/giuspru/HLS/tutorial-2023/GITHUB/WorkFLow-FPGA_BOOST/a0.alveo_u55c_matrixmult/proj/solution opened at Mon Feb 24 12:04:49 CET 2025
Execute       send_msg_by_id INFO @200-1505@%s%s  vitis 
INFO: [HLS 200-1505] Using flow_target 'vitis'
Execute       send_msg_by_id INFO @200-435@%s%s 'open_solution -flow_target vitis' config_interface -m_axi_latency=64 
INFO: [HLS 200-435] Setting 'open_solution -flow_target vitis' configuration: config_interface -m_axi_latency=64
Execute       config_interface -m_axi_latency=64 
Execute       send_msg_by_id INFO @200-435@%s%s 'open_solution -flow_target vitis' config_interface -m_axi_alignment_byte_size=64 
INFO: [HLS 200-435] Setting 'open_solution -flow_target vitis' configuration: config_interface -m_axi_alignment_byte_size=64
Execute       config_interface -m_axi_alignment_byte_size=64 
Execute       send_msg_by_id INFO @200-435@%s%s 'open_solution -flow_target vitis' config_interface -m_axi_max_widen_bitwidth=512 
INFO: [HLS 200-435] Setting 'open_solution -flow_target vitis' configuration: config_interface -m_axi_max_widen_bitwidth=512
Execute       config_interface -m_axi_max_widen_bitwidth=512 
INFO-FLOW: Setting macro_cmd open_solution -flow_target vitis configuration: config_interface -default_interface=kernel
Execute       config_interface -default_interface=kernel 
Execute       send_msg_by_id INFO @200-435@%s%s 'open_solution -flow_target vitis' config_rtl -register_reset_num=3 
INFO: [HLS 200-435] Setting 'open_solution -flow_target vitis' configuration: config_rtl -register_reset_num=3
Execute       config_rtl -register_reset_num=3 
Execute     set_part xcu55c-fsvh2892-2L-e 
INFO: [HLS 200-1510] Running: set_part xcu55c-fsvh2892-2L-e 
Execute       create_platform xcu55c-fsvh2892-2L-e -board  
DBG:HLSDevice: Trying to load device library: /tools/Xilinx/Vitis_HLS/2023.2/lib/lnx64.o/libxv_hlsvwrap.so
DBG:HLSDevice: first parts/arch.xml in RDI_DATADIR: /tools/Xilinx/Vivado/2023.2/data/parts/arch.xml
DBG:HLSDevice: init success
INFO: [HLS 200-1611] Setting target device to 'xcu55c-fsvh2892-2L-e'
Command       create_platform done; 0.92 sec.
Execute       source /tools/Xilinx/Vitis_HLS/2023.2/common/technology/xilinx/common/xilinx.gen 
Execute         source /tools/Xilinx/Vitis_HLS/2023.2/common/technology/xilinx/interface/plb46.gen 
Execute         source /tools/Xilinx/Vitis_HLS/2023.2/common/technology/xilinx/interface/axi4.gen 
Execute         source /tools/Xilinx/Vitis_HLS/2023.2/common/technology/xilinx/interface/nativeAXI4.gen 
Execute           source /tools/Xilinx/Vitis_HLS/2023.2/common/technology/xilinx/interface/saxilite.gen 
Execute         source /tools/Xilinx/Vitis_HLS/2023.2/common/technology/xilinx/scripts/xilinxcoregen.gen 
Execute         source /tools/Xilinx/Vitis_HLS/2023.2/common/technology/xilinx/interface/XilEDKCoreGen.gen 
Execute         source /tools/Xilinx/Vitis_HLS/2023.2/common/technology/xilinx/ip/dds_compiler.gen 
Execute         source /tools/Xilinx/Vitis_HLS/2023.2/common/technology/xilinx/ip/xfft.gen 
Execute         source /tools/Xilinx/Vitis_HLS/2023.2/common/technology/xilinx/ip/util.gen 
Execute         source /tools/Xilinx/Vitis_HLS/2023.2/common/technology/xilinx/ip/xfir.gen 
Execute         source /tools/Xilinx/Vitis_HLS/2023.2/common/technology/xilinx/DSP48/dsp48.gen 
Execute       ap_part_info -name xcu55c-fsvh2892-2L-e -data info 
Execute       config_compile -quiet -complex-mul-dsp=0 
Command     set_part done; 1.05 sec.
Execute     create_clock -period 3.5 
INFO: [HLS 200-1510] Running: create_clock -period 3.5 
Execute       ap_set_clock -name default -period 3.5 -default=false 
INFO: [SYN 201-201] Setting up clock 'default' with a period of 3.5ns.
Execute     csim_design -argv 2 6 
INFO: [HLS 200-1510] Running: csim_design -argv 2 6 
INFO-FLOW: Running SLX 'csim' proc: ::SLX::run_csim
INFO: [SIM 211-2] *************** CSIM start ***************
INFO: [SIM 211-4] CSIM will launch GCC as the compiler.
Execute       send_msg_by_id INFO @200-2036@%s debug 
INFO: [HLS 200-2036] Building debug C Simulation binaries
Execute       ap_part_info -name xcu55c-fsvh2892-2L-e -data info 
Execute       source run_sim.tcl 
INFO: [SIM 211-1] CSim done with 0 errors.
INFO: [SIM 211-3] *************** CSIM finish ***************
Command     csim_design done; 2.38 sec.
INFO: [HLS 200-111] Finished Command csim_design CPU user time: 1.92 seconds. CPU system time: 0.46 seconds. Elapsed time: 2.38 seconds; current allocated memory: 0.000 MB.
Execute     cleanup_all 
