

================================================================
== Synthesis Summary Report of 'func'
================================================================
+ General Information: 
    * Date:           Mon Mar  3 09:08:26 2025
    * Version:        2023.2 (Build 4023990 on Oct 11 2023)
    * Project:        proj
    * Solution:       solution (Vitis Kernel Flow Target)
    * Product family: virtexuplusHBM
    * Target device:  xcu55c-fsvh2892-2L-e
    

+ Performance & Resource Estimates: 
    
    PS: '+' for module; 'o' for loop; '*' for dataflow
    +----------------------+--------+-------+---------+--------+----------+---------+------+----------+---------+---------+------------+------------+-----+
    |        Modules       |  Issue |       | Latency | Latency| Iteration|         | Trip |          |         |         |            |            |     |
    |        & Loops       |  Type  | Slack | (cycles)|  (ns)  |  Latency | Interval| Count| Pipelined|  BRAM   |   DSP   |     FF     |     LUT    | URAM|
    +----------------------+--------+-------+---------+--------+----------+---------+------+----------+---------+---------+------------+------------+-----+
    |+ func                |  Timing|  -0.01|        -|       -|         -|        -|     -|        no|  2 (~0%)|  1 (~0%)|  2127 (~0%)|  3115 (~0%)|    -|
    | o VITIS_LOOP_8_1     |       -|   2.55|        -|       -|         -|        -|     -|        no|        -|        -|           -|           -|    -|
    |  o VITIS_LOOP_9_2    |       -|   2.55|        -|       -|         -|        -|     -|        no|        -|        -|           -|           -|    -|
    |   o VITIS_LOOP_12_3  |       -|   2.55|        -|       -|        78|        -|     -|        no|        -|        -|           -|           -|    -|
    +----------------------+--------+-------+---------+--------+----------+---------+------+----------+---------+---------+------------+------------+-----+


================================================================
== HW Interfaces
================================================================
* M_AXI
+------------+------------+---------------+---------+--------+----------+-----------+--------------+--------------+-------------+-------------+-------------------+
| Interface  | Data Width | Address Width | Latency | Offset | Register | Max Widen | Max Read     | Max Write    | Num Read    | Num Write   | Resource Estimate |
|            | (SW->HW)   |               |         |        |          | Bitwidth  | Burst Length | Burst Length | Outstanding | Outstanding |                   |
+------------+------------+---------------+---------+--------+----------+-----------+--------------+--------------+-------------+-------------+-------------------+
| m_axi_gmem | 16 -> 32   | 64            | 64      | slave  | 0        | 512       | 16           | 16           | 16          | 16          | BRAM=2            |
+------------+------------+---------------+---------+--------+----------+-----------+--------------+--------------+-------------+-------------+-------------------+

* S_AXILITE Interfaces
+---------------+------------+---------------+--------+----------+
| Interface     | Data Width | Address Width | Offset | Register |
+---------------+------------+---------------+--------+----------+
| s_axi_control | 32         | 7             | 16     | 0        |
+---------------+------------+---------------+--------+----------+

* S_AXILITE Registers
+---------------+----------+--------+-------+--------+----------------------------------+------------------------------------------------------------------------------------+
| Interface     | Register | Offset | Width | Access | Description                      | Bit Fields                                                                         |
+---------------+----------+--------+-------+--------+----------------------------------+------------------------------------------------------------------------------------+
| s_axi_control | CTRL     | 0x00   | 32    | RW     | Control signals                  | 0=AP_START 1=AP_DONE 2=AP_IDLE 3=AP_READY 4=AP_CONTINUE 7=AUTO_RESTART 9=INTERRUPT |
| s_axi_control | GIER     | 0x04   | 32    | RW     | Global Interrupt Enable Register | 0=Enable                                                                           |
| s_axi_control | IP_IER   | 0x08   | 32    | RW     | IP Interrupt Enable Register     | 0=CHAN0_INT_EN 1=CHAN1_INT_EN                                                      |
| s_axi_control | IP_ISR   | 0x0c   | 32    | RW     | IP Interrupt Status Register     | 0=CHAN0_INT_ST 1=CHAN1_INT_ST                                                      |
| s_axi_control | M        | 0x10   | 32    | W      | Data signal of M                 |                                                                                    |
| s_axi_control | K        | 0x18   | 32    | W      | Data signal of K                 |                                                                                    |
| s_axi_control | N        | 0x20   | 32    | W      | Data signal of N                 |                                                                                    |
| s_axi_control | x_1      | 0x28   | 32    | W      | Data signal of x                 |                                                                                    |
| s_axi_control | x_2      | 0x2c   | 32    | W      | Data signal of x                 |                                                                                    |
| s_axi_control | y_1      | 0x34   | 32    | W      | Data signal of y                 |                                                                                    |
| s_axi_control | y_2      | 0x38   | 32    | W      | Data signal of y                 |                                                                                    |
| s_axi_control | z_1      | 0x40   | 32    | W      | Data signal of z                 |                                                                                    |
| s_axi_control | z_2      | 0x44   | 32    | W      | Data signal of z                 |                                                                                    |
+---------------+----------+--------+-------+--------+----------------------------------+------------------------------------------------------------------------------------+

* TOP LEVEL CONTROL
+-----------+---------------+-----------+
| Interface | Type          | Ports     |
+-----------+---------------+-----------+
| ap_clk    | clock         | ap_clk    |
| ap_rst_n  | reset         | ap_rst_n  |
| interrupt | interrupt     | interrupt |
| ap_ctrl   | ap_ctrl_chain |           |
+-----------+---------------+-----------+


================================================================
== SW I/O Information
================================================================
* Top Function Arguments
+----------+-----------+--------------------+
| Argument | Direction | Datatype           |
+----------+-----------+--------------------+
| M        | in        | unsigned int       |
| K        | in        | unsigned int       |
| N        | in        | unsigned int       |
| x        | inout     | ap_int<16> const * |
| y        | inout     | ap_int<16> const * |
| z        | inout     | ap_int<32>*        |
+----------+-----------+--------------------+

* SW-to-HW Mapping
+----------+---------------+-----------+----------+-------------------------------+
| Argument | HW Interface  | HW Type   | HW Usage | HW Info                       |
+----------+---------------+-----------+----------+-------------------------------+
| M        | s_axi_control | register  |          | name=M offset=0x10 range=32   |
| K        | s_axi_control | register  |          | name=K offset=0x18 range=32   |
| N        | s_axi_control | register  |          | name=N offset=0x20 range=32   |
| x        | m_axi_gmem    | interface |          |                               |
| x        | s_axi_control | register  | offset   | name=x_1 offset=0x28 range=32 |
| x        | s_axi_control | register  | offset   | name=x_2 offset=0x2c range=32 |
| y        | m_axi_gmem    | interface |          |                               |
| y        | s_axi_control | register  | offset   | name=y_1 offset=0x34 range=32 |
| y        | s_axi_control | register  | offset   | name=y_2 offset=0x38 range=32 |
| z        | m_axi_gmem    | interface |          |                               |
| z        | s_axi_control | register  | offset   | name=z_1 offset=0x40 range=32 |
| z        | s_axi_control | register  | offset   | name=z_2 offset=0x44 range=32 |
+----------+---------------+-----------+----------+-------------------------------+


================================================================
== M_AXI Burst Information
================================================================
 Note: All burst requests might be further partitioned into multiple requests during RTL generation based on max_read_burst_length or max_write_burst_length settings.

* Inferred Burst Summary
+--------------+-----------+----------+-------+----------------+------------------+
| HW Interface | Direction | Length   | Width | Loop           | Loop Location    |
+--------------+-----------+----------+-------+----------------+------------------+
| m_axi_gmem   | write     | variable | 32    | VITIS_LOOP_9_2 | src/func.cc:9:25 |
+--------------+-----------+----------+-------+----------------+------------------+

* All M_AXI Variable Accesses
+--------------+----------+-------------------+-----------+--------------+----------+-----------------+-------------------+------------+------------------------------------------------------------------------------------+
| HW Interface | Variable | Access Location   | Direction | Burst Status | Length   | Loop            | Loop Location     | Resolution | Problem                                                                            |
+--------------+----------+-------------------+-----------+--------------+----------+-----------------+-------------------+------------+------------------------------------------------------------------------------------+
| m_axi_gmem   | x        | src/func.cc:13:32 | read      | Widen Fail   |          | VITIS_LOOP_12_3 | src/func.cc:12:30 | 214-307    | Could not widen since type i16 size is greater than or equal to alignment 2(bytes) |
| m_axi_gmem   | x        | src/func.cc:13:32 | read      | Fail         |          | VITIS_LOOP_9_2  | src/func.cc:9:25  | 214-229    | Could not analyze pattern                                                          |
| m_axi_gmem   | y        | src/func.cc:13:32 | read      | Fail         |          | VITIS_LOOP_12_3 | src/func.cc:12:30 | 214-230    | Stride is incompatible                                                             |
| m_axi_gmem   | x        | src/func.cc:13:32 | read      | Inferred     | variable | VITIS_LOOP_12_3 | src/func.cc:12:30 |            |                                                                                    |
| m_axi_gmem   | z        | src/func.cc:15:22 | write     | Widen Fail   |          | VITIS_LOOP_9_2  | src/func.cc:9:25  | 214-307    | Could not widen since type i32 size is greater than or equal to alignment 4(bytes) |
| m_axi_gmem   | z        | src/func.cc:15:22 | write     | Fail         |          | VITIS_LOOP_8_1  | src/func.cc:8:18  | 214-230    | Stride is incompatible                                                             |
| m_axi_gmem   | z        | src/func.cc:15:22 | write     | Inferred     | variable | VITIS_LOOP_9_2  | src/func.cc:9:25  |            |                                                                                    |
+--------------+----------+-------------------+-----------+--------------+----------+-----------------+-------------------+------------+------------------------------------------------------------------------------------+

    * Resolution URL: docs.xilinx.com/access/sources/dita/topic?Doc_Version=2023.2%20English&url=ug1448-hls-guidance&resourceid=XXX-YYY.html (replace XXX-YYY with column value)

================================================================
== Bind Op Report
================================================================
+-------------------------------------+-----+--------+------------+-----+-----------+---------+
| Name                                | DSP | Pragma | Variable   | Op  | Impl      | Latency |
+-------------------------------------+-----+--------+------------+-----+-----------+---------+
| + func                              | 1   |        |            |     |           |         |
|   add_ln8_1_fu_266_p2               |     |        | add_ln8_1  | add | fabric    | 0       |
|   add_ln8_2_fu_271_p2               |     |        | add_ln8_2  | add | fabric    | 0       |
|   add_ln8_fu_281_p2                 |     |        | add_ln8    | add | fabric    | 0       |
|   empty_fu_299_p2                   |     |        | empty      | add | fabric    | 0       |
|   add_ln9_fu_340_p2                 |     |        | add_ln9    | add | fabric    | 0       |
|   add_ln12_fu_363_p2                |     |        | add_ln12   | add | fabric    | 0       |
|   add_ln13_4_fu_369_p2              |     |        | add_ln13_4 | add | fabric    | 0       |
|   add_ln13_fu_374_p2                |     |        | add_ln13   | add | fabric    | 0       |
|   add_ln13_2_fu_438_p2              |     |        | add_ln13_2 | add | fabric    | 0       |
|   mac_muladd_16s_16s_32ns_32_4_1_U1 | 1   |        | mul_ln13   | mul | dsp_slice | 3       |
|   mac_muladd_16s_16s_32ns_32_4_1_U1 | 1   |        | sum_1      | add | dsp_slice | 3       |
+-------------------------------------+-----+--------+------------+-----+-----------+---------+


================================================================
== Storage Report
================================================================
+-------------------+-----------+-----------+------+------+--------+----------+------+---------+------------------+
| Name              | Usage     | Type      | BRAM | URAM | Pragma | Variable | Impl | Latency | Bitwidth, Depth, |
|                   |           |           |      |      |        |          |      |         | Banks            |
+-------------------+-----------+-----------+------+------+--------+----------+------+---------+------------------+
| + func            |           |           | 2    | 0    |        |          |      |         |                  |
|   control_s_axi_U | interface | s_axilite |      |      |        |          |      |         |                  |
|   gmem_m_axi_U    | interface | m_axi     | 2    |      |        |          |      |         |                  |
+-------------------+-----------+-----------+------+------+--------+----------+------+---------+------------------+


================================================================
== Pragma Report
================================================================
* Valid Pragma Syntax
+-----------+--------------------------------------------+--------------------------+
| Type      | Options                                    | Location                 |
+-----------+--------------------------------------------+--------------------------+
| interface | mode=m_axi port=x offset=slave bundle=gmem | src/func.cc:4 in func, x |
| interface | mode=m_axi port=y offset=slave bundle=gmem | src/func.cc:5 in func, y |
| interface | mode=m_axi port=z offset=slave bundle=gmem | src/func.cc:6 in func, z |
| pipeline  |                                            | src/func.cc:10 in func   |
+-----------+--------------------------------------------+--------------------------+


